22:28:18.734 [TestNG-tests-2] INFO  org.UnDosTres.test.PaymentDetailPageTest - Currently executing PaymentDetail Test cases, Initializing browser Edge
22:28:25.440 [TestNG-tests-1] INFO  UnDosTres - Browser->chrome has been opened successfully
22:28:25.441 [TestNG-tests-1] INFO  org.UnDosTres.test.HomePageTest - Browser Chrome moving to open url
22:28:25.444 [TestNG-tests-2] INFO  UnDosTres - Browser->edge has been opened successfully
22:28:33.954 [TestNG-tests-1] INFO  org.UnDosTres.test.HomePageTest - Url-->>http://prueba.undostres.com.mx has been opened successfully
22:28:33.959 [TestNG-tests-1] INFO  org.UnDosTres.test.HomePageTest - Initiated HomePage Class
22:28:33.969 [TestNG-tests-1] INFO  UnDosTres - ChromeBrowser Start Execution of test case ->validateHomePageIsGettingOpen
22:28:36.057 [TestNG-tests-1] INFO  UnDosTres - Test Case validateHomePageIsGettingOpen has been passed
22:28:36.061 [TestNG-tests-1] INFO  UnDosTres - ChromeBrowser Start Execution of test case ->validateRecargaCelularIsShown
22:28:36.061 [TestNG-tests-1] INFO  UnDosTres - Getting text Recarga Celular
22:28:36.066 [TestNG-tests-2] ERROR UnDosTres - Unable to select operator-> Telcel
java.lang.NullPointerException: null
	at org.UnDosTres.pages.HomePage.setOperator(HomePage.java:67) ~[classes/:?]
	at org.UnDosTres.pages.HomePage.enterRechargeDetailsAndClickSubmit(HomePage.java:141) ~[classes/:?]
	at org.UnDosTres.test.PaymentDetailPageTest.setUp(PaymentDetailPageTest.java:70) ~[test-classes/:?]
	at sun.reflect.NativeMethodAccessorImpl.invoke0(Native Method) ~[?:1.8.0_261]
	at sun.reflect.NativeMethodAccessorImpl.invoke(NativeMethodAccessorImpl.java:62) ~[?:1.8.0_261]
	at sun.reflect.DelegatingMethodAccessorImpl.invoke(DelegatingMethodAccessorImpl.java:43) ~[?:1.8.0_261]
	at java.lang.reflect.Method.invoke(Method.java:498) ~[?:1.8.0_261]
	at org.testng.internal.MethodInvocationHelper.invokeMethod(MethodInvocationHelper.java:134) ~[testng-7.1.0.jar:?]
	at org.testng.internal.MethodInvocationHelper.invokeMethodConsideringTimeout(MethodInvocationHelper.java:63) ~[testng-7.1.0.jar:?]
	at org.testng.internal.ConfigInvoker.invokeConfigurationMethod(ConfigInvoker.java:348) ~[testng-7.1.0.jar:?]
	at org.testng.internal.ConfigInvoker.invokeConfigurations(ConfigInvoker.java:302) ~[testng-7.1.0.jar:?]
	at org.testng.internal.TestMethodWorker.invokeBeforeClassMethods(TestMethodWorker.java:176) ~[testng-7.1.0.jar:?]
	at org.testng.internal.TestMethodWorker.run(TestMethodWorker.java:122) ~[testng-7.1.0.jar:?]
	at java.util.ArrayList.forEach(ArrayList.java:1259) ~[?:1.8.0_261]
	at org.testng.TestRunner.privateRun(TestRunner.java:766) ~[testng-7.1.0.jar:?]
	at org.testng.TestRunner.run(TestRunner.java:587) ~[testng-7.1.0.jar:?]
	at org.testng.SuiteRunner.runTest(SuiteRunner.java:384) ~[testng-7.1.0.jar:?]
	at org.testng.SuiteRunner.access$000(SuiteRunner.java:28) ~[testng-7.1.0.jar:?]
	at org.testng.SuiteRunner$SuiteWorker.run(SuiteRunner.java:425) ~[testng-7.1.0.jar:?]
	at org.testng.internal.thread.ThreadUtil.lambda$execute$0(ThreadUtil.java:68) ~[testng-7.1.0.jar:?]
	at java.util.concurrent.FutureTask.run(FutureTask.java:266) [?:1.8.0_261]
	at java.util.concurrent.ThreadPoolExecutor.runWorker(ThreadPoolExecutor.java:1149) [?:1.8.0_261]
	at java.util.concurrent.ThreadPoolExecutor$Worker.run(ThreadPoolExecutor.java:624) [?:1.8.0_261]
	at java.lang.Thread.run(Thread.java:748) [?:1.8.0_261]
22:28:36.089 [TestNG-tests-1] INFO  UnDosTres - Going to take screenshot for test case->validateRecargaCelularIsShown
22:28:36.089 [TestNG-tests-1] INFO  UnDosTres - Screenshot has been taken
22:28:36.093 [TestNG-tests-2] ERROR UnDosTres - Unable to enter mobile number
java.lang.NullPointerException: null
	at org.UnDosTres.pages.HomePage.setMobileNumber(HomePage.java:84) ~[classes/:?]
	at org.UnDosTres.pages.HomePage.enterRechargeDetailsAndClickSubmit(HomePage.java:142) ~[classes/:?]
	at org.UnDosTres.test.PaymentDetailPageTest.setUp(PaymentDetailPageTest.java:70) ~[test-classes/:?]
	at sun.reflect.NativeMethodAccessorImpl.invoke0(Native Method) ~[?:1.8.0_261]
	at sun.reflect.NativeMethodAccessorImpl.invoke(NativeMethodAccessorImpl.java:62) ~[?:1.8.0_261]
	at sun.reflect.DelegatingMethodAccessorImpl.invoke(DelegatingMethodAccessorImpl.java:43) ~[?:1.8.0_261]
	at java.lang.reflect.Method.invoke(Method.java:498) ~[?:1.8.0_261]
	at org.testng.internal.MethodInvocationHelper.invokeMethod(MethodInvocationHelper.java:134) ~[testng-7.1.0.jar:?]
	at org.testng.internal.MethodInvocationHelper.invokeMethodConsideringTimeout(MethodInvocationHelper.java:63) ~[testng-7.1.0.jar:?]
	at org.testng.internal.ConfigInvoker.invokeConfigurationMethod(ConfigInvoker.java:348) ~[testng-7.1.0.jar:?]
	at org.testng.internal.ConfigInvoker.invokeConfigurations(ConfigInvoker.java:302) ~[testng-7.1.0.jar:?]
	at org.testng.internal.TestMethodWorker.invokeBeforeClassMethods(TestMethodWorker.java:176) ~[testng-7.1.0.jar:?]
	at org.testng.internal.TestMethodWorker.run(TestMethodWorker.java:122) ~[testng-7.1.0.jar:?]
	at java.util.ArrayList.forEach(ArrayList.java:1259) ~[?:1.8.0_261]
	at org.testng.TestRunner.privateRun(TestRunner.java:766) ~[testng-7.1.0.jar:?]
	at org.testng.TestRunner.run(TestRunner.java:587) ~[testng-7.1.0.jar:?]
	at org.testng.SuiteRunner.runTest(SuiteRunner.java:384) ~[testng-7.1.0.jar:?]
	at org.testng.SuiteRunner.access$000(SuiteRunner.java:28) ~[testng-7.1.0.jar:?]
	at org.testng.SuiteRunner$SuiteWorker.run(SuiteRunner.java:425) ~[testng-7.1.0.jar:?]
	at org.testng.internal.thread.ThreadUtil.lambda$execute$0(ThreadUtil.java:68) ~[testng-7.1.0.jar:?]
	at java.util.concurrent.FutureTask.run(FutureTask.java:266) [?:1.8.0_261]
	at java.util.concurrent.ThreadPoolExecutor.runWorker(ThreadPoolExecutor.java:1149) [?:1.8.0_261]
	at java.util.concurrent.ThreadPoolExecutor$Worker.run(ThreadPoolExecutor.java:624) [?:1.8.0_261]
	at java.lang.Thread.run(Thread.java:748) [?:1.8.0_261]
22:28:36.729 [TestNG-tests-2] INFO  UnDosTres - nullBrowser Start Execution of test case ->validatePaymentHasBeenCompletedThroughCard
22:28:36.730 [TestNG-tests-2] INFO  UnDosTres - nullBrowser Start Execution of test case ->validatePaymentPageUrlIsGettingOpen
22:28:36.731 [TestNG-tests-2] INFO  UnDosTres - nullBrowser Start Execution of test case ->validateSummaryOnPageIsCorrectlyDisplay
22:28:36.733 [TestNG-tests-2] INFO  UnDosTres - nullBrowser Start Execution of test case ->validatePaymentHasBeenCompletedThroughCard
22:28:36.734 [TestNG-tests-2] INFO  UnDosTres - nullBrowser Start Execution of test case ->validatePaymentPageUrlIsGettingOpen
22:28:36.735 [TestNG-tests-2] INFO  UnDosTres - nullBrowser Start Execution of test case ->validateSummaryOnPageIsCorrectlyDisplay
22:28:36.736 [TestNG-tests-2] INFO  UnDosTres - nullBrowser Start Execution of test case ->validatePaymentHasBeenCompletedThroughCard
22:28:36.737 [TestNG-tests-2] INFO  UnDosTres - nullBrowser Start Execution of test case ->validatePaymentPageUrlIsGettingOpen
22:28:36.738 [TestNG-tests-2] INFO  UnDosTres - nullBrowser Start Execution of test case ->validateSummaryOnPageIsCorrectlyDisplay
22:28:36.770 [TestNG-tests-1] INFO  UnDosTres - Screenshot has been stored in screenshot folder
22:28:36.773 [TestNG-tests-1] INFO  UnDosTres - ChromeBrowser Start Execution of test case ->validateUserIsAbleToSubmitDetails
22:28:36.785 [TestNG-tests-1] ERROR UnDosTres - Unable to select operator-> Telcel
java.lang.NullPointerException: null
	at org.UnDosTres.pages.HomePage.setOperator(HomePage.java:67) ~[classes/:?]
	at org.UnDosTres.pages.HomePage.enterRechargeDetailsAndClickSubmit(HomePage.java:141) ~[classes/:?]
	at org.UnDosTres.test.HomePageTest.validateUserIsAbleToSubmitDetails(HomePageTest.java:96) ~[test-classes/:?]
	at sun.reflect.NativeMethodAccessorImpl.invoke0(Native Method) ~[?:1.8.0_261]
	at sun.reflect.NativeMethodAccessorImpl.invoke(NativeMethodAccessorImpl.java:62) ~[?:1.8.0_261]
	at sun.reflect.DelegatingMethodAccessorImpl.invoke(DelegatingMethodAccessorImpl.java:43) ~[?:1.8.0_261]
	at java.lang.reflect.Method.invoke(Method.java:498) ~[?:1.8.0_261]
	at org.testng.internal.MethodInvocationHelper.invokeMethod(MethodInvocationHelper.java:134) ~[testng-7.1.0.jar:?]
	at org.testng.internal.TestInvoker.invokeMethod(TestInvoker.java:597) ~[testng-7.1.0.jar:?]
	at org.testng.internal.TestInvoker.invokeTestMethod(TestInvoker.java:173) ~[testng-7.1.0.jar:?]
	at org.testng.internal.MethodRunner.runInSequence(MethodRunner.java:46) ~[testng-7.1.0.jar:?]
	at org.testng.internal.TestInvoker$MethodInvocationAgent.invoke(TestInvoker.java:816) ~[testng-7.1.0.jar:?]
	at org.testng.internal.TestInvoker.invokeTestMethods(TestInvoker.java:146) ~[testng-7.1.0.jar:?]
	at org.testng.internal.TestMethodWorker.invokeTestMethods(TestMethodWorker.java:146) ~[testng-7.1.0.jar:?]
	at org.testng.internal.TestMethodWorker.run(TestMethodWorker.java:128) ~[testng-7.1.0.jar:?]
	at java.util.ArrayList.forEach(ArrayList.java:1259) ~[?:1.8.0_261]
	at org.testng.TestRunner.privateRun(TestRunner.java:766) ~[testng-7.1.0.jar:?]
	at org.testng.TestRunner.run(TestRunner.java:587) ~[testng-7.1.0.jar:?]
	at org.testng.SuiteRunner.runTest(SuiteRunner.java:384) ~[testng-7.1.0.jar:?]
	at org.testng.SuiteRunner.access$000(SuiteRunner.java:28) ~[testng-7.1.0.jar:?]
	at org.testng.SuiteRunner$SuiteWorker.run(SuiteRunner.java:425) ~[testng-7.1.0.jar:?]
	at org.testng.internal.thread.ThreadUtil.lambda$execute$0(ThreadUtil.java:68) ~[testng-7.1.0.jar:?]
	at java.util.concurrent.FutureTask.run(FutureTask.java:266) [?:1.8.0_261]
	at java.util.concurrent.ThreadPoolExecutor.runWorker(ThreadPoolExecutor.java:1149) [?:1.8.0_261]
	at java.util.concurrent.ThreadPoolExecutor$Worker.run(ThreadPoolExecutor.java:624) [?:1.8.0_261]
	at java.lang.Thread.run(Thread.java:748) [?:1.8.0_261]
22:28:36.797 [TestNG-tests-1] ERROR UnDosTres - Unable to enter mobile number
java.lang.NullPointerException: null
	at org.UnDosTres.pages.HomePage.setMobileNumber(HomePage.java:84) ~[classes/:?]
	at org.UnDosTres.pages.HomePage.enterRechargeDetailsAndClickSubmit(HomePage.java:142) ~[classes/:?]
	at org.UnDosTres.test.HomePageTest.validateUserIsAbleToSubmitDetails(HomePageTest.java:96) ~[test-classes/:?]
	at sun.reflect.NativeMethodAccessorImpl.invoke0(Native Method) ~[?:1.8.0_261]
	at sun.reflect.NativeMethodAccessorImpl.invoke(NativeMethodAccessorImpl.java:62) ~[?:1.8.0_261]
	at sun.reflect.DelegatingMethodAccessorImpl.invoke(DelegatingMethodAccessorImpl.java:43) ~[?:1.8.0_261]
	at java.lang.reflect.Method.invoke(Method.java:498) ~[?:1.8.0_261]
	at org.testng.internal.MethodInvocationHelper.invokeMethod(MethodInvocationHelper.java:134) ~[testng-7.1.0.jar:?]
	at org.testng.internal.TestInvoker.invokeMethod(TestInvoker.java:597) ~[testng-7.1.0.jar:?]
	at org.testng.internal.TestInvoker.invokeTestMethod(TestInvoker.java:173) ~[testng-7.1.0.jar:?]
	at org.testng.internal.MethodRunner.runInSequence(MethodRunner.java:46) ~[testng-7.1.0.jar:?]
	at org.testng.internal.TestInvoker$MethodInvocationAgent.invoke(TestInvoker.java:816) ~[testng-7.1.0.jar:?]
	at org.testng.internal.TestInvoker.invokeTestMethods(TestInvoker.java:146) ~[testng-7.1.0.jar:?]
	at org.testng.internal.TestMethodWorker.invokeTestMethods(TestMethodWorker.java:146) ~[testng-7.1.0.jar:?]
	at org.testng.internal.TestMethodWorker.run(TestMethodWorker.java:128) ~[testng-7.1.0.jar:?]
	at java.util.ArrayList.forEach(ArrayList.java:1259) ~[?:1.8.0_261]
	at org.testng.TestRunner.privateRun(TestRunner.java:766) ~[testng-7.1.0.jar:?]
	at org.testng.TestRunner.run(TestRunner.java:587) ~[testng-7.1.0.jar:?]
	at org.testng.SuiteRunner.runTest(SuiteRunner.java:384) ~[testng-7.1.0.jar:?]
	at org.testng.SuiteRunner.access$000(SuiteRunner.java:28) ~[testng-7.1.0.jar:?]
	at org.testng.SuiteRunner$SuiteWorker.run(SuiteRunner.java:425) ~[testng-7.1.0.jar:?]
	at org.testng.internal.thread.ThreadUtil.lambda$execute$0(ThreadUtil.java:68) ~[testng-7.1.0.jar:?]
	at java.util.concurrent.FutureTask.run(FutureTask.java:266) [?:1.8.0_261]
	at java.util.concurrent.ThreadPoolExecutor.runWorker(ThreadPoolExecutor.java:1149) [?:1.8.0_261]
	at java.util.concurrent.ThreadPoolExecutor$Worker.run(ThreadPoolExecutor.java:624) [?:1.8.0_261]
	at java.lang.Thread.run(Thread.java:748) [?:1.8.0_261]
22:28:36.860 [TestNG-tests-1] INFO  UnDosTres - Going to take screenshot for test case->validateUserIsAbleToSubmitDetails
22:28:36.860 [TestNG-tests-1] INFO  UnDosTres - Screenshot has been taken
22:28:37.281 [TestNG-tests-1] INFO  UnDosTres - Screenshot has been stored in screenshot folder
22:28:42.792 [TestNG-tests-1] INFO  UnDosTres - Browser->firefox has been opened successfully
22:28:42.793 [TestNG-tests-1] INFO  org.UnDosTres.test.HomePageTest - Browser FireFox moving to open url
22:28:56.585 [TestNG-tests-1] INFO  org.UnDosTres.test.HomePageTest - Url-->>http://prueba.undostres.com.mx has been opened successfully
22:28:56.586 [TestNG-tests-1] INFO  org.UnDosTres.test.HomePageTest - Initiated HomePage Class
22:28:56.586 [TestNG-tests-1] INFO  UnDosTres - FireFoxBrowser Start Execution of test case ->validateHomePageIsGettingOpen
22:28:56.591 [TestNG-tests-1] INFO  UnDosTres - Test Case validateHomePageIsGettingOpen has been passed
22:28:56.592 [TestNG-tests-1] INFO  UnDosTres - FireFoxBrowser Start Execution of test case ->validateRecargaCelularIsShown
22:28:56.593 [TestNG-tests-1] INFO  UnDosTres - Getting text Recarga Celular
22:28:56.607 [TestNG-tests-1] INFO  UnDosTres - Going to take screenshot for test case->validateRecargaCelularIsShown
22:28:56.607 [TestNG-tests-1] INFO  UnDosTres - Screenshot has been taken
22:28:56.816 [TestNG-tests-1] INFO  UnDosTres - Screenshot has been stored in screenshot folder
22:28:56.818 [TestNG-tests-1] INFO  UnDosTres - FireFoxBrowser Start Execution of test case ->validateUserIsAbleToSubmitDetails
22:28:56.826 [TestNG-tests-1] ERROR UnDosTres - Unable to select operator-> Telcel
java.lang.NullPointerException: null
	at org.UnDosTres.pages.HomePage.setOperator(HomePage.java:67) ~[classes/:?]
	at org.UnDosTres.pages.HomePage.enterRechargeDetailsAndClickSubmit(HomePage.java:141) ~[classes/:?]
	at org.UnDosTres.test.HomePageTest.validateUserIsAbleToSubmitDetails(HomePageTest.java:96) ~[test-classes/:?]
	at sun.reflect.NativeMethodAccessorImpl.invoke0(Native Method) ~[?:1.8.0_261]
	at sun.reflect.NativeMethodAccessorImpl.invoke(NativeMethodAccessorImpl.java:62) ~[?:1.8.0_261]
	at sun.reflect.DelegatingMethodAccessorImpl.invoke(DelegatingMethodAccessorImpl.java:43) ~[?:1.8.0_261]
	at java.lang.reflect.Method.invoke(Method.java:498) ~[?:1.8.0_261]
	at org.testng.internal.MethodInvocationHelper.invokeMethod(MethodInvocationHelper.java:134) ~[testng-7.1.0.jar:?]
	at org.testng.internal.TestInvoker.invokeMethod(TestInvoker.java:597) ~[testng-7.1.0.jar:?]
	at org.testng.internal.TestInvoker.invokeTestMethod(TestInvoker.java:173) ~[testng-7.1.0.jar:?]
	at org.testng.internal.MethodRunner.runInSequence(MethodRunner.java:46) ~[testng-7.1.0.jar:?]
	at org.testng.internal.TestInvoker$MethodInvocationAgent.invoke(TestInvoker.java:816) ~[testng-7.1.0.jar:?]
	at org.testng.internal.TestInvoker.invokeTestMethods(TestInvoker.java:146) ~[testng-7.1.0.jar:?]
	at org.testng.internal.TestMethodWorker.invokeTestMethods(TestMethodWorker.java:146) ~[testng-7.1.0.jar:?]
	at org.testng.internal.TestMethodWorker.run(TestMethodWorker.java:128) ~[testng-7.1.0.jar:?]
	at java.util.ArrayList.forEach(ArrayList.java:1259) ~[?:1.8.0_261]
	at org.testng.TestRunner.privateRun(TestRunner.java:766) ~[testng-7.1.0.jar:?]
	at org.testng.TestRunner.run(TestRunner.java:587) ~[testng-7.1.0.jar:?]
	at org.testng.SuiteRunner.runTest(SuiteRunner.java:384) ~[testng-7.1.0.jar:?]
	at org.testng.SuiteRunner.access$000(SuiteRunner.java:28) ~[testng-7.1.0.jar:?]
	at org.testng.SuiteRunner$SuiteWorker.run(SuiteRunner.java:425) ~[testng-7.1.0.jar:?]
	at org.testng.internal.thread.ThreadUtil.lambda$execute$0(ThreadUtil.java:68) ~[testng-7.1.0.jar:?]
	at java.util.concurrent.FutureTask.run(FutureTask.java:266) [?:1.8.0_261]
	at java.util.concurrent.ThreadPoolExecutor.runWorker(ThreadPoolExecutor.java:1149) [?:1.8.0_261]
	at java.util.concurrent.ThreadPoolExecutor$Worker.run(ThreadPoolExecutor.java:624) [?:1.8.0_261]
	at java.lang.Thread.run(Thread.java:748) [?:1.8.0_261]
22:28:56.835 [TestNG-tests-1] ERROR UnDosTres - Unable to enter mobile number
java.lang.NullPointerException: null
	at org.UnDosTres.pages.HomePage.setMobileNumber(HomePage.java:84) ~[classes/:?]
	at org.UnDosTres.pages.HomePage.enterRechargeDetailsAndClickSubmit(HomePage.java:142) ~[classes/:?]
	at org.UnDosTres.test.HomePageTest.validateUserIsAbleToSubmitDetails(HomePageTest.java:96) ~[test-classes/:?]
	at sun.reflect.NativeMethodAccessorImpl.invoke0(Native Method) ~[?:1.8.0_261]
	at sun.reflect.NativeMethodAccessorImpl.invoke(NativeMethodAccessorImpl.java:62) ~[?:1.8.0_261]
	at sun.reflect.DelegatingMethodAccessorImpl.invoke(DelegatingMethodAccessorImpl.java:43) ~[?:1.8.0_261]
	at java.lang.reflect.Method.invoke(Method.java:498) ~[?:1.8.0_261]
	at org.testng.internal.MethodInvocationHelper.invokeMethod(MethodInvocationHelper.java:134) ~[testng-7.1.0.jar:?]
	at org.testng.internal.TestInvoker.invokeMethod(TestInvoker.java:597) ~[testng-7.1.0.jar:?]
	at org.testng.internal.TestInvoker.invokeTestMethod(TestInvoker.java:173) ~[testng-7.1.0.jar:?]
	at org.testng.internal.MethodRunner.runInSequence(MethodRunner.java:46) ~[testng-7.1.0.jar:?]
	at org.testng.internal.TestInvoker$MethodInvocationAgent.invoke(TestInvoker.java:816) ~[testng-7.1.0.jar:?]
	at org.testng.internal.TestInvoker.invokeTestMethods(TestInvoker.java:146) ~[testng-7.1.0.jar:?]
	at org.testng.internal.TestMethodWorker.invokeTestMethods(TestMethodWorker.java:146) ~[testng-7.1.0.jar:?]
	at org.testng.internal.TestMethodWorker.run(TestMethodWorker.java:128) ~[testng-7.1.0.jar:?]
	at java.util.ArrayList.forEach(ArrayList.java:1259) ~[?:1.8.0_261]
	at org.testng.TestRunner.privateRun(TestRunner.java:766) ~[testng-7.1.0.jar:?]
	at org.testng.TestRunner.run(TestRunner.java:587) ~[testng-7.1.0.jar:?]
	at org.testng.SuiteRunner.runTest(SuiteRunner.java:384) ~[testng-7.1.0.jar:?]
	at org.testng.SuiteRunner.access$000(SuiteRunner.java:28) ~[testng-7.1.0.jar:?]
	at org.testng.SuiteRunner$SuiteWorker.run(SuiteRunner.java:425) ~[testng-7.1.0.jar:?]
	at org.testng.internal.thread.ThreadUtil.lambda$execute$0(ThreadUtil.java:68) ~[testng-7.1.0.jar:?]
	at java.util.concurrent.FutureTask.run(FutureTask.java:266) [?:1.8.0_261]
	at java.util.concurrent.ThreadPoolExecutor.runWorker(ThreadPoolExecutor.java:1149) [?:1.8.0_261]
	at java.util.concurrent.ThreadPoolExecutor$Worker.run(ThreadPoolExecutor.java:624) [?:1.8.0_261]
	at java.lang.Thread.run(Thread.java:748) [?:1.8.0_261]
22:28:56.843 [TestNG-tests-1] INFO  UnDosTres - Going to take screenshot for test case->validateUserIsAbleToSubmitDetails
22:28:56.843 [TestNG-tests-1] INFO  UnDosTres - Screenshot has been taken
22:28:57.010 [TestNG-tests-1] INFO  UnDosTres - Screenshot has been stored in screenshot folder
22:29:49.776 [TestNG-tests-2] INFO  org.UnDosTres.test.PaymentDetailPageTest - Currently executing PaymentDetail Test cases, Initializing browser Edge
22:29:56.057 [TestNG-tests-1] INFO  UnDosTres - Browser->chrome has been opened successfully
22:29:56.059 [TestNG-tests-1] INFO  org.UnDosTres.test.HomePageTest - Browser Chrome moving to open url
22:29:56.325 [TestNG-tests-2] INFO  UnDosTres - Browser->edge has been opened successfully
22:30:11.020 [TestNG-tests-1] INFO  org.UnDosTres.test.HomePageTest - Url-->>http://prueba.undostres.com.mx has been opened successfully
22:30:11.027 [TestNG-tests-1] INFO  org.UnDosTres.test.HomePageTest - Initiated HomePage Class
22:30:11.035 [TestNG-tests-1] INFO  UnDosTres - ChromeBrowser Start Execution of test case ->validateHomePageIsGettingOpen
22:30:11.061 [TestNG-tests-1] INFO  UnDosTres - Test Case validateHomePageIsGettingOpen has been passed
22:30:11.064 [TestNG-tests-1] INFO  UnDosTres - ChromeBrowser Start Execution of test case ->validateRecargaCelularIsShown
22:30:11.064 [TestNG-tests-1] INFO  UnDosTres - Getting text Recarga Celular
22:30:11.085 [TestNG-tests-1] INFO  UnDosTres - Going to take screenshot for test case->validateRecargaCelularIsShown
22:30:11.085 [TestNG-tests-1] INFO  UnDosTres - Screenshot has been taken
22:30:11.488 [TestNG-tests-1] INFO  UnDosTres - Screenshot has been stored in screenshot folder
22:30:11.492 [TestNG-tests-1] INFO  UnDosTres - ChromeBrowser Start Execution of test case ->validateUserIsAbleToSubmitDetails
22:30:11.508 [TestNG-tests-1] ERROR UnDosTres - Unable to select operator-> Telcel
java.lang.NullPointerException: null
	at org.UnDosTres.pages.HomePage.setOperator(HomePage.java:67) ~[classes/:?]
	at org.UnDosTres.pages.HomePage.enterRechargeDetailsAndClickSubmit(HomePage.java:141) ~[classes/:?]
	at org.UnDosTres.test.HomePageTest.validateUserIsAbleToSubmitDetails(HomePageTest.java:96) ~[test-classes/:?]
	at sun.reflect.NativeMethodAccessorImpl.invoke0(Native Method) ~[?:1.8.0_261]
	at sun.reflect.NativeMethodAccessorImpl.invoke(NativeMethodAccessorImpl.java:62) ~[?:1.8.0_261]
	at sun.reflect.DelegatingMethodAccessorImpl.invoke(DelegatingMethodAccessorImpl.java:43) ~[?:1.8.0_261]
	at java.lang.reflect.Method.invoke(Method.java:498) ~[?:1.8.0_261]
	at org.testng.internal.MethodInvocationHelper.invokeMethod(MethodInvocationHelper.java:134) ~[testng-7.1.0.jar:?]
	at org.testng.internal.TestInvoker.invokeMethod(TestInvoker.java:597) ~[testng-7.1.0.jar:?]
	at org.testng.internal.TestInvoker.invokeTestMethod(TestInvoker.java:173) ~[testng-7.1.0.jar:?]
	at org.testng.internal.MethodRunner.runInSequence(MethodRunner.java:46) ~[testng-7.1.0.jar:?]
	at org.testng.internal.TestInvoker$MethodInvocationAgent.invoke(TestInvoker.java:816) ~[testng-7.1.0.jar:?]
	at org.testng.internal.TestInvoker.invokeTestMethods(TestInvoker.java:146) ~[testng-7.1.0.jar:?]
	at org.testng.internal.TestMethodWorker.invokeTestMethods(TestMethodWorker.java:146) ~[testng-7.1.0.jar:?]
	at org.testng.internal.TestMethodWorker.run(TestMethodWorker.java:128) ~[testng-7.1.0.jar:?]
	at java.util.ArrayList.forEach(ArrayList.java:1259) ~[?:1.8.0_261]
	at org.testng.TestRunner.privateRun(TestRunner.java:766) ~[testng-7.1.0.jar:?]
	at org.testng.TestRunner.run(TestRunner.java:587) ~[testng-7.1.0.jar:?]
	at org.testng.SuiteRunner.runTest(SuiteRunner.java:384) ~[testng-7.1.0.jar:?]
	at org.testng.SuiteRunner.access$000(SuiteRunner.java:28) ~[testng-7.1.0.jar:?]
	at org.testng.SuiteRunner$SuiteWorker.run(SuiteRunner.java:425) ~[testng-7.1.0.jar:?]
	at org.testng.internal.thread.ThreadUtil.lambda$execute$0(ThreadUtil.java:68) ~[testng-7.1.0.jar:?]
	at java.util.concurrent.FutureTask.run(FutureTask.java:266) [?:1.8.0_261]
	at java.util.concurrent.ThreadPoolExecutor.runWorker(ThreadPoolExecutor.java:1149) [?:1.8.0_261]
	at java.util.concurrent.ThreadPoolExecutor$Worker.run(ThreadPoolExecutor.java:624) [?:1.8.0_261]
	at java.lang.Thread.run(Thread.java:748) [?:1.8.0_261]
22:30:11.528 [TestNG-tests-1] ERROR UnDosTres - Unable to enter mobile number
java.lang.NullPointerException: null
	at org.UnDosTres.pages.HomePage.setMobileNumber(HomePage.java:84) ~[classes/:?]
	at org.UnDosTres.pages.HomePage.enterRechargeDetailsAndClickSubmit(HomePage.java:142) ~[classes/:?]
	at org.UnDosTres.test.HomePageTest.validateUserIsAbleToSubmitDetails(HomePageTest.java:96) ~[test-classes/:?]
	at sun.reflect.NativeMethodAccessorImpl.invoke0(Native Method) ~[?:1.8.0_261]
	at sun.reflect.NativeMethodAccessorImpl.invoke(NativeMethodAccessorImpl.java:62) ~[?:1.8.0_261]
	at sun.reflect.DelegatingMethodAccessorImpl.invoke(DelegatingMethodAccessorImpl.java:43) ~[?:1.8.0_261]
	at java.lang.reflect.Method.invoke(Method.java:498) ~[?:1.8.0_261]
	at org.testng.internal.MethodInvocationHelper.invokeMethod(MethodInvocationHelper.java:134) ~[testng-7.1.0.jar:?]
	at org.testng.internal.TestInvoker.invokeMethod(TestInvoker.java:597) ~[testng-7.1.0.jar:?]
	at org.testng.internal.TestInvoker.invokeTestMethod(TestInvoker.java:173) ~[testng-7.1.0.jar:?]
	at org.testng.internal.MethodRunner.runInSequence(MethodRunner.java:46) ~[testng-7.1.0.jar:?]
	at org.testng.internal.TestInvoker$MethodInvocationAgent.invoke(TestInvoker.java:816) ~[testng-7.1.0.jar:?]
	at org.testng.internal.TestInvoker.invokeTestMethods(TestInvoker.java:146) ~[testng-7.1.0.jar:?]
	at org.testng.internal.TestMethodWorker.invokeTestMethods(TestMethodWorker.java:146) ~[testng-7.1.0.jar:?]
	at org.testng.internal.TestMethodWorker.run(TestMethodWorker.java:128) ~[testng-7.1.0.jar:?]
	at java.util.ArrayList.forEach(ArrayList.java:1259) ~[?:1.8.0_261]
	at org.testng.TestRunner.privateRun(TestRunner.java:766) ~[testng-7.1.0.jar:?]
	at org.testng.TestRunner.run(TestRunner.java:587) ~[testng-7.1.0.jar:?]
	at org.testng.SuiteRunner.runTest(SuiteRunner.java:384) ~[testng-7.1.0.jar:?]
	at org.testng.SuiteRunner.access$000(SuiteRunner.java:28) ~[testng-7.1.0.jar:?]
	at org.testng.SuiteRunner$SuiteWorker.run(SuiteRunner.java:425) ~[testng-7.1.0.jar:?]
	at org.testng.internal.thread.ThreadUtil.lambda$execute$0(ThreadUtil.java:68) ~[testng-7.1.0.jar:?]
	at java.util.concurrent.FutureTask.run(FutureTask.java:266) [?:1.8.0_261]
	at java.util.concurrent.ThreadPoolExecutor.runWorker(ThreadPoolExecutor.java:1149) [?:1.8.0_261]
	at java.util.concurrent.ThreadPoolExecutor$Worker.run(ThreadPoolExecutor.java:624) [?:1.8.0_261]
	at java.lang.Thread.run(Thread.java:748) [?:1.8.0_261]
22:30:11.541 [TestNG-tests-1] INFO  UnDosTres - Going to take screenshot for test case->validateUserIsAbleToSubmitDetails
22:30:11.541 [TestNG-tests-1] INFO  UnDosTres - Screenshot has been taken
22:30:11.925 [TestNG-tests-1] INFO  UnDosTres - Screenshot has been stored in screenshot folder
22:30:14.555 [TestNG-tests-2] ERROR UnDosTres - Unable to select operator-> Telcel
java.lang.NullPointerException: null
	at org.UnDosTres.pages.HomePage.setOperator(HomePage.java:67) ~[classes/:?]
	at org.UnDosTres.pages.HomePage.enterRechargeDetailsAndClickSubmit(HomePage.java:141) ~[classes/:?]
	at org.UnDosTres.test.PaymentDetailPageTest.setUp(PaymentDetailPageTest.java:70) ~[test-classes/:?]
	at sun.reflect.NativeMethodAccessorImpl.invoke0(Native Method) ~[?:1.8.0_261]
	at sun.reflect.NativeMethodAccessorImpl.invoke(NativeMethodAccessorImpl.java:62) ~[?:1.8.0_261]
	at sun.reflect.DelegatingMethodAccessorImpl.invoke(DelegatingMethodAccessorImpl.java:43) ~[?:1.8.0_261]
	at java.lang.reflect.Method.invoke(Method.java:498) ~[?:1.8.0_261]
	at org.testng.internal.MethodInvocationHelper.invokeMethod(MethodInvocationHelper.java:134) ~[testng-7.1.0.jar:?]
	at org.testng.internal.MethodInvocationHelper.invokeMethodConsideringTimeout(MethodInvocationHelper.java:63) ~[testng-7.1.0.jar:?]
	at org.testng.internal.ConfigInvoker.invokeConfigurationMethod(ConfigInvoker.java:348) ~[testng-7.1.0.jar:?]
	at org.testng.internal.ConfigInvoker.invokeConfigurations(ConfigInvoker.java:302) ~[testng-7.1.0.jar:?]
	at org.testng.internal.TestMethodWorker.invokeBeforeClassMethods(TestMethodWorker.java:176) ~[testng-7.1.0.jar:?]
	at org.testng.internal.TestMethodWorker.run(TestMethodWorker.java:122) ~[testng-7.1.0.jar:?]
	at java.util.ArrayList.forEach(ArrayList.java:1259) ~[?:1.8.0_261]
	at org.testng.TestRunner.privateRun(TestRunner.java:766) ~[testng-7.1.0.jar:?]
	at org.testng.TestRunner.run(TestRunner.java:587) ~[testng-7.1.0.jar:?]
	at org.testng.SuiteRunner.runTest(SuiteRunner.java:384) ~[testng-7.1.0.jar:?]
	at org.testng.SuiteRunner.access$000(SuiteRunner.java:28) ~[testng-7.1.0.jar:?]
	at org.testng.SuiteRunner$SuiteWorker.run(SuiteRunner.java:425) ~[testng-7.1.0.jar:?]
	at org.testng.internal.thread.ThreadUtil.lambda$execute$0(ThreadUtil.java:68) ~[testng-7.1.0.jar:?]
	at java.util.concurrent.FutureTask.run(FutureTask.java:266) [?:1.8.0_261]
	at java.util.concurrent.ThreadPoolExecutor.runWorker(ThreadPoolExecutor.java:1149) [?:1.8.0_261]
	at java.util.concurrent.ThreadPoolExecutor$Worker.run(ThreadPoolExecutor.java:624) [?:1.8.0_261]
	at java.lang.Thread.run(Thread.java:748) [?:1.8.0_261]
22:30:14.572 [TestNG-tests-2] ERROR UnDosTres - Unable to enter mobile number
java.lang.NullPointerException: null
	at org.UnDosTres.pages.HomePage.setMobileNumber(HomePage.java:84) ~[classes/:?]
	at org.UnDosTres.pages.HomePage.enterRechargeDetailsAndClickSubmit(HomePage.java:142) ~[classes/:?]
	at org.UnDosTres.test.PaymentDetailPageTest.setUp(PaymentDetailPageTest.java:70) ~[test-classes/:?]
	at sun.reflect.NativeMethodAccessorImpl.invoke0(Native Method) ~[?:1.8.0_261]
	at sun.reflect.NativeMethodAccessorImpl.invoke(NativeMethodAccessorImpl.java:62) ~[?:1.8.0_261]
	at sun.reflect.DelegatingMethodAccessorImpl.invoke(DelegatingMethodAccessorImpl.java:43) ~[?:1.8.0_261]
	at java.lang.reflect.Method.invoke(Method.java:498) ~[?:1.8.0_261]
	at org.testng.internal.MethodInvocationHelper.invokeMethod(MethodInvocationHelper.java:134) ~[testng-7.1.0.jar:?]
	at org.testng.internal.MethodInvocationHelper.invokeMethodConsideringTimeout(MethodInvocationHelper.java:63) ~[testng-7.1.0.jar:?]
	at org.testng.internal.ConfigInvoker.invokeConfigurationMethod(ConfigInvoker.java:348) ~[testng-7.1.0.jar:?]
	at org.testng.internal.ConfigInvoker.invokeConfigurations(ConfigInvoker.java:302) ~[testng-7.1.0.jar:?]
	at org.testng.internal.TestMethodWorker.invokeBeforeClassMethods(TestMethodWorker.java:176) ~[testng-7.1.0.jar:?]
	at org.testng.internal.TestMethodWorker.run(TestMethodWorker.java:122) ~[testng-7.1.0.jar:?]
	at java.util.ArrayList.forEach(ArrayList.java:1259) ~[?:1.8.0_261]
	at org.testng.TestRunner.privateRun(TestRunner.java:766) ~[testng-7.1.0.jar:?]
	at org.testng.TestRunner.run(TestRunner.java:587) ~[testng-7.1.0.jar:?]
	at org.testng.SuiteRunner.runTest(SuiteRunner.java:384) ~[testng-7.1.0.jar:?]
	at org.testng.SuiteRunner.access$000(SuiteRunner.java:28) ~[testng-7.1.0.jar:?]
	at org.testng.SuiteRunner$SuiteWorker.run(SuiteRunner.java:425) ~[testng-7.1.0.jar:?]
	at org.testng.internal.thread.ThreadUtil.lambda$execute$0(ThreadUtil.java:68) ~[testng-7.1.0.jar:?]
	at java.util.concurrent.FutureTask.run(FutureTask.java:266) [?:1.8.0_261]
	at java.util.concurrent.ThreadPoolExecutor.runWorker(ThreadPoolExecutor.java:1149) [?:1.8.0_261]
	at java.util.concurrent.ThreadPoolExecutor$Worker.run(ThreadPoolExecutor.java:624) [?:1.8.0_261]
	at java.lang.Thread.run(Thread.java:748) [?:1.8.0_261]
22:30:14.590 [TestNG-tests-2] INFO  UnDosTres - nullBrowser Start Execution of test case ->validatePaymentHasBeenCompletedThroughCard
22:30:14.591 [TestNG-tests-2] INFO  UnDosTres - nullBrowser Start Execution of test case ->validatePaymentPageUrlIsGettingOpen
22:30:14.591 [TestNG-tests-2] INFO  UnDosTres - nullBrowser Start Execution of test case ->validateSummaryOnPageIsCorrectlyDisplay
22:30:14.593 [TestNG-tests-2] INFO  UnDosTres - nullBrowser Start Execution of test case ->validatePaymentHasBeenCompletedThroughCard
22:30:14.597 [TestNG-tests-2] INFO  UnDosTres - nullBrowser Start Execution of test case ->validatePaymentPageUrlIsGettingOpen
22:30:14.598 [TestNG-tests-2] INFO  UnDosTres - nullBrowser Start Execution of test case ->validateSummaryOnPageIsCorrectlyDisplay
22:30:14.599 [TestNG-tests-2] INFO  UnDosTres - nullBrowser Start Execution of test case ->validatePaymentHasBeenCompletedThroughCard
22:30:14.600 [TestNG-tests-2] INFO  UnDosTres - nullBrowser Start Execution of test case ->validatePaymentPageUrlIsGettingOpen
22:30:14.601 [TestNG-tests-2] INFO  UnDosTres - nullBrowser Start Execution of test case ->validateSummaryOnPageIsCorrectlyDisplay
22:30:20.063 [TestNG-tests-1] INFO  UnDosTres - Browser->firefox has been opened successfully
22:30:20.064 [TestNG-tests-1] INFO  org.UnDosTres.test.HomePageTest - Browser FireFox moving to open url
22:30:40.418 [TestNG-tests-1] INFO  org.UnDosTres.test.HomePageTest - Url-->>http://prueba.undostres.com.mx has been opened successfully
22:30:40.419 [TestNG-tests-1] INFO  org.UnDosTres.test.HomePageTest - Initiated HomePage Class
22:30:40.420 [TestNG-tests-1] INFO  UnDosTres - FireFoxBrowser Start Execution of test case ->validateHomePageIsGettingOpen
22:30:40.430 [TestNG-tests-1] INFO  UnDosTres - Test Case validateHomePageIsGettingOpen has been passed
22:30:40.430 [TestNG-tests-1] INFO  UnDosTres - FireFoxBrowser Start Execution of test case ->validateRecargaCelularIsShown
22:30:40.431 [TestNG-tests-1] INFO  UnDosTres - Getting text Recarga Celular
22:30:40.444 [TestNG-tests-1] INFO  UnDosTres - Going to take screenshot for test case->validateRecargaCelularIsShown
22:30:40.444 [TestNG-tests-1] INFO  UnDosTres - Screenshot has been taken
22:30:40.609 [TestNG-tests-1] INFO  UnDosTres - Screenshot has been stored in screenshot folder
22:30:40.611 [TestNG-tests-1] INFO  UnDosTres - FireFoxBrowser Start Execution of test case ->validateUserIsAbleToSubmitDetails
22:30:40.619 [TestNG-tests-1] ERROR UnDosTres - Unable to select operator-> Telcel
java.lang.NullPointerException: null
	at org.UnDosTres.pages.HomePage.setOperator(HomePage.java:67) ~[classes/:?]
	at org.UnDosTres.pages.HomePage.enterRechargeDetailsAndClickSubmit(HomePage.java:141) ~[classes/:?]
	at org.UnDosTres.test.HomePageTest.validateUserIsAbleToSubmitDetails(HomePageTest.java:96) ~[test-classes/:?]
	at sun.reflect.NativeMethodAccessorImpl.invoke0(Native Method) ~[?:1.8.0_261]
	at sun.reflect.NativeMethodAccessorImpl.invoke(NativeMethodAccessorImpl.java:62) ~[?:1.8.0_261]
	at sun.reflect.DelegatingMethodAccessorImpl.invoke(DelegatingMethodAccessorImpl.java:43) ~[?:1.8.0_261]
	at java.lang.reflect.Method.invoke(Method.java:498) ~[?:1.8.0_261]
	at org.testng.internal.MethodInvocationHelper.invokeMethod(MethodInvocationHelper.java:134) ~[testng-7.1.0.jar:?]
	at org.testng.internal.TestInvoker.invokeMethod(TestInvoker.java:597) ~[testng-7.1.0.jar:?]
	at org.testng.internal.TestInvoker.invokeTestMethod(TestInvoker.java:173) ~[testng-7.1.0.jar:?]
	at org.testng.internal.MethodRunner.runInSequence(MethodRunner.java:46) ~[testng-7.1.0.jar:?]
	at org.testng.internal.TestInvoker$MethodInvocationAgent.invoke(TestInvoker.java:816) ~[testng-7.1.0.jar:?]
	at org.testng.internal.TestInvoker.invokeTestMethods(TestInvoker.java:146) ~[testng-7.1.0.jar:?]
	at org.testng.internal.TestMethodWorker.invokeTestMethods(TestMethodWorker.java:146) ~[testng-7.1.0.jar:?]
	at org.testng.internal.TestMethodWorker.run(TestMethodWorker.java:128) ~[testng-7.1.0.jar:?]
	at java.util.ArrayList.forEach(ArrayList.java:1259) ~[?:1.8.0_261]
	at org.testng.TestRunner.privateRun(TestRunner.java:766) ~[testng-7.1.0.jar:?]
	at org.testng.TestRunner.run(TestRunner.java:587) ~[testng-7.1.0.jar:?]
	at org.testng.SuiteRunner.runTest(SuiteRunner.java:384) ~[testng-7.1.0.jar:?]
	at org.testng.SuiteRunner.access$000(SuiteRunner.java:28) ~[testng-7.1.0.jar:?]
	at org.testng.SuiteRunner$SuiteWorker.run(SuiteRunner.java:425) ~[testng-7.1.0.jar:?]
	at org.testng.internal.thread.ThreadUtil.lambda$execute$0(ThreadUtil.java:68) ~[testng-7.1.0.jar:?]
	at java.util.concurrent.FutureTask.run(FutureTask.java:266) [?:1.8.0_261]
	at java.util.concurrent.ThreadPoolExecutor.runWorker(ThreadPoolExecutor.java:1149) [?:1.8.0_261]
	at java.util.concurrent.ThreadPoolExecutor$Worker.run(ThreadPoolExecutor.java:624) [?:1.8.0_261]
	at java.lang.Thread.run(Thread.java:748) [?:1.8.0_261]
22:30:40.628 [TestNG-tests-1] ERROR UnDosTres - Unable to enter mobile number
java.lang.NullPointerException: null
	at org.UnDosTres.pages.HomePage.setMobileNumber(HomePage.java:84) ~[classes/:?]
	at org.UnDosTres.pages.HomePage.enterRechargeDetailsAndClickSubmit(HomePage.java:142) ~[classes/:?]
	at org.UnDosTres.test.HomePageTest.validateUserIsAbleToSubmitDetails(HomePageTest.java:96) ~[test-classes/:?]
	at sun.reflect.NativeMethodAccessorImpl.invoke0(Native Method) ~[?:1.8.0_261]
	at sun.reflect.NativeMethodAccessorImpl.invoke(NativeMethodAccessorImpl.java:62) ~[?:1.8.0_261]
	at sun.reflect.DelegatingMethodAccessorImpl.invoke(DelegatingMethodAccessorImpl.java:43) ~[?:1.8.0_261]
	at java.lang.reflect.Method.invoke(Method.java:498) ~[?:1.8.0_261]
	at org.testng.internal.MethodInvocationHelper.invokeMethod(MethodInvocationHelper.java:134) ~[testng-7.1.0.jar:?]
	at org.testng.internal.TestInvoker.invokeMethod(TestInvoker.java:597) ~[testng-7.1.0.jar:?]
	at org.testng.internal.TestInvoker.invokeTestMethod(TestInvoker.java:173) ~[testng-7.1.0.jar:?]
	at org.testng.internal.MethodRunner.runInSequence(MethodRunner.java:46) ~[testng-7.1.0.jar:?]
	at org.testng.internal.TestInvoker$MethodInvocationAgent.invoke(TestInvoker.java:816) ~[testng-7.1.0.jar:?]
	at org.testng.internal.TestInvoker.invokeTestMethods(TestInvoker.java:146) ~[testng-7.1.0.jar:?]
	at org.testng.internal.TestMethodWorker.invokeTestMethods(TestMethodWorker.java:146) ~[testng-7.1.0.jar:?]
	at org.testng.internal.TestMethodWorker.run(TestMethodWorker.java:128) ~[testng-7.1.0.jar:?]
	at java.util.ArrayList.forEach(ArrayList.java:1259) ~[?:1.8.0_261]
	at org.testng.TestRunner.privateRun(TestRunner.java:766) ~[testng-7.1.0.jar:?]
	at org.testng.TestRunner.run(TestRunner.java:587) ~[testng-7.1.0.jar:?]
	at org.testng.SuiteRunner.runTest(SuiteRunner.java:384) ~[testng-7.1.0.jar:?]
	at org.testng.SuiteRunner.access$000(SuiteRunner.java:28) ~[testng-7.1.0.jar:?]
	at org.testng.SuiteRunner$SuiteWorker.run(SuiteRunner.java:425) ~[testng-7.1.0.jar:?]
	at org.testng.internal.thread.ThreadUtil.lambda$execute$0(ThreadUtil.java:68) ~[testng-7.1.0.jar:?]
	at java.util.concurrent.FutureTask.run(FutureTask.java:266) [?:1.8.0_261]
	at java.util.concurrent.ThreadPoolExecutor.runWorker(ThreadPoolExecutor.java:1149) [?:1.8.0_261]
	at java.util.concurrent.ThreadPoolExecutor$Worker.run(ThreadPoolExecutor.java:624) [?:1.8.0_261]
	at java.lang.Thread.run(Thread.java:748) [?:1.8.0_261]
22:30:40.636 [TestNG-tests-1] INFO  UnDosTres - Going to take screenshot for test case->validateUserIsAbleToSubmitDetails
22:30:40.636 [TestNG-tests-1] INFO  UnDosTres - Screenshot has been taken
22:30:40.783 [TestNG-tests-1] INFO  UnDosTres - Screenshot has been stored in screenshot folder
22:36:02.814 [TestNG-tests-2] INFO  org.UnDosTres.test.PaymentDetailPageTest - Currently executing PaymentDetail Test cases, Initializing browser Chrome
22:36:08.832 [TestNG-tests-1] INFO  UnDosTres - Browser->firefox has been opened successfully
22:36:08.834 [TestNG-tests-1] INFO  org.UnDosTres.test.HomePageTest - Browser FireFox moving to open url
22:36:09.189 [TestNG-tests-2] INFO  UnDosTres - Browser->chrome has been opened successfully
22:36:45.550 [TestNG-tests-2] ERROR UnDosTres - Unable to select operator-> Telcel
java.lang.NullPointerException: null
	at org.UnDosTres.pages.HomePage.setOperator(HomePage.java:67) ~[classes/:?]
	at org.UnDosTres.pages.HomePage.enterRechargeDetailsAndClickSubmit(HomePage.java:141) ~[classes/:?]
	at org.UnDosTres.test.PaymentDetailPageTest.setUp(PaymentDetailPageTest.java:70) ~[test-classes/:?]
	at sun.reflect.NativeMethodAccessorImpl.invoke0(Native Method) ~[?:1.8.0_261]
	at sun.reflect.NativeMethodAccessorImpl.invoke(NativeMethodAccessorImpl.java:62) ~[?:1.8.0_261]
	at sun.reflect.DelegatingMethodAccessorImpl.invoke(DelegatingMethodAccessorImpl.java:43) ~[?:1.8.0_261]
	at java.lang.reflect.Method.invoke(Method.java:498) ~[?:1.8.0_261]
	at org.testng.internal.MethodInvocationHelper.invokeMethod(MethodInvocationHelper.java:134) ~[testng-7.1.0.jar:?]
	at org.testng.internal.MethodInvocationHelper.invokeMethodConsideringTimeout(MethodInvocationHelper.java:63) ~[testng-7.1.0.jar:?]
	at org.testng.internal.ConfigInvoker.invokeConfigurationMethod(ConfigInvoker.java:348) ~[testng-7.1.0.jar:?]
	at org.testng.internal.ConfigInvoker.invokeConfigurations(ConfigInvoker.java:302) ~[testng-7.1.0.jar:?]
	at org.testng.internal.TestMethodWorker.invokeBeforeClassMethods(TestMethodWorker.java:176) ~[testng-7.1.0.jar:?]
	at org.testng.internal.TestMethodWorker.run(TestMethodWorker.java:122) ~[testng-7.1.0.jar:?]
	at java.util.ArrayList.forEach(ArrayList.java:1259) ~[?:1.8.0_261]
	at org.testng.TestRunner.privateRun(TestRunner.java:766) ~[testng-7.1.0.jar:?]
	at org.testng.TestRunner.run(TestRunner.java:587) ~[testng-7.1.0.jar:?]
	at org.testng.SuiteRunner.runTest(SuiteRunner.java:384) ~[testng-7.1.0.jar:?]
	at org.testng.SuiteRunner.access$000(SuiteRunner.java:28) ~[testng-7.1.0.jar:?]
	at org.testng.SuiteRunner$SuiteWorker.run(SuiteRunner.java:425) ~[testng-7.1.0.jar:?]
	at org.testng.internal.thread.ThreadUtil.lambda$execute$0(ThreadUtil.java:68) ~[testng-7.1.0.jar:?]
	at java.util.concurrent.FutureTask.run$$$capture(FutureTask.java:266) [?:1.8.0_261]
	at java.util.concurrent.FutureTask.run(FutureTask.java) [?:1.8.0_261]
	at java.util.concurrent.ThreadPoolExecutor.runWorker(ThreadPoolExecutor.java:1149) [?:1.8.0_261]
	at java.util.concurrent.ThreadPoolExecutor$Worker.run(ThreadPoolExecutor.java:624) [?:1.8.0_261]
	at java.lang.Thread.run(Thread.java:748) [?:1.8.0_261]
22:37:06.685 [TestNG-tests-1] INFO  org.UnDosTres.test.HomePageTest - Url-->>http://prueba.undostres.com.mx has been opened successfully
22:37:06.685 [TestNG-tests-1] INFO  org.UnDosTres.test.HomePageTest - Initiated HomePage Class
22:37:06.698 [TestNG-tests-1] INFO  UnDosTres - FireFoxBrowser Start Execution of test case ->validateHomePageIsGettingOpen
22:37:06.711 [TestNG-tests-2] ERROR UnDosTres - Unable to enter mobile number
java.lang.NullPointerException: null
	at org.UnDosTres.pages.HomePage.setMobileNumber(HomePage.java:84) ~[classes/:?]
	at org.UnDosTres.pages.HomePage.enterRechargeDetailsAndClickSubmit(HomePage.java:142) ~[classes/:?]
	at org.UnDosTres.test.PaymentDetailPageTest.setUp(PaymentDetailPageTest.java:70) ~[test-classes/:?]
	at sun.reflect.NativeMethodAccessorImpl.invoke0(Native Method) ~[?:1.8.0_261]
	at sun.reflect.NativeMethodAccessorImpl.invoke(NativeMethodAccessorImpl.java:62) ~[?:1.8.0_261]
	at sun.reflect.DelegatingMethodAccessorImpl.invoke(DelegatingMethodAccessorImpl.java:43) ~[?:1.8.0_261]
	at java.lang.reflect.Method.invoke(Method.java:498) ~[?:1.8.0_261]
	at org.testng.internal.MethodInvocationHelper.invokeMethod(MethodInvocationHelper.java:134) ~[testng-7.1.0.jar:?]
	at org.testng.internal.MethodInvocationHelper.invokeMethodConsideringTimeout(MethodInvocationHelper.java:63) ~[testng-7.1.0.jar:?]
	at org.testng.internal.ConfigInvoker.invokeConfigurationMethod(ConfigInvoker.java:348) ~[testng-7.1.0.jar:?]
	at org.testng.internal.ConfigInvoker.invokeConfigurations(ConfigInvoker.java:302) ~[testng-7.1.0.jar:?]
	at org.testng.internal.TestMethodWorker.invokeBeforeClassMethods(TestMethodWorker.java:176) ~[testng-7.1.0.jar:?]
	at org.testng.internal.TestMethodWorker.run(TestMethodWorker.java:122) ~[testng-7.1.0.jar:?]
	at java.util.ArrayList.forEach(ArrayList.java:1259) ~[?:1.8.0_261]
	at org.testng.TestRunner.privateRun(TestRunner.java:766) ~[testng-7.1.0.jar:?]
	at org.testng.TestRunner.run(TestRunner.java:587) ~[testng-7.1.0.jar:?]
	at org.testng.SuiteRunner.runTest(SuiteRunner.java:384) ~[testng-7.1.0.jar:?]
	at org.testng.SuiteRunner.access$000(SuiteRunner.java:28) ~[testng-7.1.0.jar:?]
	at org.testng.SuiteRunner$SuiteWorker.run(SuiteRunner.java:425) ~[testng-7.1.0.jar:?]
	at org.testng.internal.thread.ThreadUtil.lambda$execute$0(ThreadUtil.java:68) ~[testng-7.1.0.jar:?]
	at java.util.concurrent.FutureTask.run$$$capture(FutureTask.java:266) [?:1.8.0_261]
	at java.util.concurrent.FutureTask.run(FutureTask.java) [?:1.8.0_261]
	at java.util.concurrent.ThreadPoolExecutor.runWorker(ThreadPoolExecutor.java:1149) [?:1.8.0_261]
	at java.util.concurrent.ThreadPoolExecutor$Worker.run(ThreadPoolExecutor.java:624) [?:1.8.0_261]
	at java.lang.Thread.run(Thread.java:748) [?:1.8.0_261]
22:37:30.433 [TestNG-tests-1] INFO  UnDosTres - Test Case validateHomePageIsGettingOpen has been passed
22:37:30.437 [TestNG-tests-1] INFO  UnDosTres - FireFoxBrowser Start Execution of test case ->validateRecargaCelularIsShown
22:37:30.438 [TestNG-tests-1] INFO  UnDosTres - Getting text Recarga Celular
22:37:39.607 [TestNG-tests-1] INFO  UnDosTres - Going to take screenshot for test case->validateRecargaCelularIsShown
22:37:39.607 [TestNG-tests-1] INFO  UnDosTres - Screenshot has been taken
22:37:42.164 [TestNG-tests-2] INFO  UnDosTres - nullBrowser Start Execution of test case ->validatePaymentHasBeenCompletedThroughCard
22:37:43.191 [TestNG-tests-2] INFO  UnDosTres - nullBrowser Start Execution of test case ->validatePaymentPageUrlIsGettingOpen
22:37:43.197 [TestNG-tests-2] INFO  UnDosTres - nullBrowser Start Execution of test case ->validateSummaryOnPageIsCorrectlyDisplay
22:37:44.184 [TestNG-tests-2] INFO  UnDosTres - nullBrowser Start Execution of test case ->validatePaymentHasBeenCompletedThroughCard
22:37:44.188 [TestNG-tests-2] INFO  UnDosTres - nullBrowser Start Execution of test case ->validatePaymentPageUrlIsGettingOpen
22:37:44.191 [TestNG-tests-2] INFO  UnDosTres - nullBrowser Start Execution of test case ->validateSummaryOnPageIsCorrectlyDisplay
22:37:45.779 [TestNG-tests-2] INFO  UnDosTres - nullBrowser Start Execution of test case ->validatePaymentHasBeenCompletedThroughCard
22:37:45.780 [TestNG-tests-2] INFO  UnDosTres - nullBrowser Start Execution of test case ->validatePaymentPageUrlIsGettingOpen
22:37:45.781 [TestNG-tests-2] INFO  UnDosTres - nullBrowser Start Execution of test case ->validateSummaryOnPageIsCorrectlyDisplay
22:37:45.868 [TestNG-tests-1] INFO  UnDosTres - Screenshot has been stored in screenshot folder
22:37:45.872 [TestNG-tests-1] INFO  UnDosTres - FireFoxBrowser Start Execution of test case ->validateUserIsAbleToSubmitDetails
22:37:45.882 [TestNG-tests-1] ERROR UnDosTres - Unable to select operator-> Telcel
java.lang.NullPointerException: null
	at org.UnDosTres.pages.HomePage.setOperator(HomePage.java:67) ~[classes/:?]
	at org.UnDosTres.pages.HomePage.enterRechargeDetailsAndClickSubmit(HomePage.java:141) ~[classes/:?]
	at org.UnDosTres.test.HomePageTest.validateUserIsAbleToSubmitDetails(HomePageTest.java:96) ~[test-classes/:?]
	at sun.reflect.NativeMethodAccessorImpl.invoke0(Native Method) ~[?:1.8.0_261]
	at sun.reflect.NativeMethodAccessorImpl.invoke(NativeMethodAccessorImpl.java:62) ~[?:1.8.0_261]
	at sun.reflect.DelegatingMethodAccessorImpl.invoke(DelegatingMethodAccessorImpl.java:43) ~[?:1.8.0_261]
	at java.lang.reflect.Method.invoke(Method.java:498) ~[?:1.8.0_261]
	at org.testng.internal.MethodInvocationHelper.invokeMethod(MethodInvocationHelper.java:134) ~[testng-7.1.0.jar:?]
	at org.testng.internal.TestInvoker.invokeMethod(TestInvoker.java:597) ~[testng-7.1.0.jar:?]
	at org.testng.internal.TestInvoker.invokeTestMethod(TestInvoker.java:173) ~[testng-7.1.0.jar:?]
	at org.testng.internal.MethodRunner.runInSequence(MethodRunner.java:46) ~[testng-7.1.0.jar:?]
	at org.testng.internal.TestInvoker$MethodInvocationAgent.invoke(TestInvoker.java:816) ~[testng-7.1.0.jar:?]
	at org.testng.internal.TestInvoker.invokeTestMethods(TestInvoker.java:146) ~[testng-7.1.0.jar:?]
	at org.testng.internal.TestMethodWorker.invokeTestMethods(TestMethodWorker.java:146) ~[testng-7.1.0.jar:?]
	at org.testng.internal.TestMethodWorker.run(TestMethodWorker.java:128) ~[testng-7.1.0.jar:?]
	at java.util.ArrayList.forEach(ArrayList.java:1259) ~[?:1.8.0_261]
	at org.testng.TestRunner.privateRun(TestRunner.java:766) ~[testng-7.1.0.jar:?]
	at org.testng.TestRunner.run(TestRunner.java:587) ~[testng-7.1.0.jar:?]
	at org.testng.SuiteRunner.runTest(SuiteRunner.java:384) ~[testng-7.1.0.jar:?]
	at org.testng.SuiteRunner.access$000(SuiteRunner.java:28) ~[testng-7.1.0.jar:?]
	at org.testng.SuiteRunner$SuiteWorker.run(SuiteRunner.java:425) ~[testng-7.1.0.jar:?]
	at org.testng.internal.thread.ThreadUtil.lambda$execute$0(ThreadUtil.java:68) ~[testng-7.1.0.jar:?]
	at java.util.concurrent.FutureTask.run$$$capture(FutureTask.java:266) [?:1.8.0_261]
	at java.util.concurrent.FutureTask.run(FutureTask.java) [?:1.8.0_261]
	at java.util.concurrent.ThreadPoolExecutor.runWorker(ThreadPoolExecutor.java:1149) [?:1.8.0_261]
	at java.util.concurrent.ThreadPoolExecutor$Worker.run(ThreadPoolExecutor.java:624) [?:1.8.0_261]
	at java.lang.Thread.run(Thread.java:748) [?:1.8.0_261]
22:37:45.895 [TestNG-tests-1] ERROR UnDosTres - Unable to enter mobile number
java.lang.NullPointerException: null
	at org.UnDosTres.pages.HomePage.setMobileNumber(HomePage.java:84) ~[classes/:?]
	at org.UnDosTres.pages.HomePage.enterRechargeDetailsAndClickSubmit(HomePage.java:142) ~[classes/:?]
	at org.UnDosTres.test.HomePageTest.validateUserIsAbleToSubmitDetails(HomePageTest.java:96) ~[test-classes/:?]
	at sun.reflect.NativeMethodAccessorImpl.invoke0(Native Method) ~[?:1.8.0_261]
	at sun.reflect.NativeMethodAccessorImpl.invoke(NativeMethodAccessorImpl.java:62) ~[?:1.8.0_261]
	at sun.reflect.DelegatingMethodAccessorImpl.invoke(DelegatingMethodAccessorImpl.java:43) ~[?:1.8.0_261]
	at java.lang.reflect.Method.invoke(Method.java:498) ~[?:1.8.0_261]
	at org.testng.internal.MethodInvocationHelper.invokeMethod(MethodInvocationHelper.java:134) ~[testng-7.1.0.jar:?]
	at org.testng.internal.TestInvoker.invokeMethod(TestInvoker.java:597) ~[testng-7.1.0.jar:?]
	at org.testng.internal.TestInvoker.invokeTestMethod(TestInvoker.java:173) ~[testng-7.1.0.jar:?]
	at org.testng.internal.MethodRunner.runInSequence(MethodRunner.java:46) ~[testng-7.1.0.jar:?]
	at org.testng.internal.TestInvoker$MethodInvocationAgent.invoke(TestInvoker.java:816) ~[testng-7.1.0.jar:?]
	at org.testng.internal.TestInvoker.invokeTestMethods(TestInvoker.java:146) ~[testng-7.1.0.jar:?]
	at org.testng.internal.TestMethodWorker.invokeTestMethods(TestMethodWorker.java:146) ~[testng-7.1.0.jar:?]
	at org.testng.internal.TestMethodWorker.run(TestMethodWorker.java:128) ~[testng-7.1.0.jar:?]
	at java.util.ArrayList.forEach(ArrayList.java:1259) ~[?:1.8.0_261]
	at org.testng.TestRunner.privateRun(TestRunner.java:766) ~[testng-7.1.0.jar:?]
	at org.testng.TestRunner.run(TestRunner.java:587) ~[testng-7.1.0.jar:?]
	at org.testng.SuiteRunner.runTest(SuiteRunner.java:384) ~[testng-7.1.0.jar:?]
	at org.testng.SuiteRunner.access$000(SuiteRunner.java:28) ~[testng-7.1.0.jar:?]
	at org.testng.SuiteRunner$SuiteWorker.run(SuiteRunner.java:425) ~[testng-7.1.0.jar:?]
	at org.testng.internal.thread.ThreadUtil.lambda$execute$0(ThreadUtil.java:68) ~[testng-7.1.0.jar:?]
	at java.util.concurrent.FutureTask.run$$$capture(FutureTask.java:266) [?:1.8.0_261]
	at java.util.concurrent.FutureTask.run(FutureTask.java) [?:1.8.0_261]
	at java.util.concurrent.ThreadPoolExecutor.runWorker(ThreadPoolExecutor.java:1149) [?:1.8.0_261]
	at java.util.concurrent.ThreadPoolExecutor$Worker.run(ThreadPoolExecutor.java:624) [?:1.8.0_261]
	at java.lang.Thread.run(Thread.java:748) [?:1.8.0_261]
22:37:45.909 [TestNG-tests-1] INFO  UnDosTres - Going to take screenshot for test case->validateUserIsAbleToSubmitDetails
22:37:45.909 [TestNG-tests-1] INFO  UnDosTres - Screenshot has been taken
22:37:46.050 [TestNG-tests-1] INFO  UnDosTres - Screenshot has been stored in screenshot folder
22:38:13.690 [TestNG-tests-2] INFO  org.UnDosTres.test.PaymentDetailPageTest - Currently executing PaymentDetail Test cases, Initializing browser FireFox
22:38:20.836 [TestNG-tests-1] INFO  UnDosTres - Browser->firefox has been opened successfully
22:38:20.836 [TestNG-tests-1] INFO  org.UnDosTres.test.HomePageTest - Browser FireFox moving to open url
22:38:21.301 [TestNG-tests-2] INFO  UnDosTres - Browser->firefox has been opened successfully
22:38:26.371 [TestNG-tests-1] INFO  org.UnDosTres.test.HomePageTest - Url-->>http://prueba.undostres.com.mx has been opened successfully
22:38:26.377 [TestNG-tests-1] INFO  org.UnDosTres.test.HomePageTest - Initiated HomePage Class
22:38:58.831 [TestNG-tests-1] INFO  UnDosTres - FireFoxBrowser Start Execution of test case ->validateHomePageIsGettingOpen
22:38:58.851 [TestNG-tests-1] INFO  UnDosTres - Test Case validateHomePageIsGettingOpen has been passed
22:38:58.853 [TestNG-tests-1] INFO  UnDosTres - FireFoxBrowser Start Execution of test case ->validateRecargaCelularIsShown
22:38:58.854 [TestNG-tests-1] INFO  UnDosTres - Getting text Recarga Celular
22:38:58.875 [TestNG-tests-1] INFO  UnDosTres - Going to take screenshot for test case->validateRecargaCelularIsShown
22:38:58.875 [TestNG-tests-1] INFO  UnDosTres - Screenshot has been taken
22:38:58.850 [TestNG-tests-2] ERROR UnDosTres - Unable to select operator-> Telcel
java.lang.NullPointerException: null
	at org.UnDosTres.pages.HomePage.setOperator(HomePage.java:67) ~[classes/:?]
	at org.UnDosTres.pages.HomePage.enterRechargeDetailsAndClickSubmit(HomePage.java:141) ~[classes/:?]
	at org.UnDosTres.test.PaymentDetailPageTest.setUp(PaymentDetailPageTest.java:70) ~[test-classes/:?]
	at sun.reflect.NativeMethodAccessorImpl.invoke0(Native Method) ~[?:1.8.0_261]
	at sun.reflect.NativeMethodAccessorImpl.invoke(NativeMethodAccessorImpl.java:62) ~[?:1.8.0_261]
	at sun.reflect.DelegatingMethodAccessorImpl.invoke(DelegatingMethodAccessorImpl.java:43) ~[?:1.8.0_261]
	at java.lang.reflect.Method.invoke(Method.java:498) ~[?:1.8.0_261]
	at org.testng.internal.MethodInvocationHelper.invokeMethod(MethodInvocationHelper.java:134) ~[testng-7.1.0.jar:?]
	at org.testng.internal.MethodInvocationHelper.invokeMethodConsideringTimeout(MethodInvocationHelper.java:63) ~[testng-7.1.0.jar:?]
	at org.testng.internal.ConfigInvoker.invokeConfigurationMethod(ConfigInvoker.java:348) ~[testng-7.1.0.jar:?]
	at org.testng.internal.ConfigInvoker.invokeConfigurations(ConfigInvoker.java:302) ~[testng-7.1.0.jar:?]
	at org.testng.internal.TestMethodWorker.invokeBeforeClassMethods(TestMethodWorker.java:176) ~[testng-7.1.0.jar:?]
	at org.testng.internal.TestMethodWorker.run(TestMethodWorker.java:122) ~[testng-7.1.0.jar:?]
	at java.util.ArrayList.forEach(ArrayList.java:1259) ~[?:1.8.0_261]
	at org.testng.TestRunner.privateRun(TestRunner.java:766) ~[testng-7.1.0.jar:?]
	at org.testng.TestRunner.run(TestRunner.java:587) ~[testng-7.1.0.jar:?]
	at org.testng.SuiteRunner.runTest(SuiteRunner.java:384) ~[testng-7.1.0.jar:?]
	at org.testng.SuiteRunner.access$000(SuiteRunner.java:28) ~[testng-7.1.0.jar:?]
	at org.testng.SuiteRunner$SuiteWorker.run(SuiteRunner.java:425) ~[testng-7.1.0.jar:?]
	at org.testng.internal.thread.ThreadUtil.lambda$execute$0(ThreadUtil.java:68) ~[testng-7.1.0.jar:?]
	at java.util.concurrent.FutureTask.run$$$capture(FutureTask.java:266) [?:1.8.0_261]
	at java.util.concurrent.FutureTask.run(FutureTask.java) [?:1.8.0_261]
	at java.util.concurrent.ThreadPoolExecutor.runWorker(ThreadPoolExecutor.java:1149) [?:1.8.0_261]
	at java.util.concurrent.ThreadPoolExecutor$Worker.run(ThreadPoolExecutor.java:624) [?:1.8.0_261]
	at java.lang.Thread.run(Thread.java:748) [?:1.8.0_261]
22:39:44.474 [TestNG-tests-2] ERROR UnDosTres - Unable to enter mobile number
java.lang.NullPointerException: null
	at org.UnDosTres.pages.HomePage.setMobileNumber(HomePage.java:84) ~[classes/:?]
	at org.UnDosTres.pages.HomePage.enterRechargeDetailsAndClickSubmit(HomePage.java:142) ~[classes/:?]
	at org.UnDosTres.test.PaymentDetailPageTest.setUp(PaymentDetailPageTest.java:70) ~[test-classes/:?]
	at sun.reflect.NativeMethodAccessorImpl.invoke0(Native Method) ~[?:1.8.0_261]
	at sun.reflect.NativeMethodAccessorImpl.invoke(NativeMethodAccessorImpl.java:62) ~[?:1.8.0_261]
	at sun.reflect.DelegatingMethodAccessorImpl.invoke(DelegatingMethodAccessorImpl.java:43) ~[?:1.8.0_261]
	at java.lang.reflect.Method.invoke(Method.java:498) ~[?:1.8.0_261]
	at org.testng.internal.MethodInvocationHelper.invokeMethod(MethodInvocationHelper.java:134) ~[testng-7.1.0.jar:?]
	at org.testng.internal.MethodInvocationHelper.invokeMethodConsideringTimeout(MethodInvocationHelper.java:63) ~[testng-7.1.0.jar:?]
	at org.testng.internal.ConfigInvoker.invokeConfigurationMethod(ConfigInvoker.java:348) ~[testng-7.1.0.jar:?]
	at org.testng.internal.ConfigInvoker.invokeConfigurations(ConfigInvoker.java:302) ~[testng-7.1.0.jar:?]
	at org.testng.internal.TestMethodWorker.invokeBeforeClassMethods(TestMethodWorker.java:176) ~[testng-7.1.0.jar:?]
	at org.testng.internal.TestMethodWorker.run(TestMethodWorker.java:122) ~[testng-7.1.0.jar:?]
	at java.util.ArrayList.forEach(ArrayList.java:1259) ~[?:1.8.0_261]
	at org.testng.TestRunner.privateRun(TestRunner.java:766) ~[testng-7.1.0.jar:?]
	at org.testng.TestRunner.run(TestRunner.java:587) ~[testng-7.1.0.jar:?]
	at org.testng.SuiteRunner.runTest(SuiteRunner.java:384) ~[testng-7.1.0.jar:?]
	at org.testng.SuiteRunner.access$000(SuiteRunner.java:28) ~[testng-7.1.0.jar:?]
	at org.testng.SuiteRunner$SuiteWorker.run(SuiteRunner.java:425) ~[testng-7.1.0.jar:?]
	at org.testng.internal.thread.ThreadUtil.lambda$execute$0(ThreadUtil.java:68) ~[testng-7.1.0.jar:?]
	at java.util.concurrent.FutureTask.run$$$capture(FutureTask.java:266) [?:1.8.0_261]
	at java.util.concurrent.FutureTask.run(FutureTask.java) [?:1.8.0_261]
	at java.util.concurrent.ThreadPoolExecutor.runWorker(ThreadPoolExecutor.java:1149) [?:1.8.0_261]
	at java.util.concurrent.ThreadPoolExecutor$Worker.run(ThreadPoolExecutor.java:624) [?:1.8.0_261]
	at java.lang.Thread.run(Thread.java:748) [?:1.8.0_261]
22:39:44.489 [TestNG-tests-2] INFO  UnDosTres - nullBrowser Start Execution of test case ->validatePaymentHasBeenCompletedThroughCard
22:39:44.490 [TestNG-tests-2] INFO  UnDosTres - nullBrowser Start Execution of test case ->validatePaymentPageUrlIsGettingOpen
22:39:44.491 [TestNG-tests-2] INFO  UnDosTres - nullBrowser Start Execution of test case ->validateSummaryOnPageIsCorrectlyDisplay
22:39:44.493 [TestNG-tests-2] INFO  UnDosTres - nullBrowser Start Execution of test case ->validatePaymentHasBeenCompletedThroughCard
22:39:44.495 [TestNG-tests-2] INFO  UnDosTres - nullBrowser Start Execution of test case ->validatePaymentPageUrlIsGettingOpen
22:39:44.496 [TestNG-tests-2] INFO  UnDosTres - nullBrowser Start Execution of test case ->validateSummaryOnPageIsCorrectlyDisplay
22:39:44.498 [TestNG-tests-2] INFO  UnDosTres - nullBrowser Start Execution of test case ->validatePaymentHasBeenCompletedThroughCard
22:39:44.499 [TestNG-tests-2] INFO  UnDosTres - nullBrowser Start Execution of test case ->validatePaymentPageUrlIsGettingOpen
22:39:44.500 [TestNG-tests-2] INFO  UnDosTres - nullBrowser Start Execution of test case ->validateSummaryOnPageIsCorrectlyDisplay
22:39:44.529 [TestNG-tests-1] INFO  UnDosTres - Screenshot has been stored in screenshot folder
22:39:44.531 [TestNG-tests-1] INFO  UnDosTres - FireFoxBrowser Start Execution of test case ->validateUserIsAbleToSubmitDetails
22:39:44.541 [TestNG-tests-1] ERROR UnDosTres - Unable to select operator-> Telcel
java.lang.NullPointerException: null
	at org.UnDosTres.pages.HomePage.setOperator(HomePage.java:67) ~[classes/:?]
	at org.UnDosTres.pages.HomePage.enterRechargeDetailsAndClickSubmit(HomePage.java:141) ~[classes/:?]
	at org.UnDosTres.test.HomePageTest.validateUserIsAbleToSubmitDetails(HomePageTest.java:96) ~[test-classes/:?]
	at sun.reflect.NativeMethodAccessorImpl.invoke0(Native Method) ~[?:1.8.0_261]
	at sun.reflect.NativeMethodAccessorImpl.invoke(NativeMethodAccessorImpl.java:62) ~[?:1.8.0_261]
	at sun.reflect.DelegatingMethodAccessorImpl.invoke(DelegatingMethodAccessorImpl.java:43) ~[?:1.8.0_261]
	at java.lang.reflect.Method.invoke(Method.java:498) ~[?:1.8.0_261]
	at org.testng.internal.MethodInvocationHelper.invokeMethod(MethodInvocationHelper.java:134) ~[testng-7.1.0.jar:?]
	at org.testng.internal.TestInvoker.invokeMethod(TestInvoker.java:597) ~[testng-7.1.0.jar:?]
	at org.testng.internal.TestInvoker.invokeTestMethod(TestInvoker.java:173) ~[testng-7.1.0.jar:?]
	at org.testng.internal.MethodRunner.runInSequence(MethodRunner.java:46) ~[testng-7.1.0.jar:?]
	at org.testng.internal.TestInvoker$MethodInvocationAgent.invoke(TestInvoker.java:816) ~[testng-7.1.0.jar:?]
	at org.testng.internal.TestInvoker.invokeTestMethods(TestInvoker.java:146) ~[testng-7.1.0.jar:?]
	at org.testng.internal.TestMethodWorker.invokeTestMethods(TestMethodWorker.java:146) ~[testng-7.1.0.jar:?]
	at org.testng.internal.TestMethodWorker.run(TestMethodWorker.java:128) ~[testng-7.1.0.jar:?]
	at java.util.ArrayList.forEach(ArrayList.java:1259) ~[?:1.8.0_261]
	at org.testng.TestRunner.privateRun(TestRunner.java:766) ~[testng-7.1.0.jar:?]
	at org.testng.TestRunner.run(TestRunner.java:587) ~[testng-7.1.0.jar:?]
	at org.testng.SuiteRunner.runTest(SuiteRunner.java:384) ~[testng-7.1.0.jar:?]
	at org.testng.SuiteRunner.access$000(SuiteRunner.java:28) ~[testng-7.1.0.jar:?]
	at org.testng.SuiteRunner$SuiteWorker.run(SuiteRunner.java:425) ~[testng-7.1.0.jar:?]
	at org.testng.internal.thread.ThreadUtil.lambda$execute$0(ThreadUtil.java:68) ~[testng-7.1.0.jar:?]
	at java.util.concurrent.FutureTask.run$$$capture(FutureTask.java:266) [?:1.8.0_261]
	at java.util.concurrent.FutureTask.run(FutureTask.java) [?:1.8.0_261]
	at java.util.concurrent.ThreadPoolExecutor.runWorker(ThreadPoolExecutor.java:1149) [?:1.8.0_261]
	at java.util.concurrent.ThreadPoolExecutor$Worker.run(ThreadPoolExecutor.java:624) [?:1.8.0_261]
	at java.lang.Thread.run(Thread.java:748) [?:1.8.0_261]
22:39:54.616 [TestNG-tests-2] INFO  org.UnDosTres.test.PaymentDetailPageTest - Currently executing PaymentDetail Test cases, Initializing browser FireFox
22:40:04.338 [TestNG-tests-1] INFO  UnDosTres - Browser->firefox has been opened successfully
22:40:04.339 [TestNG-tests-1] INFO  org.UnDosTres.test.HomePageTest - Browser FireFox moving to open url
22:40:04.376 [TestNG-tests-2] INFO  UnDosTres - Browser->firefox has been opened successfully
22:40:11.417 [TestNG-tests-1] INFO  org.UnDosTres.test.HomePageTest - Url-->>http://prueba.undostres.com.mx has been opened successfully
22:40:11.427 [TestNG-tests-1] INFO  org.UnDosTres.test.HomePageTest - Initiated HomePage Class
22:40:11.450 [TestNG-tests-1] INFO  UnDosTres - FireFoxBrowser Start Execution of test case ->validateHomePageIsGettingOpen
22:40:21.245 [TestNG-tests-1] INFO  UnDosTres - Test Case validateHomePageIsGettingOpen has been passed
22:40:21.254 [TestNG-tests-1] INFO  UnDosTres - FireFoxBrowser Start Execution of test case ->validateRecargaCelularIsShown
22:40:21.254 [TestNG-tests-1] INFO  UnDosTres - Getting text Recarga Celular
22:40:24.337 [TestNG-tests-1] INFO  org.UnDosTres.util.PerformAction - Getting the readiness of the page
22:40:24.338 [TestNG-tests-2] INFO  org.UnDosTres.util.PerformAction - Getting the readiness of the page
22:40:24.349 [TestNG-tests-1] INFO  org.UnDosTres.util.PerformAction - Page is ready
22:40:24.349 [TestNG-tests-1] INFO  org.UnDosTres.util.PerformAction - Getting text with the help of getText method
22:40:24.359 [TestNG-tests-2] INFO  org.UnDosTres.util.PerformAction - Page is ready
22:40:26.491 [TestNG-tests-2] INFO  org.UnDosTres.util.PerformAction - Waiting for the element to be clickable-->>[[FirefoxDriver: firefox on WINDOWS (42680e90-7f0c-4556-85c5-046c234b6f74)] -> xpath: //div[@to-do="mobile"]/div/div[@class="form"] //input[@name="operator"]]
22:40:32.310 [TestNG-tests-1] INFO  org.UnDosTres.util.PerformAction - Text has been found with getText method which is-->>Recarga Celular
22:40:32.318 [TestNG-tests-1] INFO  UnDosTres - Test Case validateRecargaCelularIsShown has been passed
22:40:32.324 [TestNG-tests-1] INFO  UnDosTres - FireFoxBrowser Start Execution of test case ->validateUserIsAbleToSubmitDetails
22:40:32.370 [TestNG-tests-1] INFO  org.UnDosTres.util.PerformAction - Getting the readiness of the page
22:40:32.412 [TestNG-tests-1] INFO  org.UnDosTres.util.PerformAction - Page is ready
22:40:32.413 [TestNG-tests-1] INFO  org.UnDosTres.util.PerformAction - Waiting for the element to be clickable-->>[[FirefoxDriver: firefox on WINDOWS (d321841c-0678-4a11-90f9-ce74887cdef9)] -> xpath: //div[@to-do="mobile"]/div/div[@class="form"] //input[@name="operator"]]
22:40:32.907 [TestNG-tests-1] INFO  org.UnDosTres.util.PerformAction - Successfully moved to the element and clicked-->>[[FirefoxDriver: firefox on WINDOWS (d321841c-0678-4a11-90f9-ce74887cdef9)] -> xpath: //div[@to-do="mobile"]/div/div[@class="form"] //input[@name="operator"]]
22:40:32.907 [TestNG-tests-1] INFO  UnDosTres - Click on the operator field to open the operator list
22:40:33.379 [TestNG-tests-1] INFO  UnDosTres - Oprator list has been found, number of operator in list are->14
22:40:33.379 [TestNG-tests-1] INFO  org.UnDosTres.util.PerformAction - Getting the readiness of the page
22:40:33.387 [TestNG-tests-1] INFO  org.UnDosTres.util.PerformAction - Page is ready
22:40:33.387 [TestNG-tests-1] INFO  org.UnDosTres.util.PerformAction - Getting text with the help of getText method
22:40:33.440 [TestNG-tests-1] INFO  org.UnDosTres.util.PerformAction - Text has been found with getText method which is-->>Telcel
22:40:33.440 [TestNG-tests-1] INFO  org.UnDosTres.util.PerformAction - Getting the readiness of the page
22:40:33.453 [TestNG-tests-1] INFO  org.UnDosTres.util.PerformAction - Page is ready
22:40:33.453 [TestNG-tests-1] INFO  org.UnDosTres.util.PerformAction - Waiting for the element to be clickable-->>[[FirefoxDriver: firefox on WINDOWS (d321841c-0678-4a11-90f9-ce74887cdef9)] -> xpath: //input[@id="suggested"]/../div/ul/li]
22:40:36.073 [TestNG-tests-1] INFO  org.UnDosTres.util.PerformAction - Successfully moved to the element and clicked-->>[[FirefoxDriver: firefox on WINDOWS (d321841c-0678-4a11-90f9-ce74887cdef9)] -> xpath: //input[@id="suggested"]/../div/ul/li]
22:40:36.074 [TestNG-tests-1] INFO  UnDosTres - Operator selected as Telcel successfully
22:40:36.080 [TestNG-tests-1] INFO  org.UnDosTres.util.PerformAction - Getting the readiness of the page
22:40:36.087 [TestNG-tests-1] INFO  org.UnDosTres.util.PerformAction - Page is ready
22:40:36.087 [TestNG-tests-1] INFO  org.UnDosTres.util.PerformAction - Waiting until field is clickable->[[FirefoxDriver: firefox on WINDOWS (d321841c-0678-4a11-90f9-ce74887cdef9)] -> xpath: //div[@to-do="mobile"]/div/div[@class="form"] //input[@name="mobile"]]
22:40:36.247 [TestNG-tests-1] INFO  org.UnDosTres.util.PerformAction - Moving to the element-->[[FirefoxDriver: firefox on WINDOWS (d321841c-0678-4a11-90f9-ce74887cdef9)] -> xpath: //div[@to-do="mobile"]/div/div[@class="form"] //input[@name="mobile"]]
22:40:36.279 [TestNG-tests-1] INFO  org.UnDosTres.util.PerformAction - Clear data from the field if present-->[[FirefoxDriver: firefox on WINDOWS (d321841c-0678-4a11-90f9-ce74887cdef9)] -> xpath: //div[@to-do="mobile"]/div/div[@class="form"] //input[@name="mobile"]]
22:40:36.345 [TestNG-tests-1] INFO  org.UnDosTres.util.PerformAction - Field has been populated with data-->>5523261151
22:40:37.480 [TestNG-tests-1] INFO  org.UnDosTres.util.PerformAction - Validate with attribute value that field populated with data-->>5523261151
22:40:37.480 [TestNG-tests-1] INFO  UnDosTres - Mobile Number->5523261151 has been entered successfully
22:40:37.496 [TestNG-tests-2] INFO  org.UnDosTres.util.PerformAction - Successfully moved to the element and clicked-->>[[FirefoxDriver: firefox on WINDOWS (42680e90-7f0c-4556-85c5-046c234b6f74)] -> xpath: //div[@to-do="mobile"]/div/div[@class="form"] //input[@name="operator"]]
22:40:42.381 [TestNG-tests-1] INFO  org.UnDosTres.util.PerformAction - Getting the readiness of the page
22:40:56.413 [TestNG-tests-2] INFO  UnDosTres - Click on the operator field to open the operator list
22:40:56.435 [TestNG-tests-1] INFO  org.UnDosTres.util.PerformAction - Page is ready
22:40:56.436 [TestNG-tests-1] INFO  org.UnDosTres.util.PerformAction - Waiting for the element to be clickable-->>[[FirefoxDriver: firefox on WINDOWS (d321841c-0678-4a11-90f9-ce74887cdef9)] -> xpath: //div[@to-do="mobile"]/div/div[@class="form"] //input[@name="amount"]]
22:41:15.675 [TestNG-tests-2] INFO  org.UnDosTres.test.PaymentDetailPageTest - Currently executing PaymentDetail Test cases, Initializing browser Edge
22:41:21.856 [TestNG-tests-1] INFO  UnDosTres - Browser->chrome has been opened successfully
22:41:21.856 [TestNG-tests-1] INFO  org.UnDosTres.test.HomePageTest - Browser Chrome moving to open url
22:41:22.307 [TestNG-tests-2] INFO  UnDosTres - Browser->edge has been opened successfully
22:41:27.966 [TestNG-tests-1] INFO  org.UnDosTres.test.HomePageTest - Url-->>http://prueba.undostres.com.mx has been opened successfully
22:41:27.966 [TestNG-tests-1] INFO  org.UnDosTres.test.HomePageTest - Initiated HomePage Class
22:41:27.978 [TestNG-tests-1] INFO  UnDosTres - ChromeBrowser Start Execution of test case ->validateHomePageIsGettingOpen
22:41:28.000 [TestNG-tests-1] INFO  UnDosTres - Test Case validateHomePageIsGettingOpen has been passed
22:41:28.004 [TestNG-tests-1] INFO  UnDosTres - ChromeBrowser Start Execution of test case ->validateRecargaCelularIsShown
22:41:28.006 [TestNG-tests-1] INFO  UnDosTres - Getting text Recarga Celular
22:41:28.042 [TestNG-tests-1] INFO  org.UnDosTres.util.PerformAction - Getting the readiness of the page
22:41:28.178 [TestNG-tests-2] INFO  org.UnDosTres.util.PerformAction - Getting the readiness of the page
22:41:28.184 [TestNG-tests-2] INFO  org.UnDosTres.util.PerformAction - Page is ready
22:41:28.185 [TestNG-tests-2] INFO  org.UnDosTres.util.PerformAction - Waiting for the element to be clickable-->>[[EdgeDriver: msedge on WINDOWS (295e4a381327ca04d950b37543c69341)] -> xpath: //div[@to-do="mobile"]/div/div[@class="form"] //input[@name="operator"]]
22:41:28.475 [TestNG-tests-2] INFO  org.UnDosTres.util.PerformAction - Successfully moved to the element and clicked-->>[[EdgeDriver: msedge on WINDOWS (295e4a381327ca04d950b37543c69341)] -> xpath: //div[@to-do="mobile"]/div/div[@class="form"] //input[@name="operator"]]
22:41:28.476 [TestNG-tests-2] INFO  UnDosTres - Click on the operator field to open the operator list
22:41:28.769 [TestNG-tests-2] INFO  UnDosTres - Oprator list has been found, number of operator in list are->14
22:41:28.769 [TestNG-tests-2] INFO  org.UnDosTres.util.PerformAction - Getting the readiness of the page
22:41:28.774 [TestNG-tests-2] INFO  org.UnDosTres.util.PerformAction - Page is ready
22:41:28.774 [TestNG-tests-2] INFO  org.UnDosTres.util.PerformAction - Getting text with the help of getText method
22:41:28.795 [TestNG-tests-2] INFO  org.UnDosTres.util.PerformAction - Text has been found with getText method which is-->>Telcel
22:41:28.795 [TestNG-tests-2] INFO  org.UnDosTres.util.PerformAction - Getting the readiness of the page
22:41:28.800 [TestNG-tests-2] INFO  org.UnDosTres.util.PerformAction - Page is ready
22:41:28.800 [TestNG-tests-2] INFO  org.UnDosTres.util.PerformAction - Waiting for the element to be clickable-->>[[EdgeDriver: msedge on WINDOWS (295e4a381327ca04d950b37543c69341)] -> xpath: //input[@id="suggested"]/../div/ul/li]
22:41:30.062 [TestNG-tests-1] INFO  org.UnDosTres.util.PerformAction - Page is ready
22:41:30.062 [TestNG-tests-1] INFO  org.UnDosTres.util.PerformAction - Getting text with the help of getText method
22:41:30.083 [TestNG-tests-1] INFO  org.UnDosTres.util.PerformAction - Text has been found with getText method which is-->>Recarga Celular
22:41:30.084 [TestNG-tests-1] INFO  UnDosTres - Test Case validateRecargaCelularIsShown has been passed
22:41:30.084 [TestNG-tests-2] INFO  org.UnDosTres.util.PerformAction - Successfully moved to the element and clicked-->>[[EdgeDriver: msedge on WINDOWS (295e4a381327ca04d950b37543c69341)] -> xpath: //input[@id="suggested"]/../div/ul/li]
22:41:30.084 [TestNG-tests-1] INFO  UnDosTres - ChromeBrowser Start Execution of test case ->validateUserIsAbleToSubmitDetails
22:41:30.084 [TestNG-tests-2] INFO  UnDosTres - Operator selected as Telcel successfully
22:41:30.097 [TestNG-tests-2] INFO  org.UnDosTres.util.PerformAction - Getting the readiness of the page
22:41:30.100 [TestNG-tests-1] INFO  org.UnDosTres.util.PerformAction - Getting the readiness of the page
22:41:30.102 [TestNG-tests-2] INFO  org.UnDosTres.util.PerformAction - Page is ready
22:41:30.103 [TestNG-tests-2] INFO  org.UnDosTres.util.PerformAction - Waiting until field is clickable->[[EdgeDriver: msedge on WINDOWS (295e4a381327ca04d950b37543c69341)] -> xpath: //div[@to-do="mobile"]/div/div[@class="form"] //input[@name="mobile"]]
22:41:30.105 [TestNG-tests-1] INFO  org.UnDosTres.util.PerformAction - Page is ready
22:41:30.105 [TestNG-tests-1] INFO  org.UnDosTres.util.PerformAction - Waiting for the element to be clickable-->>[[ChromeDriver: chrome on WINDOWS (93f0004609004aa9f6ea75d33ab962a2)] -> xpath: //div[@to-do="mobile"]/div/div[@class="form"] //input[@name="operator"]]
22:41:30.243 [TestNG-tests-2] INFO  org.UnDosTres.util.PerformAction - Moving to the element-->[[EdgeDriver: msedge on WINDOWS (295e4a381327ca04d950b37543c69341)] -> xpath: //div[@to-do="mobile"]/div/div[@class="form"] //input[@name="mobile"]]
22:41:30.283 [TestNG-tests-2] INFO  org.UnDosTres.util.PerformAction - Clear data from the field if present-->[[EdgeDriver: msedge on WINDOWS (295e4a381327ca04d950b37543c69341)] -> xpath: //div[@to-do="mobile"]/div/div[@class="form"] //input[@name="mobile"]]
22:41:30.345 [TestNG-tests-1] INFO  org.UnDosTres.util.PerformAction - Successfully moved to the element and clicked-->>[[ChromeDriver: chrome on WINDOWS (93f0004609004aa9f6ea75d33ab962a2)] -> xpath: //div[@to-do="mobile"]/div/div[@class="form"] //input[@name="operator"]]
22:41:30.345 [TestNG-tests-1] INFO  UnDosTres - Click on the operator field to open the operator list
22:41:30.417 [TestNG-tests-2] INFO  org.UnDosTres.util.PerformAction - Field has been populated with data-->>5523261151
22:41:30.458 [TestNG-tests-2] INFO  org.UnDosTres.util.PerformAction - Validate with attribute value that field populated with data-->>5523261151
22:41:30.459 [TestNG-tests-2] INFO  UnDosTres - Mobile Number->5523261151 has been entered successfully
22:41:30.476 [TestNG-tests-2] INFO  org.UnDosTres.util.PerformAction - Getting the readiness of the page
22:41:30.481 [TestNG-tests-2] INFO  org.UnDosTres.util.PerformAction - Page is ready
22:41:30.481 [TestNG-tests-2] INFO  org.UnDosTres.util.PerformAction - Waiting for the element to be clickable-->>[[EdgeDriver: msedge on WINDOWS (295e4a381327ca04d950b37543c69341)] -> xpath: //div[@to-do="mobile"]/div/div[@class="form"] //input[@name="amount"]]
22:41:30.614 [TestNG-tests-1] INFO  UnDosTres - Oprator list has been found, number of operator in list are->14
22:41:30.614 [TestNG-tests-1] INFO  org.UnDosTres.util.PerformAction - Getting the readiness of the page
22:41:30.619 [TestNG-tests-1] INFO  org.UnDosTres.util.PerformAction - Page is ready
22:41:30.620 [TestNG-tests-1] INFO  org.UnDosTres.util.PerformAction - Getting text with the help of getText method
22:41:30.639 [TestNG-tests-1] INFO  org.UnDosTres.util.PerformAction - Text has been found with getText method which is-->>Telcel
22:41:30.639 [TestNG-tests-1] INFO  org.UnDosTres.util.PerformAction - Getting the readiness of the page
22:41:30.646 [TestNG-tests-1] INFO  org.UnDosTres.util.PerformAction - Page is ready
22:41:30.646 [TestNG-tests-1] INFO  org.UnDosTres.util.PerformAction - Waiting for the element to be clickable-->>[[ChromeDriver: chrome on WINDOWS (93f0004609004aa9f6ea75d33ab962a2)] -> xpath: //input[@id="suggested"]/../div/ul/li]
22:41:30.689 [TestNG-tests-2] INFO  org.UnDosTres.util.PerformAction - Successfully moved to the element and clicked-->>[[EdgeDriver: msedge on WINDOWS (295e4a381327ca04d950b37543c69341)] -> xpath: //div[@to-do="mobile"]/div/div[@class="form"] //input[@name="amount"]]
22:41:30.689 [TestNG-tests-2] INFO  UnDosTres - Getting recharge type web element Recarga Saldo
22:41:30.702 [TestNG-tests-2] INFO  UnDosTres - Recharge type webelement has been found successfully
22:41:30.702 [TestNG-tests-2] INFO  org.UnDosTres.util.PerformAction - Getting the readiness of the page
22:41:30.710 [TestNG-tests-2] INFO  org.UnDosTres.util.PerformAction - Page is ready
22:41:30.710 [TestNG-tests-2] INFO  org.UnDosTres.util.PerformAction - Waiting for the element to be clickable-->>[[EdgeDriver: msedge on WINDOWS (295e4a381327ca04d950b37543c69341)] -> xpath: //div[@class="category-tab "]/div[text()="Recarga Saldo"]]
22:41:30.843 [TestNG-tests-1] INFO  org.UnDosTres.util.PerformAction - Successfully moved to the element and clicked-->>[[ChromeDriver: chrome on WINDOWS (93f0004609004aa9f6ea75d33ab962a2)] -> xpath: //input[@id="suggested"]/../div/ul/li]
22:41:30.843 [TestNG-tests-1] INFO  UnDosTres - Operator selected as Telcel successfully
22:41:30.856 [TestNG-tests-1] INFO  org.UnDosTres.util.PerformAction - Getting the readiness of the page
22:41:30.862 [TestNG-tests-1] INFO  org.UnDosTres.util.PerformAction - Page is ready
22:41:30.862 [TestNG-tests-1] INFO  org.UnDosTres.util.PerformAction - Waiting until field is clickable->[[ChromeDriver: chrome on WINDOWS (93f0004609004aa9f6ea75d33ab962a2)] -> xpath: //div[@to-do="mobile"]/div/div[@class="form"] //input[@name="mobile"]]
22:41:30.884 [TestNG-tests-2] INFO  org.UnDosTres.util.PerformAction - Successfully moved to the element and clicked-->>[[EdgeDriver: msedge on WINDOWS (295e4a381327ca04d950b37543c69341)] -> xpath: //div[@class="category-tab "]/div[text()="Recarga Saldo"]]
22:41:30.884 [TestNG-tests-2] INFO  UnDosTres - Click over Recharge type->Recarga Saldo
22:41:30.900 [TestNG-tests-2] INFO  org.UnDosTres.util.PerformAction - Getting the readiness of the page
22:41:30.910 [TestNG-tests-2] INFO  org.UnDosTres.util.PerformAction - Page is ready
22:41:30.910 [TestNG-tests-2] INFO  org.UnDosTres.util.PerformAction - Getting text with the help of getText method
22:41:30.928 [TestNG-tests-2] INFO  org.UnDosTres.util.PerformAction - Text has been found with getText method which is-->>Recarga Saldo
22:41:31.004 [TestNG-tests-1] INFO  org.UnDosTres.util.PerformAction - Moving to the element-->[[ChromeDriver: chrome on WINDOWS (93f0004609004aa9f6ea75d33ab962a2)] -> xpath: //div[@to-do="mobile"]/div/div[@class="form"] //input[@name="mobile"]]
22:41:31.036 [TestNG-tests-1] INFO  org.UnDosTres.util.PerformAction - Clear data from the field if present-->[[ChromeDriver: chrome on WINDOWS (93f0004609004aa9f6ea75d33ab962a2)] -> xpath: //div[@to-do="mobile"]/div/div[@class="form"] //input[@name="mobile"]]
22:41:31.049 [TestNG-tests-2] INFO  UnDosTres - Clicked on the amount 10
22:41:31.049 [TestNG-tests-2] INFO  UnDosTres - Going to click on submit button to move towards payment page
22:41:31.067 [TestNG-tests-2] INFO  org.UnDosTres.util.PerformAction - Getting the readiness of the page
22:41:31.079 [TestNG-tests-2] INFO  org.UnDosTres.util.PerformAction - Page is ready
22:41:31.079 [TestNG-tests-2] INFO  org.UnDosTres.util.PerformAction - Waiting for the element to be clickable-->>[[EdgeDriver: msedge on WINDOWS (295e4a381327ca04d950b37543c69341)] -> xpath: //div[@to-do="mobile"]/div //button]
22:41:31.150 [TestNG-tests-1] INFO  org.UnDosTres.util.PerformAction - Field has been populated with data-->>5523261151
22:41:31.178 [TestNG-tests-1] INFO  org.UnDosTres.util.PerformAction - Validate with attribute value that field populated with data-->>5523261151
22:41:31.178 [TestNG-tests-1] INFO  UnDosTres - Mobile Number->5523261151 has been entered successfully
22:41:31.202 [TestNG-tests-1] INFO  org.UnDosTres.util.PerformAction - Getting the readiness of the page
22:41:31.212 [TestNG-tests-1] INFO  org.UnDosTres.util.PerformAction - Page is ready
22:41:31.213 [TestNG-tests-1] INFO  org.UnDosTres.util.PerformAction - Waiting for the element to be clickable-->>[[ChromeDriver: chrome on WINDOWS (93f0004609004aa9f6ea75d33ab962a2)] -> xpath: //div[@to-do="mobile"]/div/div[@class="form"] //input[@name="amount"]]
22:41:31.445 [TestNG-tests-1] INFO  org.UnDosTres.util.PerformAction - Successfully moved to the element and clicked-->>[[ChromeDriver: chrome on WINDOWS (93f0004609004aa9f6ea75d33ab962a2)] -> xpath: //div[@to-do="mobile"]/div/div[@class="form"] //input[@name="amount"]]
22:41:31.445 [TestNG-tests-1] INFO  UnDosTres - Getting recharge type web element Recarga Saldo
22:41:31.460 [TestNG-tests-1] INFO  UnDosTres - Recharge type webelement has been found successfully
22:41:31.460 [TestNG-tests-1] INFO  org.UnDosTres.util.PerformAction - Getting the readiness of the page
22:41:31.466 [TestNG-tests-1] INFO  org.UnDosTres.util.PerformAction - Page is ready
22:41:31.466 [TestNG-tests-1] INFO  org.UnDosTres.util.PerformAction - Waiting for the element to be clickable-->>[[ChromeDriver: chrome on WINDOWS (93f0004609004aa9f6ea75d33ab962a2)] -> xpath: //div[@class="category-tab "]/div[text()="Recarga Saldo"]]
22:41:31.681 [TestNG-tests-1] INFO  org.UnDosTres.util.PerformAction - Successfully moved to the element and clicked-->>[[ChromeDriver: chrome on WINDOWS (93f0004609004aa9f6ea75d33ab962a2)] -> xpath: //div[@class="category-tab "]/div[text()="Recarga Saldo"]]
22:41:31.681 [TestNG-tests-1] INFO  UnDosTres - Click over Recharge type->Recarga Saldo
22:41:31.696 [TestNG-tests-2] INFO  org.UnDosTres.util.PerformAction - Successfully moved to the element and clicked-->>[[EdgeDriver: msedge on WINDOWS (295e4a381327ca04d950b37543c69341)] -> xpath: //div[@to-do="mobile"]/div //button]
22:41:31.696 [TestNG-tests-2] INFO  UnDosTres - Clicked on perform payment button
22:41:31.746 [TestNG-tests-1] INFO  org.UnDosTres.util.PerformAction - Getting the readiness of the page
22:41:31.753 [TestNG-tests-1] INFO  org.UnDosTres.util.PerformAction - Page is ready
22:41:31.755 [TestNG-tests-1] INFO  org.UnDosTres.util.PerformAction - Getting text with the help of getText method
22:41:31.787 [TestNG-tests-1] INFO  org.UnDosTres.util.PerformAction - Text has been found with getText method which is-->>Recarga Saldo
22:41:31.964 [TestNG-tests-1] INFO  UnDosTres - Clicked on the amount 10
22:41:31.964 [TestNG-tests-1] INFO  UnDosTres - Going to click on submit button to move towards payment page
22:41:31.986 [TestNG-tests-1] INFO  org.UnDosTres.util.PerformAction - Getting the readiness of the page
22:41:31.996 [TestNG-tests-1] INFO  org.UnDosTres.util.PerformAction - Page is ready
22:41:31.996 [TestNG-tests-1] INFO  org.UnDosTres.util.PerformAction - Waiting for the element to be clickable-->>[[ChromeDriver: chrome on WINDOWS (93f0004609004aa9f6ea75d33ab962a2)] -> xpath: //div[@to-do="mobile"]/div //button]
22:41:32.766 [TestNG-tests-1] INFO  org.UnDosTres.util.PerformAction - Successfully moved to the element and clicked-->>[[ChromeDriver: chrome on WINDOWS (93f0004609004aa9f6ea75d33ab962a2)] -> xpath: //div[@to-do="mobile"]/div //button]
22:41:32.766 [TestNG-tests-1] INFO  UnDosTres - Clicked on perform payment button
22:41:38.259 [TestNG-tests-2] INFO  org.UnDosTres.util.PerformAction - Getting the readiness of the page
22:41:39.108 [TestNG-tests-1] INFO  UnDosTres - Going to take screenshot for test case->validateUserIsAbleToSubmitDetails
22:41:39.108 [TestNG-tests-1] INFO  UnDosTres - Screenshot has been taken
22:41:39.505 [TestNG-tests-1] INFO  UnDosTres - Screenshot has been stored in screenshot folder
22:41:42.849 [TestNG-tests-2] INFO  org.UnDosTres.util.PerformAction - Page is ready
22:41:42.849 [TestNG-tests-2] INFO  org.UnDosTres.util.PerformAction - Waiting for the element to be clickable-->>[[EdgeDriver: msedge on WINDOWS (295e4a381327ca04d950b37543c69341)] -> xpath: //a[contains(@class,'select-card')]]
22:41:43.094 [TestNG-tests-2] INFO  org.UnDosTres.util.PerformAction - Successfully moved to the element and clicked-->>[[EdgeDriver: msedge on WINDOWS (295e4a381327ca04d950b37543c69341)] -> xpath: //a[contains(@class,'select-card')]]
22:41:43.109 [TestNG-tests-2] INFO  org.UnDosTres.util.PerformAction - Getting the readiness of the page
22:41:43.138 [TestNG-tests-2] INFO  org.UnDosTres.util.PerformAction - Page is ready
22:41:43.138 [TestNG-tests-2] INFO  org.UnDosTres.util.PerformAction - Waiting until field is clickable->[[EdgeDriver: msedge on WINDOWS (295e4a381327ca04d950b37543c69341)] -> xpath: //div[@class="card-info-box"] //input[@name="cardname"]]
22:41:43.276 [TestNG-tests-2] INFO  org.UnDosTres.util.PerformAction - Moving to the element-->[[EdgeDriver: msedge on WINDOWS (295e4a381327ca04d950b37543c69341)] -> xpath: //div[@class="card-info-box"] //input[@name="cardname"]]
22:41:43.304 [TestNG-tests-2] INFO  org.UnDosTres.util.PerformAction - Clear data from the field if present-->[[EdgeDriver: msedge on WINDOWS (295e4a381327ca04d950b37543c69341)] -> xpath: //div[@class="card-info-box"] //input[@name="cardname"]]
22:41:43.378 [TestNG-tests-2] INFO  org.UnDosTres.util.PerformAction - Field has been populated with data-->>Test
22:41:43.429 [TestNG-tests-2] INFO  org.UnDosTres.util.PerformAction - Validate with attribute value that field populated with data-->>Test
22:41:43.457 [TestNG-tests-2] INFO  org.UnDosTres.util.PerformAction - Getting the readiness of the page
22:41:43.473 [TestNG-tests-2] INFO  org.UnDosTres.util.PerformAction - Page is ready
22:41:43.473 [TestNG-tests-2] INFO  org.UnDosTres.util.PerformAction - Waiting until field is clickable->[[EdgeDriver: msedge on WINDOWS (295e4a381327ca04d950b37543c69341)] -> id: cardnumberunique]
22:41:43.666 [TestNG-tests-2] INFO  org.UnDosTres.util.PerformAction - Moving to the element-->[[EdgeDriver: msedge on WINDOWS (295e4a381327ca04d950b37543c69341)] -> id: cardnumberunique]
22:41:43.697 [TestNG-tests-2] INFO  org.UnDosTres.util.PerformAction - Clear data from the field if present-->[[EdgeDriver: msedge on WINDOWS (295e4a381327ca04d950b37543c69341)] -> id: cardnumberunique]
22:41:43.838 [TestNG-tests-2] INFO  org.UnDosTres.util.PerformAction - Field has been populated with data-->>4111111111111111
22:41:43.928 [TestNG-tests-2] INFO  org.UnDosTres.util.PerformAction - Validate with attribute value that field populated with data-->>4111111111111111
22:41:43.954 [TestNG-tests-2] INFO  org.UnDosTres.util.PerformAction - Getting the readiness of the page
22:41:43.961 [TestNG-tests-2] INFO  org.UnDosTres.util.PerformAction - Page is ready
22:41:43.961 [TestNG-tests-2] INFO  org.UnDosTres.util.PerformAction - Waiting until field is clickable->[[EdgeDriver: msedge on WINDOWS (295e4a381327ca04d950b37543c69341)] -> xpath: //div[@class="card-info-box"] //input[@name="expmonth"]]
22:41:44.113 [TestNG-tests-2] INFO  org.UnDosTres.util.PerformAction - Moving to the element-->[[EdgeDriver: msedge on WINDOWS (295e4a381327ca04d950b37543c69341)] -> xpath: //div[@class="card-info-box"] //input[@name="expmonth"]]
22:41:44.138 [TestNG-tests-2] INFO  org.UnDosTres.util.PerformAction - Clear data from the field if present-->[[EdgeDriver: msedge on WINDOWS (295e4a381327ca04d950b37543c69341)] -> xpath: //div[@class="card-info-box"] //input[@name="expmonth"]]
22:41:44.182 [TestNG-tests-2] INFO  org.UnDosTres.util.PerformAction - Field has been populated with data-->>11
22:41:44.207 [TestNG-tests-2] INFO  org.UnDosTres.util.PerformAction - Validate with attribute value that field populated with data-->>11
22:41:44.221 [TestNG-tests-2] INFO  org.UnDosTres.util.PerformAction - Getting the readiness of the page
22:41:44.232 [TestNG-tests-2] INFO  org.UnDosTres.util.PerformAction - Page is ready
22:41:44.232 [TestNG-tests-2] INFO  org.UnDosTres.util.PerformAction - Waiting until field is clickable->[[EdgeDriver: msedge on WINDOWS (295e4a381327ca04d950b37543c69341)] -> xpath: //div[@class="card-info-box"] //input[@name="expyear"]]
22:41:44.379 [TestNG-tests-2] INFO  org.UnDosTres.util.PerformAction - Moving to the element-->[[EdgeDriver: msedge on WINDOWS (295e4a381327ca04d950b37543c69341)] -> xpath: //div[@class="card-info-box"] //input[@name="expyear"]]
22:41:44.410 [TestNG-tests-2] INFO  org.UnDosTres.util.PerformAction - Clear data from the field if present-->[[EdgeDriver: msedge on WINDOWS (295e4a381327ca04d950b37543c69341)] -> xpath: //div[@class="card-info-box"] //input[@name="expyear"]]
22:41:44.461 [TestNG-tests-2] INFO  org.UnDosTres.util.PerformAction - Field has been populated with data-->>2025
22:41:44.490 [TestNG-tests-2] INFO  org.UnDosTres.util.PerformAction - Validate with attribute value that field populated with data-->>2025
22:41:44.506 [TestNG-tests-2] INFO  org.UnDosTres.util.PerformAction - Getting the readiness of the page
22:41:44.518 [TestNG-tests-2] INFO  org.UnDosTres.util.PerformAction - Page is ready
22:41:44.518 [TestNG-tests-2] INFO  org.UnDosTres.util.PerformAction - Waiting until field is clickable->[[EdgeDriver: msedge on WINDOWS (295e4a381327ca04d950b37543c69341)] -> xpath: //div[@class="card-info-box"] //input[@name="cvvno"]]
22:41:44.671 [TestNG-tests-2] INFO  org.UnDosTres.util.PerformAction - Moving to the element-->[[EdgeDriver: msedge on WINDOWS (295e4a381327ca04d950b37543c69341)] -> xpath: //div[@class="card-info-box"] //input[@name="cvvno"]]
22:41:44.721 [TestNG-tests-2] INFO  org.UnDosTres.util.PerformAction - Clear data from the field if present-->[[EdgeDriver: msedge on WINDOWS (295e4a381327ca04d950b37543c69341)] -> xpath: //div[@class="card-info-box"] //input[@name="cvvno"]]
22:41:44.799 [TestNG-tests-2] INFO  org.UnDosTres.util.PerformAction - Field has been populated with data-->>111
22:41:44.818 [TestNG-tests-2] INFO  org.UnDosTres.util.PerformAction - Validate with attribute value that field populated with data-->>111
22:41:44.831 [TestNG-tests-2] INFO  org.UnDosTres.util.PerformAction - Getting the readiness of the page
22:41:44.836 [TestNG-tests-2] INFO  org.UnDosTres.util.PerformAction - Page is ready
22:41:44.836 [TestNG-tests-2] INFO  org.UnDosTres.util.PerformAction - Waiting until field is clickable->[[EdgeDriver: msedge on WINDOWS (295e4a381327ca04d950b37543c69341)] -> css selector: div#email_block input.email]
22:41:44.979 [TestNG-tests-2] INFO  org.UnDosTres.util.PerformAction - Moving to the element-->[[EdgeDriver: msedge on WINDOWS (295e4a381327ca04d950b37543c69341)] -> css selector: div#email_block input.email]
22:41:45.007 [TestNG-tests-2] INFO  org.UnDosTres.util.PerformAction - Clear data from the field if present-->[[EdgeDriver: msedge on WINDOWS (295e4a381327ca04d950b37543c69341)] -> css selector: div#email_block input.email]
22:41:45.077 [TestNG-tests-2] INFO  org.UnDosTres.util.PerformAction - Field has been populated with data-->>test@test.com
22:41:45.100 [TestNG-tests-2] INFO  org.UnDosTres.util.PerformAction - Validate with attribute value that field populated with data-->>test@test.com
22:41:45.113 [TestNG-tests-2] INFO  org.UnDosTres.util.PerformAction - Getting the readiness of the page
22:41:45.118 [TestNG-tests-2] INFO  org.UnDosTres.util.PerformAction - Page is ready
22:41:45.118 [TestNG-tests-2] INFO  org.UnDosTres.util.PerformAction - Waiting for the element to be clickable-->>[[EdgeDriver: msedge on WINDOWS (295e4a381327ca04d950b37543c69341)] -> name: formsubmit]
22:41:45.658 [TestNG-tests-2] INFO  org.UnDosTres.util.PerformAction - Successfully moved to the element and clicked-->>[[EdgeDriver: msedge on WINDOWS (295e4a381327ca04d950b37543c69341)] -> name: formsubmit]
22:41:45.659 [TestNG-tests-2] INFO  UnDosTres - EdgeBrowser Start Execution of test case ->validatePaymentHasBeenCompletedThroughCard
22:41:45.725 [TestNG-tests-2] INFO  org.UnDosTres.util.PerformAction - Getting the readiness of the page
22:41:45.737 [TestNG-tests-2] INFO  org.UnDosTres.util.PerformAction - Page is ready
22:41:45.737 [TestNG-tests-2] INFO  org.UnDosTres.util.PerformAction - Waiting until field is clickable->[[EdgeDriver: msedge on WINDOWS (295e4a381327ca04d950b37543c69341)] -> css selector: #usrname]
22:41:46.394 [TestNG-tests-2] INFO  org.UnDosTres.util.PerformAction - Moving to the element-->[[EdgeDriver: msedge on WINDOWS (295e4a381327ca04d950b37543c69341)] -> css selector: #usrname]
22:41:46.423 [TestNG-tests-2] INFO  org.UnDosTres.util.PerformAction - Clear data from the field if present-->[[EdgeDriver: msedge on WINDOWS (295e4a381327ca04d950b37543c69341)] -> css selector: #usrname]
22:41:46.599 [TestNG-tests-2] INFO  org.UnDosTres.util.PerformAction - Field has been populated with data-->>automationexcersise@test.com
22:41:46.628 [TestNG-tests-2] INFO  org.UnDosTres.util.PerformAction - Validate with attribute value that field populated with data-->>automationexcersise@test.com
22:41:46.645 [TestNG-tests-2] INFO  org.UnDosTres.util.PerformAction - Getting the readiness of the page
22:41:46.653 [TestNG-tests-2] INFO  org.UnDosTres.util.PerformAction - Page is ready
22:41:46.653 [TestNG-tests-2] INFO  org.UnDosTres.util.PerformAction - Waiting until field is clickable->[[EdgeDriver: msedge on WINDOWS (295e4a381327ca04d950b37543c69341)] -> css selector: #psw]
22:41:46.817 [TestNG-tests-2] INFO  org.UnDosTres.util.PerformAction - Moving to the element-->[[EdgeDriver: msedge on WINDOWS (295e4a381327ca04d950b37543c69341)] -> css selector: #psw]
22:41:46.871 [TestNG-tests-2] INFO  org.UnDosTres.util.PerformAction - Clear data from the field if present-->[[EdgeDriver: msedge on WINDOWS (295e4a381327ca04d950b37543c69341)] -> css selector: #psw]
22:41:46.945 [TestNG-tests-1] INFO  UnDosTres - Browser->firefox has been opened successfully
22:41:46.946 [TestNG-tests-1] INFO  org.UnDosTres.test.HomePageTest - Browser FireFox moving to open url
22:41:46.952 [TestNG-tests-2] INFO  org.UnDosTres.util.PerformAction - Field has been populated with data-->>123456
22:41:47.021 [TestNG-tests-2] INFO  org.UnDosTres.util.PerformAction - Validate with attribute value that field populated with data-->>123456
22:41:47.037 [TestNG-tests-2] INFO  org.UnDosTres.pages.PaymentDetailPage - Number of iframes are 9
22:41:47.100 [TestNG-tests-2] INFO  org.UnDosTres.util.PerformAction - Getting the readiness of the page
22:41:47.106 [TestNG-tests-2] INFO  org.UnDosTres.util.PerformAction - Page is ready
22:41:47.106 [TestNG-tests-2] INFO  org.UnDosTres.util.PerformAction - Waiting for the element to be clickable-->>[[EdgeDriver: msedge on WINDOWS (295e4a381327ca04d950b37543c69341)] -> css selector: #recaptcha-anchor]
22:41:47.392 [TestNG-tests-2] INFO  org.UnDosTres.util.PerformAction - Successfully moved to the element and clicked-->>[[EdgeDriver: msedge on WINDOWS (295e4a381327ca04d950b37543c69341)] -> css selector: #recaptcha-anchor]
22:41:47.408 [TestNG-tests-2] INFO  org.UnDosTres.util.PerformAction - Getting the readiness of the page
22:41:47.416 [TestNG-tests-2] INFO  org.UnDosTres.util.PerformAction - Page is ready
22:41:47.416 [TestNG-tests-2] INFO  org.UnDosTres.util.PerformAction - Waiting for the element to be clickable-->>[[EdgeDriver: msedge on WINDOWS (295e4a381327ca04d950b37543c69341)] -> css selector: button#loginBtn]
22:41:48.117 [TestNG-tests-2] INFO  org.UnDosTres.util.PerformAction - Successfully moved to the element and clicked-->>[[EdgeDriver: msedge on WINDOWS (295e4a381327ca04d950b37543c69341)] -> css selector: button#loginBtn]
22:41:48.117 [TestNG-tests-2] ERROR org.UnDosTres.pages.PaymentDetailPage - Waiting for invisibility of the pop up and naviagtion to payment done page
22:41:51.621 [TestNG-tests-1] INFO  org.UnDosTres.test.HomePageTest - Url-->>http://prueba.undostres.com.mx has been opened successfully
22:41:51.621 [TestNG-tests-1] INFO  org.UnDosTres.test.HomePageTest - Initiated HomePage Class
22:41:51.622 [TestNG-tests-1] INFO  UnDosTres - FireFoxBrowser Start Execution of test case ->validateHomePageIsGettingOpen
22:41:51.625 [TestNG-tests-1] INFO  UnDosTres - Test Case validateHomePageIsGettingOpen has been passed
22:41:51.626 [TestNG-tests-1] INFO  UnDosTres - FireFoxBrowser Start Execution of test case ->validateRecargaCelularIsShown
22:41:51.627 [TestNG-tests-1] INFO  UnDosTres - Getting text Recarga Celular
22:41:51.643 [TestNG-tests-1] INFO  org.UnDosTres.util.PerformAction - Getting the readiness of the page
22:41:51.706 [TestNG-tests-1] INFO  org.UnDosTres.util.PerformAction - Page is ready
22:41:51.707 [TestNG-tests-1] INFO  org.UnDosTres.util.PerformAction - Getting text with the help of getText method
22:41:51.931 [TestNG-tests-1] INFO  org.UnDosTres.util.PerformAction - Text has been found with getText method which is-->>Recarga Celular
22:41:51.931 [TestNG-tests-1] INFO  UnDosTres - Test Case validateRecargaCelularIsShown has been passed
22:41:51.932 [TestNG-tests-1] INFO  UnDosTres - FireFoxBrowser Start Execution of test case ->validateUserIsAbleToSubmitDetails
22:41:51.940 [TestNG-tests-1] INFO  org.UnDosTres.util.PerformAction - Getting the readiness of the page
22:41:51.948 [TestNG-tests-1] INFO  org.UnDosTres.util.PerformAction - Page is ready
22:41:51.948 [TestNG-tests-1] INFO  org.UnDosTres.util.PerformAction - Waiting for the element to be clickable-->>[[FirefoxDriver: firefox on WINDOWS (2d76a4c8-e51d-4e72-9282-8ef9d59ac698)] -> xpath: //div[@to-do="mobile"]/div/div[@class="form"] //input[@name="operator"]]
22:41:52.159 [TestNG-tests-1] INFO  org.UnDosTres.util.PerformAction - Successfully moved to the element and clicked-->>[[FirefoxDriver: firefox on WINDOWS (2d76a4c8-e51d-4e72-9282-8ef9d59ac698)] -> xpath: //div[@to-do="mobile"]/div/div[@class="form"] //input[@name="operator"]]
22:41:52.159 [TestNG-tests-1] INFO  UnDosTres - Click on the operator field to open the operator list
22:41:52.473 [TestNG-tests-1] INFO  UnDosTres - Oprator list has been found, number of operator in list are->14
22:41:52.473 [TestNG-tests-1] INFO  org.UnDosTres.util.PerformAction - Getting the readiness of the page
22:41:52.479 [TestNG-tests-1] INFO  org.UnDosTres.util.PerformAction - Page is ready
22:41:52.479 [TestNG-tests-1] INFO  org.UnDosTres.util.PerformAction - Getting text with the help of getText method
22:41:52.509 [TestNG-tests-1] INFO  org.UnDosTres.util.PerformAction - Text has been found with getText method which is-->>Telcel
22:41:52.509 [TestNG-tests-1] INFO  org.UnDosTres.util.PerformAction - Getting the readiness of the page
22:41:52.514 [TestNG-tests-1] INFO  org.UnDosTres.util.PerformAction - Page is ready
22:41:52.515 [TestNG-tests-1] INFO  org.UnDosTres.util.PerformAction - Waiting for the element to be clickable-->>[[FirefoxDriver: firefox on WINDOWS (2d76a4c8-e51d-4e72-9282-8ef9d59ac698)] -> xpath: //input[@id="suggested"]/../div/ul/li]
22:41:52.707 [TestNG-tests-1] INFO  org.UnDosTres.util.PerformAction - Successfully moved to the element and clicked-->>[[FirefoxDriver: firefox on WINDOWS (2d76a4c8-e51d-4e72-9282-8ef9d59ac698)] -> xpath: //input[@id="suggested"]/../div/ul/li]
22:41:52.707 [TestNG-tests-1] INFO  UnDosTres - Operator selected as Telcel successfully
22:41:52.717 [TestNG-tests-1] INFO  org.UnDosTres.util.PerformAction - Getting the readiness of the page
22:41:52.720 [TestNG-tests-1] INFO  org.UnDosTres.util.PerformAction - Page is ready
22:41:52.721 [TestNG-tests-1] INFO  org.UnDosTres.util.PerformAction - Waiting until field is clickable->[[FirefoxDriver: firefox on WINDOWS (2d76a4c8-e51d-4e72-9282-8ef9d59ac698)] -> xpath: //div[@to-do="mobile"]/div/div[@class="form"] //input[@name="mobile"]]
22:41:52.875 [TestNG-tests-1] INFO  org.UnDosTres.util.PerformAction - Moving to the element-->[[FirefoxDriver: firefox on WINDOWS (2d76a4c8-e51d-4e72-9282-8ef9d59ac698)] -> xpath: //div[@to-do="mobile"]/div/div[@class="form"] //input[@name="mobile"]]
22:41:52.889 [TestNG-tests-1] INFO  org.UnDosTres.util.PerformAction - Clear data from the field if present-->[[FirefoxDriver: firefox on WINDOWS (2d76a4c8-e51d-4e72-9282-8ef9d59ac698)] -> xpath: //div[@to-do="mobile"]/div/div[@class="form"] //input[@name="mobile"]]
22:41:52.922 [TestNG-tests-1] INFO  org.UnDosTres.util.PerformAction - Field has been populated with data-->>5523261151
22:41:52.936 [TestNG-tests-1] INFO  org.UnDosTres.util.PerformAction - Validate with attribute value that field populated with data-->>5523261151
22:41:52.936 [TestNG-tests-1] INFO  UnDosTres - Mobile Number->5523261151 has been entered successfully
22:41:52.941 [TestNG-tests-1] INFO  org.UnDosTres.util.PerformAction - Getting the readiness of the page
22:41:52.946 [TestNG-tests-1] INFO  org.UnDosTres.util.PerformAction - Page is ready
22:41:52.947 [TestNG-tests-1] INFO  org.UnDosTres.util.PerformAction - Waiting for the element to be clickable-->>[[FirefoxDriver: firefox on WINDOWS (2d76a4c8-e51d-4e72-9282-8ef9d59ac698)] -> xpath: //div[@to-do="mobile"]/div/div[@class="form"] //input[@name="amount"]]
22:41:53.165 [TestNG-tests-1] INFO  org.UnDosTres.util.PerformAction - Successfully moved to the element and clicked-->>[[FirefoxDriver: firefox on WINDOWS (2d76a4c8-e51d-4e72-9282-8ef9d59ac698)] -> xpath: //div[@to-do="mobile"]/div/div[@class="form"] //input[@name="amount"]]
22:41:53.165 [TestNG-tests-1] INFO  UnDosTres - Getting recharge type web element Recarga Saldo
22:41:53.171 [TestNG-tests-1] INFO  UnDosTres - Recharge type webelement has been found successfully
22:41:53.171 [TestNG-tests-1] INFO  org.UnDosTres.util.PerformAction - Getting the readiness of the page
22:41:53.178 [TestNG-tests-1] INFO  org.UnDosTres.util.PerformAction - Page is ready
22:41:53.179 [TestNG-tests-1] INFO  org.UnDosTres.util.PerformAction - Waiting for the element to be clickable-->>[[FirefoxDriver: firefox on WINDOWS (2d76a4c8-e51d-4e72-9282-8ef9d59ac698)] -> xpath: //div[@class="category-tab "]/div[text()="Recarga Saldo"]]
22:41:53.381 [TestNG-tests-1] INFO  org.UnDosTres.util.PerformAction - Successfully moved to the element and clicked-->>[[FirefoxDriver: firefox on WINDOWS (2d76a4c8-e51d-4e72-9282-8ef9d59ac698)] -> xpath: //div[@class="category-tab "]/div[text()="Recarga Saldo"]]
22:41:53.381 [TestNG-tests-1] INFO  UnDosTres - Click over Recharge type->Recarga Saldo
22:41:53.387 [TestNG-tests-1] INFO  org.UnDosTres.util.PerformAction - Getting the readiness of the page
22:41:53.391 [TestNG-tests-1] INFO  org.UnDosTres.util.PerformAction - Page is ready
22:41:53.391 [TestNG-tests-1] INFO  org.UnDosTres.util.PerformAction - Getting text with the help of getText method
22:41:53.404 [TestNG-tests-1] INFO  org.UnDosTres.util.PerformAction - Text has been found with getText method which is-->>Recarga Saldo
22:41:53.696 [TestNG-tests-1] INFO  UnDosTres - Clicked on the amount 10
22:41:53.696 [TestNG-tests-1] INFO  UnDosTres - Going to click on submit button to move towards payment page
22:41:53.701 [TestNG-tests-1] INFO  org.UnDosTres.util.PerformAction - Getting the readiness of the page
22:41:53.706 [TestNG-tests-1] INFO  org.UnDosTres.util.PerformAction - Page is ready
22:41:53.706 [TestNG-tests-1] INFO  org.UnDosTres.util.PerformAction - Waiting for the element to be clickable-->>[[FirefoxDriver: firefox on WINDOWS (2d76a4c8-e51d-4e72-9282-8ef9d59ac698)] -> xpath: //div[@to-do="mobile"]/div //button]
22:41:54.213 [TestNG-tests-1] INFO  org.UnDosTres.util.PerformAction - Successfully moved to the element and clicked-->>[[FirefoxDriver: firefox on WINDOWS (2d76a4c8-e51d-4e72-9282-8ef9d59ac698)] -> xpath: //div[@to-do="mobile"]/div //button]
22:41:54.213 [TestNG-tests-1] INFO  UnDosTres - Clicked on perform payment button
22:41:57.290 [TestNG-tests-1] INFO  UnDosTres - Going to take screenshot for test case->validateUserIsAbleToSubmitDetails
22:41:57.290 [TestNG-tests-1] INFO  UnDosTres - Screenshot has been taken
22:41:57.373 [TestNG-tests-1] INFO  UnDosTres - Screenshot has been stored in screenshot folder
22:42:08.388 [TestNG-tests-2] ERROR org.UnDosTres.pages.PaymentDetailPage - Pop Up Is Still Visbile Unable to check if recharge is successfull 
org.openqa.selenium.TimeoutException: Expected condition failed: waiting for element to no longer be visible: By.cssSelector: img.fbloginButton (tried for 20 second(s) with 2000 milliseconds interval)
Build info: version: '3.141.59', revision: 'e82be7d358', time: '2018-11-14T08:17:03'
System info: host: 'LAPTOP-S4EEHFLF', ip: '192.168.1.6', os.name: 'Windows 10', os.arch: 'amd64', os.version: '10.0', java.version: '1.8.0_261'
Driver info: driver.version: unknown
	at org.UnDosTres.pages.PaymentDetailPage.fillPopUpAndClickSubmit(PaymentDetailPage.java:165) ~[classes/:?]
	at org.UnDosTres.test.PaymentDetailPageTest.validatePaymentHasBeenCompletedThroughCard(PaymentDetailPageTest.java:95) ~[test-classes/:?]
	at sun.reflect.NativeMethodAccessorImpl.invoke0(Native Method) ~[?:1.8.0_261]
	at sun.reflect.NativeMethodAccessorImpl.invoke(NativeMethodAccessorImpl.java:62) ~[?:1.8.0_261]
	at sun.reflect.DelegatingMethodAccessorImpl.invoke(DelegatingMethodAccessorImpl.java:43) ~[?:1.8.0_261]
	at java.lang.reflect.Method.invoke(Method.java:498) ~[?:1.8.0_261]
	at org.testng.internal.MethodInvocationHelper.invokeMethod(MethodInvocationHelper.java:134) ~[testng-7.1.0.jar:?]
	at org.testng.internal.TestInvoker.invokeMethod(TestInvoker.java:597) ~[testng-7.1.0.jar:?]
	at org.testng.internal.TestInvoker.invokeTestMethod(TestInvoker.java:173) ~[testng-7.1.0.jar:?]
	at org.testng.internal.MethodRunner.runInSequence(MethodRunner.java:46) ~[testng-7.1.0.jar:?]
	at org.testng.internal.TestInvoker$MethodInvocationAgent.invoke(TestInvoker.java:816) ~[testng-7.1.0.jar:?]
	at org.testng.internal.TestInvoker.invokeTestMethods(TestInvoker.java:146) ~[testng-7.1.0.jar:?]
	at org.testng.internal.TestMethodWorker.invokeTestMethods(TestMethodWorker.java:146) ~[testng-7.1.0.jar:?]
	at org.testng.internal.TestMethodWorker.run(TestMethodWorker.java:128) ~[testng-7.1.0.jar:?]
	at java.util.ArrayList.forEach(ArrayList.java:1259) ~[?:1.8.0_261]
	at org.testng.TestRunner.privateRun(TestRunner.java:766) ~[testng-7.1.0.jar:?]
	at org.testng.TestRunner.run(TestRunner.java:587) ~[testng-7.1.0.jar:?]
	at org.testng.SuiteRunner.runTest(SuiteRunner.java:384) ~[testng-7.1.0.jar:?]
	at org.testng.SuiteRunner.access$000(SuiteRunner.java:28) ~[testng-7.1.0.jar:?]
	at org.testng.SuiteRunner$SuiteWorker.run(SuiteRunner.java:425) ~[testng-7.1.0.jar:?]
	at org.testng.internal.thread.ThreadUtil.lambda$execute$0(ThreadUtil.java:68) ~[testng-7.1.0.jar:?]
	at java.util.concurrent.FutureTask.run(FutureTask.java:266) [?:1.8.0_261]
	at java.util.concurrent.ThreadPoolExecutor.runWorker(ThreadPoolExecutor.java:1149) [?:1.8.0_261]
	at java.util.concurrent.ThreadPoolExecutor$Worker.run(ThreadPoolExecutor.java:624) [?:1.8.0_261]
	at java.lang.Thread.run(Thread.java:748) [?:1.8.0_261]
22:42:08.396 [TestNG-tests-2] INFO  UnDosTres - Going to take screenshot for test case->validatePaymentHasBeenCompletedThroughCard
22:42:08.396 [TestNG-tests-2] INFO  UnDosTres - Screenshot has been taken
22:42:08.757 [TestNG-tests-2] INFO  UnDosTres - Screenshot has been stored in screenshot folder
22:42:08.759 [TestNG-tests-2] INFO  UnDosTres - EdgeBrowser Start Execution of test case ->validatePaymentPageUrlIsGettingOpen
22:42:08.764 [TestNG-tests-2] INFO  UnDosTres - Test Case validatePaymentPageUrlIsGettingOpen has been passed
22:42:08.764 [TestNG-tests-2] INFO  UnDosTres - EdgeBrowser Start Execution of test case ->validateSummaryOnPageIsCorrectlyDisplay
22:42:08.802 [TestNG-tests-2] INFO  UnDosTres - Going to take screenshot for test case->validateSummaryOnPageIsCorrectlyDisplay
22:42:08.802 [TestNG-tests-2] INFO  UnDosTres - Screenshot has been taken
22:42:09.123 [TestNG-tests-2] INFO  UnDosTres - Screenshot has been stored in screenshot folder
22:42:10.239 [TestNG-tests-2] INFO  org.UnDosTres.test.PaymentDetailPageTest - Currently executing PaymentDetail Test cases, Initializing browser Chrome
22:42:15.412 [TestNG-tests-2] INFO  UnDosTres - Browser->chrome has been opened successfully
22:42:21.188 [TestNG-tests-2] INFO  org.UnDosTres.util.PerformAction - Getting the readiness of the page
22:42:23.203 [TestNG-tests-2] INFO  org.UnDosTres.util.PerformAction - Page is ready
22:42:23.203 [TestNG-tests-2] INFO  org.UnDosTres.util.PerformAction - Waiting for the element to be clickable-->>[[ChromeDriver: chrome on WINDOWS (933b3455f8f77c2b209fb0e8166b4baf)] -> xpath: //div[@to-do="mobile"]/div/div[@class="form"] //input[@name="operator"]]
22:42:23.437 [TestNG-tests-2] INFO  org.UnDosTres.util.PerformAction - Successfully moved to the element and clicked-->>[[ChromeDriver: chrome on WINDOWS (933b3455f8f77c2b209fb0e8166b4baf)] -> xpath: //div[@to-do="mobile"]/div/div[@class="form"] //input[@name="operator"]]
22:42:23.437 [TestNG-tests-2] INFO  UnDosTres - Click on the operator field to open the operator list
22:42:23.693 [TestNG-tests-2] INFO  UnDosTres - Oprator list has been found, number of operator in list are->14
22:42:23.693 [TestNG-tests-2] INFO  org.UnDosTres.util.PerformAction - Getting the readiness of the page
22:42:23.697 [TestNG-tests-2] INFO  org.UnDosTres.util.PerformAction - Page is ready
22:42:23.698 [TestNG-tests-2] INFO  org.UnDosTres.util.PerformAction - Getting text with the help of getText method
22:42:23.719 [TestNG-tests-2] INFO  org.UnDosTres.util.PerformAction - Text has been found with getText method which is-->>Telcel
22:42:23.719 [TestNG-tests-2] INFO  org.UnDosTres.util.PerformAction - Getting the readiness of the page
22:42:23.723 [TestNG-tests-2] INFO  org.UnDosTres.util.PerformAction - Page is ready
22:42:23.723 [TestNG-tests-2] INFO  org.UnDosTres.util.PerformAction - Waiting for the element to be clickable-->>[[ChromeDriver: chrome on WINDOWS (933b3455f8f77c2b209fb0e8166b4baf)] -> xpath: //input[@id="suggested"]/../div/ul/li]
22:42:24.409 [TestNG-tests-2] INFO  org.UnDosTres.util.PerformAction - Successfully moved to the element and clicked-->>[[ChromeDriver: chrome on WINDOWS (933b3455f8f77c2b209fb0e8166b4baf)] -> xpath: //input[@id="suggested"]/../div/ul/li]
22:42:24.409 [TestNG-tests-2] INFO  UnDosTres - Operator selected as Telcel successfully
22:42:24.421 [TestNG-tests-2] INFO  org.UnDosTres.util.PerformAction - Getting the readiness of the page
22:42:24.428 [TestNG-tests-2] INFO  org.UnDosTres.util.PerformAction - Page is ready
22:42:24.428 [TestNG-tests-2] INFO  org.UnDosTres.util.PerformAction - Waiting until field is clickable->[[ChromeDriver: chrome on WINDOWS (933b3455f8f77c2b209fb0e8166b4baf)] -> xpath: //div[@to-do="mobile"]/div/div[@class="form"] //input[@name="mobile"]]
22:42:24.570 [TestNG-tests-2] INFO  org.UnDosTres.util.PerformAction - Moving to the element-->[[ChromeDriver: chrome on WINDOWS (933b3455f8f77c2b209fb0e8166b4baf)] -> xpath: //div[@to-do="mobile"]/div/div[@class="form"] //input[@name="mobile"]]
22:42:24.598 [TestNG-tests-2] INFO  org.UnDosTres.util.PerformAction - Clear data from the field if present-->[[ChromeDriver: chrome on WINDOWS (933b3455f8f77c2b209fb0e8166b4baf)] -> xpath: //div[@to-do="mobile"]/div/div[@class="form"] //input[@name="mobile"]]
22:42:24.704 [TestNG-tests-2] INFO  org.UnDosTres.util.PerformAction - Field has been populated with data-->>5523261151
22:42:24.729 [TestNG-tests-2] INFO  org.UnDosTres.util.PerformAction - Validate with attribute value that field populated with data-->>5523261151
22:42:24.730 [TestNG-tests-2] INFO  UnDosTres - Mobile Number->5523261151 has been entered successfully
22:42:24.746 [TestNG-tests-2] INFO  org.UnDosTres.util.PerformAction - Getting the readiness of the page
22:42:24.751 [TestNG-tests-2] INFO  org.UnDosTres.util.PerformAction - Page is ready
22:42:24.751 [TestNG-tests-2] INFO  org.UnDosTres.util.PerformAction - Waiting for the element to be clickable-->>[[ChromeDriver: chrome on WINDOWS (933b3455f8f77c2b209fb0e8166b4baf)] -> xpath: //div[@to-do="mobile"]/div/div[@class="form"] //input[@name="amount"]]
22:42:24.964 [TestNG-tests-2] INFO  org.UnDosTres.util.PerformAction - Successfully moved to the element and clicked-->>[[ChromeDriver: chrome on WINDOWS (933b3455f8f77c2b209fb0e8166b4baf)] -> xpath: //div[@to-do="mobile"]/div/div[@class="form"] //input[@name="amount"]]
22:42:24.964 [TestNG-tests-2] INFO  UnDosTres - Getting recharge type web element Recarga Saldo
22:42:24.983 [TestNG-tests-2] INFO  UnDosTres - Recharge type webelement has been found successfully
22:42:24.983 [TestNG-tests-2] INFO  org.UnDosTres.util.PerformAction - Getting the readiness of the page
22:42:24.989 [TestNG-tests-2] INFO  org.UnDosTres.util.PerformAction - Page is ready
22:42:24.989 [TestNG-tests-2] INFO  org.UnDosTres.util.PerformAction - Waiting for the element to be clickable-->>[[ChromeDriver: chrome on WINDOWS (933b3455f8f77c2b209fb0e8166b4baf)] -> xpath: //div[@class="category-tab "]/div[text()="Recarga Saldo"]]
22:42:25.153 [TestNG-tests-2] INFO  org.UnDosTres.util.PerformAction - Successfully moved to the element and clicked-->>[[ChromeDriver: chrome on WINDOWS (933b3455f8f77c2b209fb0e8166b4baf)] -> xpath: //div[@class="category-tab "]/div[text()="Recarga Saldo"]]
22:42:25.153 [TestNG-tests-2] INFO  UnDosTres - Click over Recharge type->Recarga Saldo
22:42:25.169 [TestNG-tests-2] INFO  org.UnDosTres.util.PerformAction - Getting the readiness of the page
22:42:25.180 [TestNG-tests-2] INFO  org.UnDosTres.util.PerformAction - Page is ready
22:42:25.180 [TestNG-tests-2] INFO  org.UnDosTres.util.PerformAction - Getting text with the help of getText method
22:42:25.199 [TestNG-tests-2] INFO  org.UnDosTres.util.PerformAction - Text has been found with getText method which is-->>Recarga Saldo
22:42:25.331 [TestNG-tests-2] INFO  UnDosTres - Clicked on the amount 10
22:42:25.331 [TestNG-tests-2] INFO  UnDosTres - Going to click on submit button to move towards payment page
22:42:25.346 [TestNG-tests-2] INFO  org.UnDosTres.util.PerformAction - Getting the readiness of the page
22:42:25.351 [TestNG-tests-2] INFO  org.UnDosTres.util.PerformAction - Page is ready
22:42:25.351 [TestNG-tests-2] INFO  org.UnDosTres.util.PerformAction - Waiting for the element to be clickable-->>[[ChromeDriver: chrome on WINDOWS (933b3455f8f77c2b209fb0e8166b4baf)] -> xpath: //div[@to-do="mobile"]/div //button]
22:42:25.950 [TestNG-tests-2] INFO  org.UnDosTres.util.PerformAction - Successfully moved to the element and clicked-->>[[ChromeDriver: chrome on WINDOWS (933b3455f8f77c2b209fb0e8166b4baf)] -> xpath: //div[@to-do="mobile"]/div //button]
22:42:25.950 [TestNG-tests-2] INFO  UnDosTres - Clicked on perform payment button
22:42:31.936 [TestNG-tests-2] INFO  org.UnDosTres.util.PerformAction - Getting the readiness of the page
22:42:36.077 [TestNG-tests-2] INFO  org.UnDosTres.util.PerformAction - Page is ready
22:42:36.077 [TestNG-tests-2] INFO  org.UnDosTres.util.PerformAction - Waiting for the element to be clickable-->>[[ChromeDriver: chrome on WINDOWS (933b3455f8f77c2b209fb0e8166b4baf)] -> xpath: //a[contains(@class,'select-card')]]
22:42:36.258 [TestNG-tests-2] INFO  org.UnDosTres.util.PerformAction - Successfully moved to the element and clicked-->>[[ChromeDriver: chrome on WINDOWS (933b3455f8f77c2b209fb0e8166b4baf)] -> xpath: //a[contains(@class,'select-card')]]
22:42:36.270 [TestNG-tests-2] INFO  org.UnDosTres.util.PerformAction - Getting the readiness of the page
22:42:36.275 [TestNG-tests-2] INFO  org.UnDosTres.util.PerformAction - Page is ready
22:42:36.275 [TestNG-tests-2] INFO  org.UnDosTres.util.PerformAction - Waiting until field is clickable->[[ChromeDriver: chrome on WINDOWS (933b3455f8f77c2b209fb0e8166b4baf)] -> xpath: //div[@class="card-info-box"] //input[@name="cardname"]]
22:42:36.439 [TestNG-tests-2] INFO  org.UnDosTres.util.PerformAction - Moving to the element-->[[ChromeDriver: chrome on WINDOWS (933b3455f8f77c2b209fb0e8166b4baf)] -> xpath: //div[@class="card-info-box"] //input[@name="cardname"]]
22:42:36.473 [TestNG-tests-2] INFO  org.UnDosTres.util.PerformAction - Clear data from the field if present-->[[ChromeDriver: chrome on WINDOWS (933b3455f8f77c2b209fb0e8166b4baf)] -> xpath: //div[@class="card-info-box"] //input[@name="cardname"]]
22:42:36.551 [TestNG-tests-2] INFO  org.UnDosTres.util.PerformAction - Field has been populated with data-->>Test
22:42:36.591 [TestNG-tests-2] INFO  org.UnDosTres.util.PerformAction - Validate with attribute value that field populated with data-->>Test
22:42:36.609 [TestNG-tests-2] INFO  org.UnDosTres.util.PerformAction - Getting the readiness of the page
22:42:36.623 [TestNG-tests-2] INFO  org.UnDosTres.util.PerformAction - Page is ready
22:42:36.623 [TestNG-tests-2] INFO  org.UnDosTres.util.PerformAction - Waiting until field is clickable->[[ChromeDriver: chrome on WINDOWS (933b3455f8f77c2b209fb0e8166b4baf)] -> id: cardnumberunique]
22:42:36.818 [TestNG-tests-2] INFO  org.UnDosTres.util.PerformAction - Moving to the element-->[[ChromeDriver: chrome on WINDOWS (933b3455f8f77c2b209fb0e8166b4baf)] -> id: cardnumberunique]
22:42:36.850 [TestNG-tests-2] INFO  org.UnDosTres.util.PerformAction - Clear data from the field if present-->[[ChromeDriver: chrome on WINDOWS (933b3455f8f77c2b209fb0e8166b4baf)] -> id: cardnumberunique]
22:42:36.947 [TestNG-tests-2] INFO  org.UnDosTres.util.PerformAction - Field has been populated with data-->>4111111111111111
22:42:36.997 [TestNG-tests-2] INFO  org.UnDosTres.util.PerformAction - Validate with attribute value that field populated with data-->>4111111111111111
22:42:37.011 [TestNG-tests-2] INFO  org.UnDosTres.util.PerformAction - Getting the readiness of the page
22:42:37.019 [TestNG-tests-2] INFO  org.UnDosTres.util.PerformAction - Page is ready
22:42:37.019 [TestNG-tests-2] INFO  org.UnDosTres.util.PerformAction - Waiting until field is clickable->[[ChromeDriver: chrome on WINDOWS (933b3455f8f77c2b209fb0e8166b4baf)] -> xpath: //div[@class="card-info-box"] //input[@name="expmonth"]]
22:42:37.169 [TestNG-tests-2] INFO  org.UnDosTres.util.PerformAction - Moving to the element-->[[ChromeDriver: chrome on WINDOWS (933b3455f8f77c2b209fb0e8166b4baf)] -> xpath: //div[@class="card-info-box"] //input[@name="expmonth"]]
22:42:37.200 [TestNG-tests-2] INFO  org.UnDosTres.util.PerformAction - Clear data from the field if present-->[[ChromeDriver: chrome on WINDOWS (933b3455f8f77c2b209fb0e8166b4baf)] -> xpath: //div[@class="card-info-box"] //input[@name="expmonth"]]
22:42:37.243 [TestNG-tests-2] INFO  org.UnDosTres.util.PerformAction - Field has been populated with data-->>11
22:42:37.273 [TestNG-tests-2] INFO  org.UnDosTres.util.PerformAction - Validate with attribute value that field populated with data-->>11
22:42:37.289 [TestNG-tests-2] INFO  org.UnDosTres.util.PerformAction - Getting the readiness of the page
22:42:37.294 [TestNG-tests-2] INFO  org.UnDosTres.util.PerformAction - Page is ready
22:42:37.294 [TestNG-tests-2] INFO  org.UnDosTres.util.PerformAction - Waiting until field is clickable->[[ChromeDriver: chrome on WINDOWS (933b3455f8f77c2b209fb0e8166b4baf)] -> xpath: //div[@class="card-info-box"] //input[@name="expyear"]]
22:42:37.450 [TestNG-tests-2] INFO  org.UnDosTres.util.PerformAction - Moving to the element-->[[ChromeDriver: chrome on WINDOWS (933b3455f8f77c2b209fb0e8166b4baf)] -> xpath: //div[@class="card-info-box"] //input[@name="expyear"]]
22:42:37.485 [TestNG-tests-2] INFO  org.UnDosTres.util.PerformAction - Clear data from the field if present-->[[ChromeDriver: chrome on WINDOWS (933b3455f8f77c2b209fb0e8166b4baf)] -> xpath: //div[@class="card-info-box"] //input[@name="expyear"]]
22:42:37.539 [TestNG-tests-2] INFO  org.UnDosTres.util.PerformAction - Field has been populated with data-->>2025
22:42:37.606 [TestNG-tests-2] INFO  org.UnDosTres.util.PerformAction - Validate with attribute value that field populated with data-->>2025
22:42:37.622 [TestNG-tests-2] INFO  org.UnDosTres.util.PerformAction - Getting the readiness of the page
22:42:37.626 [TestNG-tests-2] INFO  org.UnDosTres.util.PerformAction - Page is ready
22:42:37.626 [TestNG-tests-2] INFO  org.UnDosTres.util.PerformAction - Waiting until field is clickable->[[ChromeDriver: chrome on WINDOWS (933b3455f8f77c2b209fb0e8166b4baf)] -> xpath: //div[@class="card-info-box"] //input[@name="cvvno"]]
22:42:37.769 [TestNG-tests-2] INFO  org.UnDosTres.util.PerformAction - Moving to the element-->[[ChromeDriver: chrome on WINDOWS (933b3455f8f77c2b209fb0e8166b4baf)] -> xpath: //div[@class="card-info-box"] //input[@name="cvvno"]]
22:42:37.802 [TestNG-tests-2] INFO  org.UnDosTres.util.PerformAction - Clear data from the field if present-->[[ChromeDriver: chrome on WINDOWS (933b3455f8f77c2b209fb0e8166b4baf)] -> xpath: //div[@class="card-info-box"] //input[@name="cvvno"]]
22:42:37.853 [TestNG-tests-2] INFO  org.UnDosTres.util.PerformAction - Field has been populated with data-->>111
22:42:37.878 [TestNG-tests-2] INFO  org.UnDosTres.util.PerformAction - Validate with attribute value that field populated with data-->>111
22:42:37.893 [TestNG-tests-2] INFO  org.UnDosTres.util.PerformAction - Getting the readiness of the page
22:42:37.904 [TestNG-tests-2] INFO  org.UnDosTres.util.PerformAction - Page is ready
22:42:37.904 [TestNG-tests-2] INFO  org.UnDosTres.util.PerformAction - Waiting until field is clickable->[[ChromeDriver: chrome on WINDOWS (933b3455f8f77c2b209fb0e8166b4baf)] -> css selector: div#email_block input.email]
22:42:38.051 [TestNG-tests-2] INFO  org.UnDosTres.util.PerformAction - Moving to the element-->[[ChromeDriver: chrome on WINDOWS (933b3455f8f77c2b209fb0e8166b4baf)] -> css selector: div#email_block input.email]
22:42:38.086 [TestNG-tests-2] INFO  org.UnDosTres.util.PerformAction - Clear data from the field if present-->[[ChromeDriver: chrome on WINDOWS (933b3455f8f77c2b209fb0e8166b4baf)] -> css selector: div#email_block input.email]
22:42:38.157 [TestNG-tests-2] INFO  org.UnDosTres.util.PerformAction - Field has been populated with data-->>test@test.com
22:42:38.178 [TestNG-tests-2] INFO  org.UnDosTres.util.PerformAction - Validate with attribute value that field populated with data-->>test@test.com
22:42:38.190 [TestNG-tests-2] INFO  org.UnDosTres.util.PerformAction - Getting the readiness of the page
22:42:38.195 [TestNG-tests-2] INFO  org.UnDosTres.util.PerformAction - Page is ready
22:42:38.195 [TestNG-tests-2] INFO  org.UnDosTres.util.PerformAction - Waiting for the element to be clickable-->>[[ChromeDriver: chrome on WINDOWS (933b3455f8f77c2b209fb0e8166b4baf)] -> name: formsubmit]
22:42:38.733 [TestNG-tests-2] INFO  org.UnDosTres.util.PerformAction - Successfully moved to the element and clicked-->>[[ChromeDriver: chrome on WINDOWS (933b3455f8f77c2b209fb0e8166b4baf)] -> name: formsubmit]
22:42:38.734 [TestNG-tests-2] INFO  UnDosTres - ChromeBrowser Start Execution of test case ->validatePaymentHasBeenCompletedThroughCard
22:42:38.765 [TestNG-tests-2] INFO  org.UnDosTres.util.PerformAction - Getting the readiness of the page
22:42:38.769 [TestNG-tests-2] INFO  org.UnDosTres.util.PerformAction - Page is ready
22:42:38.769 [TestNG-tests-2] INFO  org.UnDosTres.util.PerformAction - Waiting until field is clickable->[[ChromeDriver: chrome on WINDOWS (933b3455f8f77c2b209fb0e8166b4baf)] -> css selector: #usrname]
22:42:39.416 [TestNG-tests-2] INFO  org.UnDosTres.util.PerformAction - Moving to the element-->[[ChromeDriver: chrome on WINDOWS (933b3455f8f77c2b209fb0e8166b4baf)] -> css selector: #usrname]
22:42:39.448 [TestNG-tests-2] INFO  org.UnDosTres.util.PerformAction - Clear data from the field if present-->[[ChromeDriver: chrome on WINDOWS (933b3455f8f77c2b209fb0e8166b4baf)] -> css selector: #usrname]
22:42:39.577 [TestNG-tests-2] INFO  org.UnDosTres.util.PerformAction - Field has been populated with data-->>automationexcersise@test.com
22:42:39.661 [TestNG-tests-2] INFO  org.UnDosTres.util.PerformAction - Validate with attribute value that field populated with data-->>automationexcersise@test.com
22:42:39.673 [TestNG-tests-2] INFO  org.UnDosTres.util.PerformAction - Getting the readiness of the page
22:42:39.678 [TestNG-tests-2] INFO  org.UnDosTres.util.PerformAction - Page is ready
22:42:39.678 [TestNG-tests-2] INFO  org.UnDosTres.util.PerformAction - Waiting until field is clickable->[[ChromeDriver: chrome on WINDOWS (933b3455f8f77c2b209fb0e8166b4baf)] -> css selector: #psw]
22:42:39.817 [TestNG-tests-2] INFO  org.UnDosTres.util.PerformAction - Moving to the element-->[[ChromeDriver: chrome on WINDOWS (933b3455f8f77c2b209fb0e8166b4baf)] -> css selector: #psw]
22:42:39.847 [TestNG-tests-2] INFO  org.UnDosTres.util.PerformAction - Clear data from the field if present-->[[ChromeDriver: chrome on WINDOWS (933b3455f8f77c2b209fb0e8166b4baf)] -> css selector: #psw]
22:42:39.896 [TestNG-tests-2] INFO  org.UnDosTres.util.PerformAction - Field has been populated with data-->>123456
22:42:39.923 [TestNG-tests-2] INFO  org.UnDosTres.util.PerformAction - Validate with attribute value that field populated with data-->>123456
22:42:39.938 [TestNG-tests-2] INFO  org.UnDosTres.pages.PaymentDetailPage - Number of iframes are 9
22:42:39.985 [TestNG-tests-2] INFO  org.UnDosTres.util.PerformAction - Getting the readiness of the page
22:42:39.991 [TestNG-tests-2] INFO  org.UnDosTres.util.PerformAction - Page is ready
22:42:39.991 [TestNG-tests-2] INFO  org.UnDosTres.util.PerformAction - Waiting for the element to be clickable-->>[[ChromeDriver: chrome on WINDOWS (933b3455f8f77c2b209fb0e8166b4baf)] -> css selector: #recaptcha-anchor]
22:42:40.261 [TestNG-tests-2] INFO  org.UnDosTres.util.PerformAction - Successfully moved to the element and clicked-->>[[ChromeDriver: chrome on WINDOWS (933b3455f8f77c2b209fb0e8166b4baf)] -> css selector: #recaptcha-anchor]
22:42:40.276 [TestNG-tests-2] INFO  org.UnDosTres.util.PerformAction - Getting the readiness of the page
22:42:40.281 [TestNG-tests-2] INFO  org.UnDosTres.util.PerformAction - Page is ready
22:42:40.282 [TestNG-tests-2] INFO  org.UnDosTres.util.PerformAction - Waiting for the element to be clickable-->>[[ChromeDriver: chrome on WINDOWS (933b3455f8f77c2b209fb0e8166b4baf)] -> css selector: button#loginBtn]
22:42:40.972 [TestNG-tests-2] INFO  org.UnDosTres.util.PerformAction - Successfully moved to the element and clicked-->>[[ChromeDriver: chrome on WINDOWS (933b3455f8f77c2b209fb0e8166b4baf)] -> css selector: button#loginBtn]
22:42:40.973 [TestNG-tests-2] ERROR org.UnDosTres.pages.PaymentDetailPage - Waiting for invisibility of the pop up and naviagtion to payment done page
22:43:01.222 [TestNG-tests-2] ERROR org.UnDosTres.pages.PaymentDetailPage - Pop Up Is Still Visbile Unable to check if recharge is successfull 
org.openqa.selenium.TimeoutException: Expected condition failed: waiting for element to no longer be visible: By.cssSelector: img.fbloginButton (tried for 20 second(s) with 2000 milliseconds interval)
Build info: version: '3.141.59', revision: 'e82be7d358', time: '2018-11-14T08:17:03'
System info: host: 'LAPTOP-S4EEHFLF', ip: '192.168.1.6', os.name: 'Windows 10', os.arch: 'amd64', os.version: '10.0', java.version: '1.8.0_261'
Driver info: driver.version: unknown
	at org.UnDosTres.pages.PaymentDetailPage.fillPopUpAndClickSubmit(PaymentDetailPage.java:165) ~[classes/:?]
	at org.UnDosTres.test.PaymentDetailPageTest.validatePaymentHasBeenCompletedThroughCard(PaymentDetailPageTest.java:95) ~[test-classes/:?]
	at sun.reflect.NativeMethodAccessorImpl.invoke0(Native Method) ~[?:1.8.0_261]
	at sun.reflect.NativeMethodAccessorImpl.invoke(NativeMethodAccessorImpl.java:62) ~[?:1.8.0_261]
	at sun.reflect.DelegatingMethodAccessorImpl.invoke(DelegatingMethodAccessorImpl.java:43) ~[?:1.8.0_261]
	at java.lang.reflect.Method.invoke(Method.java:498) ~[?:1.8.0_261]
	at org.testng.internal.MethodInvocationHelper.invokeMethod(MethodInvocationHelper.java:134) ~[testng-7.1.0.jar:?]
	at org.testng.internal.TestInvoker.invokeMethod(TestInvoker.java:597) ~[testng-7.1.0.jar:?]
	at org.testng.internal.TestInvoker.invokeTestMethod(TestInvoker.java:173) ~[testng-7.1.0.jar:?]
	at org.testng.internal.MethodRunner.runInSequence(MethodRunner.java:46) ~[testng-7.1.0.jar:?]
	at org.testng.internal.TestInvoker$MethodInvocationAgent.invoke(TestInvoker.java:816) ~[testng-7.1.0.jar:?]
	at org.testng.internal.TestInvoker.invokeTestMethods(TestInvoker.java:146) ~[testng-7.1.0.jar:?]
	at org.testng.internal.TestMethodWorker.invokeTestMethods(TestMethodWorker.java:146) ~[testng-7.1.0.jar:?]
	at org.testng.internal.TestMethodWorker.run(TestMethodWorker.java:128) ~[testng-7.1.0.jar:?]
	at java.util.ArrayList.forEach(ArrayList.java:1259) ~[?:1.8.0_261]
	at org.testng.TestRunner.privateRun(TestRunner.java:766) ~[testng-7.1.0.jar:?]
	at org.testng.TestRunner.run(TestRunner.java:587) ~[testng-7.1.0.jar:?]
	at org.testng.SuiteRunner.runTest(SuiteRunner.java:384) ~[testng-7.1.0.jar:?]
	at org.testng.SuiteRunner.access$000(SuiteRunner.java:28) ~[testng-7.1.0.jar:?]
	at org.testng.SuiteRunner$SuiteWorker.run(SuiteRunner.java:425) ~[testng-7.1.0.jar:?]
	at org.testng.internal.thread.ThreadUtil.lambda$execute$0(ThreadUtil.java:68) ~[testng-7.1.0.jar:?]
	at java.util.concurrent.FutureTask.run(FutureTask.java:266) [?:1.8.0_261]
	at java.util.concurrent.ThreadPoolExecutor.runWorker(ThreadPoolExecutor.java:1149) [?:1.8.0_261]
	at java.util.concurrent.ThreadPoolExecutor$Worker.run(ThreadPoolExecutor.java:624) [?:1.8.0_261]
	at java.lang.Thread.run(Thread.java:748) [?:1.8.0_261]
22:43:01.223 [TestNG-tests-2] INFO  UnDosTres - Going to take screenshot for test case->validatePaymentHasBeenCompletedThroughCard
22:43:01.224 [TestNG-tests-2] INFO  UnDosTres - Screenshot has been taken
22:43:01.554 [TestNG-tests-2] INFO  UnDosTres - Screenshot has been stored in screenshot folder
22:43:01.555 [TestNG-tests-2] INFO  UnDosTres - ChromeBrowser Start Execution of test case ->validatePaymentPageUrlIsGettingOpen
22:43:01.562 [TestNG-tests-2] INFO  UnDosTres - Test Case validatePaymentPageUrlIsGettingOpen has been passed
22:43:01.562 [TestNG-tests-2] INFO  UnDosTres - ChromeBrowser Start Execution of test case ->validateSummaryOnPageIsCorrectlyDisplay
22:43:01.599 [TestNG-tests-2] INFO  UnDosTres - Going to take screenshot for test case->validateSummaryOnPageIsCorrectlyDisplay
22:43:01.599 [TestNG-tests-2] INFO  UnDosTres - Screenshot has been taken
22:43:01.921 [TestNG-tests-2] INFO  UnDosTres - Screenshot has been stored in screenshot folder
22:43:02.598 [TestNG-tests-2] INFO  org.UnDosTres.test.PaymentDetailPageTest - Currently executing PaymentDetail Test cases, Initializing browser FireFox
22:43:06.206 [TestNG-tests-2] INFO  UnDosTres - Browser->firefox has been opened successfully
22:43:11.053 [TestNG-tests-2] INFO  org.UnDosTres.util.PerformAction - Getting the readiness of the page
22:43:11.120 [TestNG-tests-2] INFO  org.UnDosTres.util.PerformAction - Page is ready
22:43:11.120 [TestNG-tests-2] INFO  org.UnDosTres.util.PerformAction - Waiting for the element to be clickable-->>[[FirefoxDriver: firefox on WINDOWS (09113d10-eb93-4bc0-8c7d-89ff7923396e)] -> xpath: //div[@to-do="mobile"]/div/div[@class="form"] //input[@name="operator"]]
22:43:11.540 [TestNG-tests-2] INFO  org.UnDosTres.util.PerformAction - Successfully moved to the element and clicked-->>[[FirefoxDriver: firefox on WINDOWS (09113d10-eb93-4bc0-8c7d-89ff7923396e)] -> xpath: //div[@to-do="mobile"]/div/div[@class="form"] //input[@name="operator"]]
22:43:11.540 [TestNG-tests-2] INFO  UnDosTres - Click on the operator field to open the operator list
22:43:11.831 [TestNG-tests-2] INFO  UnDosTres - Oprator list has been found, number of operator in list are->14
22:43:11.831 [TestNG-tests-2] INFO  org.UnDosTres.util.PerformAction - Getting the readiness of the page
22:43:11.835 [TestNG-tests-2] INFO  org.UnDosTres.util.PerformAction - Page is ready
22:43:11.835 [TestNG-tests-2] INFO  org.UnDosTres.util.PerformAction - Getting text with the help of getText method
22:43:11.862 [TestNG-tests-2] INFO  org.UnDosTres.util.PerformAction - Text has been found with getText method which is-->>Telcel
22:43:11.862 [TestNG-tests-2] INFO  org.UnDosTres.util.PerformAction - Getting the readiness of the page
22:43:11.866 [TestNG-tests-2] INFO  org.UnDosTres.util.PerformAction - Page is ready
22:43:11.866 [TestNG-tests-2] INFO  org.UnDosTres.util.PerformAction - Waiting for the element to be clickable-->>[[FirefoxDriver: firefox on WINDOWS (09113d10-eb93-4bc0-8c7d-89ff7923396e)] -> xpath: //input[@id="suggested"]/../div/ul/li]
22:43:12.030 [TestNG-tests-2] INFO  org.UnDosTres.util.PerformAction - Successfully moved to the element and clicked-->>[[FirefoxDriver: firefox on WINDOWS (09113d10-eb93-4bc0-8c7d-89ff7923396e)] -> xpath: //input[@id="suggested"]/../div/ul/li]
22:43:12.030 [TestNG-tests-2] INFO  UnDosTres - Operator selected as Telcel successfully
22:43:12.036 [TestNG-tests-2] INFO  org.UnDosTres.util.PerformAction - Getting the readiness of the page
22:43:12.042 [TestNG-tests-2] INFO  org.UnDosTres.util.PerformAction - Page is ready
22:43:12.042 [TestNG-tests-2] INFO  org.UnDosTres.util.PerformAction - Waiting until field is clickable->[[FirefoxDriver: firefox on WINDOWS (09113d10-eb93-4bc0-8c7d-89ff7923396e)] -> xpath: //div[@to-do="mobile"]/div/div[@class="form"] //input[@name="mobile"]]
22:43:12.196 [TestNG-tests-2] INFO  org.UnDosTres.util.PerformAction - Moving to the element-->[[FirefoxDriver: firefox on WINDOWS (09113d10-eb93-4bc0-8c7d-89ff7923396e)] -> xpath: //div[@to-do="mobile"]/div/div[@class="form"] //input[@name="mobile"]]
22:43:12.210 [TestNG-tests-2] INFO  org.UnDosTres.util.PerformAction - Clear data from the field if present-->[[FirefoxDriver: firefox on WINDOWS (09113d10-eb93-4bc0-8c7d-89ff7923396e)] -> xpath: //div[@to-do="mobile"]/div/div[@class="form"] //input[@name="mobile"]]
22:43:12.245 [TestNG-tests-2] INFO  org.UnDosTres.util.PerformAction - Field has been populated with data-->>5523261151
22:43:12.271 [TestNG-tests-2] INFO  org.UnDosTres.util.PerformAction - Validate with attribute value that field populated with data-->>5523261151
22:43:12.271 [TestNG-tests-2] INFO  UnDosTres - Mobile Number->5523261151 has been entered successfully
22:43:12.284 [TestNG-tests-2] INFO  org.UnDosTres.util.PerformAction - Getting the readiness of the page
22:43:12.288 [TestNG-tests-2] INFO  org.UnDosTres.util.PerformAction - Page is ready
22:43:12.288 [TestNG-tests-2] INFO  org.UnDosTres.util.PerformAction - Waiting for the element to be clickable-->>[[FirefoxDriver: firefox on WINDOWS (09113d10-eb93-4bc0-8c7d-89ff7923396e)] -> xpath: //div[@to-do="mobile"]/div/div[@class="form"] //input[@name="amount"]]
22:43:12.479 [TestNG-tests-2] INFO  org.UnDosTres.util.PerformAction - Successfully moved to the element and clicked-->>[[FirefoxDriver: firefox on WINDOWS (09113d10-eb93-4bc0-8c7d-89ff7923396e)] -> xpath: //div[@to-do="mobile"]/div/div[@class="form"] //input[@name="amount"]]
22:43:12.479 [TestNG-tests-2] INFO  UnDosTres - Getting recharge type web element Recarga Saldo
22:43:12.485 [TestNG-tests-2] INFO  UnDosTres - Recharge type webelement has been found successfully
22:43:12.485 [TestNG-tests-2] INFO  org.UnDosTres.util.PerformAction - Getting the readiness of the page
22:43:12.490 [TestNG-tests-2] INFO  org.UnDosTres.util.PerformAction - Page is ready
22:43:12.490 [TestNG-tests-2] INFO  org.UnDosTres.util.PerformAction - Waiting for the element to be clickable-->>[[FirefoxDriver: firefox on WINDOWS (09113d10-eb93-4bc0-8c7d-89ff7923396e)] -> xpath: //div[@class="category-tab "]/div[text()="Recarga Saldo"]]
22:43:12.668 [TestNG-tests-2] INFO  org.UnDosTres.util.PerformAction - Successfully moved to the element and clicked-->>[[FirefoxDriver: firefox on WINDOWS (09113d10-eb93-4bc0-8c7d-89ff7923396e)] -> xpath: //div[@class="category-tab "]/div[text()="Recarga Saldo"]]
22:43:12.668 [TestNG-tests-2] INFO  UnDosTres - Click over Recharge type->Recarga Saldo
22:43:12.673 [TestNG-tests-2] INFO  org.UnDosTres.util.PerformAction - Getting the readiness of the page
22:43:12.679 [TestNG-tests-2] INFO  org.UnDosTres.util.PerformAction - Page is ready
22:43:12.679 [TestNG-tests-2] INFO  org.UnDosTres.util.PerformAction - Getting text with the help of getText method
22:43:12.695 [TestNG-tests-2] INFO  org.UnDosTres.util.PerformAction - Text has been found with getText method which is-->>Recarga Saldo
22:43:12.947 [TestNG-tests-2] INFO  UnDosTres - Clicked on the amount 10
22:43:12.947 [TestNG-tests-2] INFO  UnDosTres - Going to click on submit button to move towards payment page
22:43:12.952 [TestNG-tests-2] INFO  org.UnDosTres.util.PerformAction - Getting the readiness of the page
22:43:12.957 [TestNG-tests-2] INFO  org.UnDosTres.util.PerformAction - Page is ready
22:43:12.957 [TestNG-tests-2] INFO  org.UnDosTres.util.PerformAction - Waiting for the element to be clickable-->>[[FirefoxDriver: firefox on WINDOWS (09113d10-eb93-4bc0-8c7d-89ff7923396e)] -> xpath: //div[@to-do="mobile"]/div //button]
22:43:13.499 [TestNG-tests-2] INFO  org.UnDosTres.util.PerformAction - Successfully moved to the element and clicked-->>[[FirefoxDriver: firefox on WINDOWS (09113d10-eb93-4bc0-8c7d-89ff7923396e)] -> xpath: //div[@to-do="mobile"]/div //button]
22:43:13.499 [TestNG-tests-2] INFO  UnDosTres - Clicked on perform payment button
22:43:15.401 [TestNG-tests-2] INFO  org.UnDosTres.util.PerformAction - Getting the readiness of the page
22:43:21.428 [TestNG-tests-2] INFO  org.UnDosTres.util.PerformAction - Page is ready
22:43:21.428 [TestNG-tests-2] INFO  org.UnDosTres.util.PerformAction - Waiting for the element to be clickable-->>[[FirefoxDriver: firefox on WINDOWS (09113d10-eb93-4bc0-8c7d-89ff7923396e)] -> xpath: //a[contains(@class,'select-card')]]
22:43:21.612 [TestNG-tests-2] INFO  org.UnDosTres.util.PerformAction - Successfully moved to the element and clicked-->>[[FirefoxDriver: firefox on WINDOWS (09113d10-eb93-4bc0-8c7d-89ff7923396e)] -> xpath: //a[contains(@class,'select-card')]]
22:43:21.619 [TestNG-tests-2] INFO  org.UnDosTres.util.PerformAction - Getting the readiness of the page
22:43:21.626 [TestNG-tests-2] INFO  org.UnDosTres.util.PerformAction - Page is ready
22:43:21.626 [TestNG-tests-2] INFO  org.UnDosTres.util.PerformAction - Waiting until field is clickable->[[FirefoxDriver: firefox on WINDOWS (09113d10-eb93-4bc0-8c7d-89ff7923396e)] -> xpath: //div[@class="card-info-box"] //input[@name="cardname"]]
22:43:21.778 [TestNG-tests-2] INFO  org.UnDosTres.util.PerformAction - Moving to the element-->[[FirefoxDriver: firefox on WINDOWS (09113d10-eb93-4bc0-8c7d-89ff7923396e)] -> xpath: //div[@class="card-info-box"] //input[@name="cardname"]]
22:43:21.793 [TestNG-tests-2] INFO  org.UnDosTres.util.PerformAction - Clear data from the field if present-->[[FirefoxDriver: firefox on WINDOWS (09113d10-eb93-4bc0-8c7d-89ff7923396e)] -> xpath: //div[@class="card-info-box"] //input[@name="cardname"]]
22:43:21.825 [TestNG-tests-2] INFO  org.UnDosTres.util.PerformAction - Field has been populated with data-->>Test
22:43:22.072 [TestNG-tests-2] INFO  org.UnDosTres.util.PerformAction - Validate with attribute value that field populated with data-->>Test
22:43:22.075 [TestNG-tests-2] INFO  org.UnDosTres.util.PerformAction - Getting the readiness of the page
22:43:22.085 [TestNG-tests-2] INFO  org.UnDosTres.util.PerformAction - Page is ready
22:43:22.086 [TestNG-tests-2] INFO  org.UnDosTres.util.PerformAction - Waiting until field is clickable->[[FirefoxDriver: firefox on WINDOWS (09113d10-eb93-4bc0-8c7d-89ff7923396e)] -> id: cardnumberunique]
22:43:22.228 [TestNG-tests-2] INFO  org.UnDosTres.util.PerformAction - Moving to the element-->[[FirefoxDriver: firefox on WINDOWS (09113d10-eb93-4bc0-8c7d-89ff7923396e)] -> id: cardnumberunique]
22:43:22.238 [TestNG-tests-2] INFO  org.UnDosTres.util.PerformAction - Clear data from the field if present-->[[FirefoxDriver: firefox on WINDOWS (09113d10-eb93-4bc0-8c7d-89ff7923396e)] -> id: cardnumberunique]
22:43:22.249 [TestNG-tests-2] INFO  org.UnDosTres.util.PerformAction - Field has been populated with data-->>4111111111111111
22:43:22.271 [TestNG-tests-2] INFO  org.UnDosTres.util.PerformAction - Field has been populated with data-->>4111111111111111
22:43:22.387 [TestNG-tests-2] INFO  org.UnDosTres.util.PerformAction - Field has been populated with data-->>4111111111111111
22:43:22.429 [TestNG-tests-2] INFO  org.UnDosTres.util.PerformAction - Validate with attribute value that field populated with data-->>4111111111111111
22:43:22.447 [TestNG-tests-2] INFO  org.UnDosTres.util.PerformAction - Getting the readiness of the page
22:43:22.457 [TestNG-tests-2] INFO  org.UnDosTres.util.PerformAction - Page is ready
22:43:22.457 [TestNG-tests-2] INFO  org.UnDosTres.util.PerformAction - Waiting until field is clickable->[[FirefoxDriver: firefox on WINDOWS (09113d10-eb93-4bc0-8c7d-89ff7923396e)] -> xpath: //div[@class="card-info-box"] //input[@name="expmonth"]]
22:43:22.596 [TestNG-tests-2] INFO  org.UnDosTres.util.PerformAction - Moving to the element-->[[FirefoxDriver: firefox on WINDOWS (09113d10-eb93-4bc0-8c7d-89ff7923396e)] -> xpath: //div[@class="card-info-box"] //input[@name="expmonth"]]
22:43:22.610 [TestNG-tests-2] INFO  org.UnDosTres.util.PerformAction - Clear data from the field if present-->[[FirefoxDriver: firefox on WINDOWS (09113d10-eb93-4bc0-8c7d-89ff7923396e)] -> xpath: //div[@class="card-info-box"] //input[@name="expmonth"]]
22:43:22.635 [TestNG-tests-2] INFO  org.UnDosTres.util.PerformAction - Field has been populated with data-->>11
22:43:22.652 [TestNG-tests-2] INFO  org.UnDosTres.util.PerformAction - Validate with attribute value that field populated with data-->>11
22:43:22.656 [TestNG-tests-2] INFO  org.UnDosTres.util.PerformAction - Getting the readiness of the page
22:43:22.661 [TestNG-tests-2] INFO  org.UnDosTres.util.PerformAction - Page is ready
22:43:22.661 [TestNG-tests-2] INFO  org.UnDosTres.util.PerformAction - Waiting until field is clickable->[[FirefoxDriver: firefox on WINDOWS (09113d10-eb93-4bc0-8c7d-89ff7923396e)] -> xpath: //div[@class="card-info-box"] //input[@name="expyear"]]
22:43:22.803 [TestNG-tests-2] INFO  org.UnDosTres.util.PerformAction - Moving to the element-->[[FirefoxDriver: firefox on WINDOWS (09113d10-eb93-4bc0-8c7d-89ff7923396e)] -> xpath: //div[@class="card-info-box"] //input[@name="expyear"]]
22:43:22.822 [TestNG-tests-2] INFO  org.UnDosTres.util.PerformAction - Clear data from the field if present-->[[FirefoxDriver: firefox on WINDOWS (09113d10-eb93-4bc0-8c7d-89ff7923396e)] -> xpath: //div[@class="card-info-box"] //input[@name="expyear"]]
22:43:22.845 [TestNG-tests-2] INFO  org.UnDosTres.util.PerformAction - Field has been populated with data-->>2025
22:43:22.870 [TestNG-tests-2] INFO  org.UnDosTres.util.PerformAction - Validate with attribute value that field populated with data-->>2025
22:43:22.874 [TestNG-tests-2] INFO  org.UnDosTres.util.PerformAction - Getting the readiness of the page
22:43:22.888 [TestNG-tests-2] INFO  org.UnDosTres.util.PerformAction - Page is ready
22:43:22.888 [TestNG-tests-2] INFO  org.UnDosTres.util.PerformAction - Waiting until field is clickable->[[FirefoxDriver: firefox on WINDOWS (09113d10-eb93-4bc0-8c7d-89ff7923396e)] -> xpath: //div[@class="card-info-box"] //input[@name="cvvno"]]
22:43:23.024 [TestNG-tests-2] INFO  org.UnDosTres.util.PerformAction - Moving to the element-->[[FirefoxDriver: firefox on WINDOWS (09113d10-eb93-4bc0-8c7d-89ff7923396e)] -> xpath: //div[@class="card-info-box"] //input[@name="cvvno"]]
22:43:23.042 [TestNG-tests-2] INFO  org.UnDosTres.util.PerformAction - Clear data from the field if present-->[[FirefoxDriver: firefox on WINDOWS (09113d10-eb93-4bc0-8c7d-89ff7923396e)] -> xpath: //div[@class="card-info-box"] //input[@name="cvvno"]]
22:43:23.064 [TestNG-tests-2] INFO  org.UnDosTres.util.PerformAction - Field has been populated with data-->>111
22:43:23.087 [TestNG-tests-2] INFO  org.UnDosTres.util.PerformAction - Validate with attribute value that field populated with data-->>111
22:43:23.094 [TestNG-tests-2] INFO  org.UnDosTres.util.PerformAction - Getting the readiness of the page
22:43:23.104 [TestNG-tests-2] INFO  org.UnDosTres.util.PerformAction - Page is ready
22:43:23.105 [TestNG-tests-2] INFO  org.UnDosTres.util.PerformAction - Waiting until field is clickable->[[FirefoxDriver: firefox on WINDOWS (09113d10-eb93-4bc0-8c7d-89ff7923396e)] -> css selector: div#email_block input.email]
22:43:23.258 [TestNG-tests-2] INFO  org.UnDosTres.util.PerformAction - Moving to the element-->[[FirefoxDriver: firefox on WINDOWS (09113d10-eb93-4bc0-8c7d-89ff7923396e)] -> css selector: div#email_block input.email]
22:43:23.282 [TestNG-tests-2] INFO  org.UnDosTres.util.PerformAction - Clear data from the field if present-->[[FirefoxDriver: firefox on WINDOWS (09113d10-eb93-4bc0-8c7d-89ff7923396e)] -> css selector: div#email_block input.email]
22:43:23.317 [TestNG-tests-2] INFO  org.UnDosTres.util.PerformAction - Field has been populated with data-->>test@test.com
22:43:23.337 [TestNG-tests-2] INFO  org.UnDosTres.util.PerformAction - Validate with attribute value that field populated with data-->>test@test.com
22:43:23.341 [TestNG-tests-2] INFO  org.UnDosTres.util.PerformAction - Getting the readiness of the page
22:43:23.346 [TestNG-tests-2] INFO  org.UnDosTres.util.PerformAction - Page is ready
22:43:23.346 [TestNG-tests-2] INFO  org.UnDosTres.util.PerformAction - Waiting for the element to be clickable-->>[[FirefoxDriver: firefox on WINDOWS (09113d10-eb93-4bc0-8c7d-89ff7923396e)] -> name: formsubmit]
22:43:23.872 [TestNG-tests-2] INFO  org.UnDosTres.util.PerformAction - Successfully moved to the element and clicked-->>[[FirefoxDriver: firefox on WINDOWS (09113d10-eb93-4bc0-8c7d-89ff7923396e)] -> name: formsubmit]
22:43:23.872 [TestNG-tests-2] INFO  UnDosTres - FireFoxBrowser Start Execution of test case ->validatePaymentHasBeenCompletedThroughCard
22:43:23.888 [TestNG-tests-2] INFO  org.UnDosTres.util.PerformAction - Getting the readiness of the page
22:43:23.891 [TestNG-tests-2] INFO  org.UnDosTres.util.PerformAction - Page is ready
22:43:23.891 [TestNG-tests-2] INFO  org.UnDosTres.util.PerformAction - Waiting until field is clickable->[[FirefoxDriver: firefox on WINDOWS (09113d10-eb93-4bc0-8c7d-89ff7923396e)] -> css selector: #usrname]
22:43:24.558 [TestNG-tests-2] INFO  org.UnDosTres.util.PerformAction - Moving to the element-->[[FirefoxDriver: firefox on WINDOWS (09113d10-eb93-4bc0-8c7d-89ff7923396e)] -> css selector: #usrname]
22:43:24.564 [TestNG-tests-2] INFO  org.UnDosTres.util.PerformAction - Clear data from the field if present-->[[FirefoxDriver: firefox on WINDOWS (09113d10-eb93-4bc0-8c7d-89ff7923396e)] -> css selector: #usrname]
22:43:24.607 [TestNG-tests-2] INFO  org.UnDosTres.util.PerformAction - Field has been populated with data-->>automationexcersise@test.com
22:43:24.622 [TestNG-tests-2] INFO  org.UnDosTres.util.PerformAction - Validate with attribute value that field populated with data-->>automationexcersise@test.com
22:43:24.626 [TestNG-tests-2] INFO  org.UnDosTres.util.PerformAction - Getting the readiness of the page
22:43:24.635 [TestNG-tests-2] INFO  org.UnDosTres.util.PerformAction - Page is ready
22:43:24.635 [TestNG-tests-2] INFO  org.UnDosTres.util.PerformAction - Waiting until field is clickable->[[FirefoxDriver: firefox on WINDOWS (09113d10-eb93-4bc0-8c7d-89ff7923396e)] -> css selector: #psw]
22:43:24.769 [TestNG-tests-2] INFO  org.UnDosTres.util.PerformAction - Moving to the element-->[[FirefoxDriver: firefox on WINDOWS (09113d10-eb93-4bc0-8c7d-89ff7923396e)] -> css selector: #psw]
22:43:24.773 [TestNG-tests-2] INFO  org.UnDosTres.util.PerformAction - Clear data from the field if present-->[[FirefoxDriver: firefox on WINDOWS (09113d10-eb93-4bc0-8c7d-89ff7923396e)] -> css selector: #psw]
22:43:24.790 [TestNG-tests-2] INFO  org.UnDosTres.util.PerformAction - Field has been populated with data-->>123456
22:43:24.804 [TestNG-tests-2] INFO  org.UnDosTres.util.PerformAction - Validate with attribute value that field populated with data-->>123456
22:43:24.809 [TestNG-tests-2] INFO  org.UnDosTres.pages.PaymentDetailPage - Number of iframes are 9
22:43:34.844 [TestNG-tests-2] ERROR org.UnDosTres.pages.PaymentDetailPage - Pop Up Is Still Visbile Unable to check if recharge is successfull 
org.openqa.selenium.NoSuchFrameException: Unable to locate frame: 1
Build info: version: '3.141.59', revision: 'e82be7d358', time: '2018-11-14T08:17:03'
System info: host: 'LAPTOP-S4EEHFLF', ip: '192.168.1.6', os.name: 'Windows 10', os.arch: 'amd64', os.version: '10.0', java.version: '1.8.0_261'
Driver info: org.openqa.selenium.firefox.FirefoxDriver
Capabilities {acceptInsecureCerts: true, browserName: firefox, browserVersion: 81.0, javascriptEnabled: true, moz:accessibilityChecks: false, moz:buildID: 20200917005511, moz:geckodriverVersion: 0.27.0, moz:headless: false, moz:processID: 29604, moz:profile: C:\Users\Sanket\AppData\Loc..., moz:shutdownTimeout: 60000, moz:useNonSpecCompliantPointerOrigin: false, moz:webdriverClick: true, pageLoadStrategy: normal, platform: WINDOWS, platformName: WINDOWS, platformVersion: 10.0, rotatable: false, setWindowRect: true, strictFileInteractability: false, timeouts: {implicit: 0, pageLoad: 300000, script: 30000}, unhandledPromptBehavior: dismiss and notify}
Session ID: 09113d10-eb93-4bc0-8c7d-89ff7923396e
	at org.UnDosTres.pages.PaymentDetailPage.fillPopUpAndClickSubmit(PaymentDetailPage.java:165) ~[classes/:?]
	at org.UnDosTres.test.PaymentDetailPageTest.validatePaymentHasBeenCompletedThroughCard(PaymentDetailPageTest.java:95) ~[test-classes/:?]
	at sun.reflect.NativeMethodAccessorImpl.invoke0(Native Method) ~[?:1.8.0_261]
	at sun.reflect.NativeMethodAccessorImpl.invoke(NativeMethodAccessorImpl.java:62) ~[?:1.8.0_261]
	at sun.reflect.DelegatingMethodAccessorImpl.invoke(DelegatingMethodAccessorImpl.java:43) ~[?:1.8.0_261]
	at java.lang.reflect.Method.invoke(Method.java:498) ~[?:1.8.0_261]
	at org.testng.internal.MethodInvocationHelper.invokeMethod(MethodInvocationHelper.java:134) ~[testng-7.1.0.jar:?]
	at org.testng.internal.TestInvoker.invokeMethod(TestInvoker.java:597) ~[testng-7.1.0.jar:?]
	at org.testng.internal.TestInvoker.invokeTestMethod(TestInvoker.java:173) ~[testng-7.1.0.jar:?]
	at org.testng.internal.MethodRunner.runInSequence(MethodRunner.java:46) ~[testng-7.1.0.jar:?]
	at org.testng.internal.TestInvoker$MethodInvocationAgent.invoke(TestInvoker.java:816) ~[testng-7.1.0.jar:?]
	at org.testng.internal.TestInvoker.invokeTestMethods(TestInvoker.java:146) ~[testng-7.1.0.jar:?]
	at org.testng.internal.TestMethodWorker.invokeTestMethods(TestMethodWorker.java:146) ~[testng-7.1.0.jar:?]
	at org.testng.internal.TestMethodWorker.run(TestMethodWorker.java:128) ~[testng-7.1.0.jar:?]
	at java.util.ArrayList.forEach(ArrayList.java:1259) ~[?:1.8.0_261]
	at org.testng.TestRunner.privateRun(TestRunner.java:766) ~[testng-7.1.0.jar:?]
	at org.testng.TestRunner.run(TestRunner.java:587) ~[testng-7.1.0.jar:?]
	at org.testng.SuiteRunner.runTest(SuiteRunner.java:384) ~[testng-7.1.0.jar:?]
	at org.testng.SuiteRunner.access$000(SuiteRunner.java:28) ~[testng-7.1.0.jar:?]
	at org.testng.SuiteRunner$SuiteWorker.run(SuiteRunner.java:425) ~[testng-7.1.0.jar:?]
	at org.testng.internal.thread.ThreadUtil.lambda$execute$0(ThreadUtil.java:68) ~[testng-7.1.0.jar:?]
	at java.util.concurrent.FutureTask.run(FutureTask.java:266) [?:1.8.0_261]
	at java.util.concurrent.ThreadPoolExecutor.runWorker(ThreadPoolExecutor.java:1149) [?:1.8.0_261]
	at java.util.concurrent.ThreadPoolExecutor$Worker.run(ThreadPoolExecutor.java:624) [?:1.8.0_261]
	at java.lang.Thread.run(Thread.java:748) [?:1.8.0_261]
22:43:34.846 [TestNG-tests-2] INFO  UnDosTres - Going to take screenshot for test case->validatePaymentHasBeenCompletedThroughCard
22:43:34.846 [TestNG-tests-2] INFO  UnDosTres - Screenshot has been taken
22:43:34.975 [TestNG-tests-2] INFO  UnDosTres - Screenshot has been stored in screenshot folder
22:43:34.976 [TestNG-tests-2] INFO  UnDosTres - FireFoxBrowser Start Execution of test case ->validatePaymentPageUrlIsGettingOpen
22:43:34.979 [TestNG-tests-2] INFO  UnDosTres - Test Case validatePaymentPageUrlIsGettingOpen has been passed
22:43:34.980 [TestNG-tests-2] INFO  UnDosTres - FireFoxBrowser Start Execution of test case ->validateSummaryOnPageIsCorrectlyDisplay
22:43:57.996 [TestNG-tests-2] ERROR org.UnDosTres.pages.PaymentDetailPage - Unable to navigate to payment page 
org.openqa.selenium.TimeoutException: Expected condition failed: waiting for visibility of element located by By.cssSelector: span.summary-message (tried for 15 second(s) with 3000 milliseconds interval)
	at org.UnDosTres.pages.PaymentDetailPage.getSummaryMessage(PaymentDetailPage.java:66) ~[classes/:?]
	at org.UnDosTres.test.PaymentDetailPageTest.validateSummaryOnPageIsCorrectlyDisplay(PaymentDetailPageTest.java:87) ~[test-classes/:?]
	at sun.reflect.NativeMethodAccessorImpl.invoke0(Native Method) ~[?:1.8.0_261]
	at sun.reflect.NativeMethodAccessorImpl.invoke(NativeMethodAccessorImpl.java:62) ~[?:1.8.0_261]
	at sun.reflect.DelegatingMethodAccessorImpl.invoke(DelegatingMethodAccessorImpl.java:43) ~[?:1.8.0_261]
	at java.lang.reflect.Method.invoke(Method.java:498) ~[?:1.8.0_261]
	at org.testng.internal.MethodInvocationHelper.invokeMethod(MethodInvocationHelper.java:134) ~[testng-7.1.0.jar:?]
	at org.testng.internal.TestInvoker.invokeMethod(TestInvoker.java:597) ~[testng-7.1.0.jar:?]
	at org.testng.internal.TestInvoker.invokeTestMethod(TestInvoker.java:173) ~[testng-7.1.0.jar:?]
	at org.testng.internal.MethodRunner.runInSequence(MethodRunner.java:46) ~[testng-7.1.0.jar:?]
	at org.testng.internal.TestInvoker$MethodInvocationAgent.invoke(TestInvoker.java:816) ~[testng-7.1.0.jar:?]
	at org.testng.internal.TestInvoker.invokeTestMethods(TestInvoker.java:146) ~[testng-7.1.0.jar:?]
	at org.testng.internal.TestMethodWorker.invokeTestMethods(TestMethodWorker.java:146) ~[testng-7.1.0.jar:?]
	at org.testng.internal.TestMethodWorker.run(TestMethodWorker.java:128) ~[testng-7.1.0.jar:?]
	at java.util.ArrayList.forEach(ArrayList.java:1259) ~[?:1.8.0_261]
	at org.testng.TestRunner.privateRun(TestRunner.java:766) ~[testng-7.1.0.jar:?]
	at org.testng.TestRunner.run(TestRunner.java:587) ~[testng-7.1.0.jar:?]
	at org.testng.SuiteRunner.runTest(SuiteRunner.java:384) ~[testng-7.1.0.jar:?]
	at org.testng.SuiteRunner.access$000(SuiteRunner.java:28) ~[testng-7.1.0.jar:?]
	at org.testng.SuiteRunner$SuiteWorker.run(SuiteRunner.java:425) ~[testng-7.1.0.jar:?]
	at org.testng.internal.thread.ThreadUtil.lambda$execute$0(ThreadUtil.java:68) ~[testng-7.1.0.jar:?]
	at java.util.concurrent.FutureTask.run(FutureTask.java:266) [?:1.8.0_261]
	at java.util.concurrent.ThreadPoolExecutor.runWorker(ThreadPoolExecutor.java:1149) [?:1.8.0_261]
	at java.util.concurrent.ThreadPoolExecutor$Worker.run(ThreadPoolExecutor.java:624) [?:1.8.0_261]
	at java.lang.Thread.run(Thread.java:748) [?:1.8.0_261]
Caused by: org.openqa.selenium.NoSuchElementException: Unable to locate element: span.summary-message
For documentation on this error, please visit: https://www.seleniumhq.org/exceptions/no_such_element.html
Build info: version: '3.141.59', revision: 'e82be7d358', time: '2018-11-14T08:17:03'
System info: host: 'LAPTOP-S4EEHFLF', ip: '192.168.1.6', os.name: 'Windows 10', os.arch: 'amd64', os.version: '10.0', java.version: '1.8.0_261'
Driver info: org.openqa.selenium.firefox.FirefoxDriver
Capabilities {acceptInsecureCerts: true, browserName: firefox, browserVersion: 81.0, javascriptEnabled: true, moz:accessibilityChecks: false, moz:buildID: 20200917005511, moz:geckodriverVersion: 0.27.0, moz:headless: false, moz:processID: 29604, moz:profile: C:\Users\Sanket\AppData\Loc..., moz:shutdownTimeout: 60000, moz:useNonSpecCompliantPointerOrigin: false, moz:webdriverClick: true, pageLoadStrategy: normal, platform: WINDOWS, platformName: WINDOWS, platformVersion: 10.0, rotatable: false, setWindowRect: true, strictFileInteractability: false, timeouts: {implicit: 0, pageLoad: 300000, script: 30000}, unhandledPromptBehavior: dismiss and notify}
Session ID: 09113d10-eb93-4bc0-8c7d-89ff7923396e
*** Element info: {Using=css selector, value=span.summary-message}
	at sun.reflect.NativeConstructorAccessorImpl.newInstance0(Native Method) ~[?:1.8.0_261]
	at sun.reflect.NativeConstructorAccessorImpl.newInstance(NativeConstructorAccessorImpl.java:62) ~[?:1.8.0_261]
	at sun.reflect.DelegatingConstructorAccessorImpl.newInstance(DelegatingConstructorAccessorImpl.java:45) ~[?:1.8.0_261]
	at java.lang.reflect.Constructor.newInstance(Constructor.java:423) ~[?:1.8.0_261]
	at org.openqa.selenium.remote.http.W3CHttpResponseCodec.createException(W3CHttpResponseCodec.java:187) ~[selenium-remote-driver-3.141.59.jar:?]
	at org.openqa.selenium.remote.http.W3CHttpResponseCodec.decode(W3CHttpResponseCodec.java:122) ~[selenium-remote-driver-3.141.59.jar:?]
	at org.openqa.selenium.remote.http.W3CHttpResponseCodec.decode(W3CHttpResponseCodec.java:49) ~[selenium-remote-driver-3.141.59.jar:?]
	at org.openqa.selenium.remote.HttpCommandExecutor.execute(HttpCommandExecutor.java:158) ~[selenium-remote-driver-3.141.59.jar:?]
	at org.openqa.selenium.remote.service.DriverCommandExecutor.execute(DriverCommandExecutor.java:83) ~[selenium-remote-driver-3.141.59.jar:?]
	at org.openqa.selenium.remote.RemoteWebDriver.execute(RemoteWebDriver.java:552) ~[selenium-remote-driver-3.141.59.jar:?]
	at org.openqa.selenium.remote.RemoteWebDriver.findElement(RemoteWebDriver.java:323) ~[selenium-remote-driver-3.141.59.jar:?]
	at org.openqa.selenium.remote.RemoteWebDriver.findElementByCssSelector(RemoteWebDriver.java:420) ~[selenium-remote-driver-3.141.59.jar:?]
	at org.openqa.selenium.By$ByCssSelector.findElement(By.java:431) ~[selenium-api-3.141.59.jar:?]
	at org.openqa.selenium.remote.RemoteWebDriver.findElement(RemoteWebDriver.java:315) ~[selenium-remote-driver-3.141.59.jar:?]
	at org.openqa.selenium.support.ui.ExpectedConditions$7.apply(ExpectedConditions.java:205) ~[selenium-support-3.141.59.jar:?]
	at org.openqa.selenium.support.ui.ExpectedConditions$7.apply(ExpectedConditions.java:201) ~[selenium-support-3.141.59.jar:?]
	at org.openqa.selenium.support.ui.FluentWait.until(FluentWait.java:249) ~[selenium-support-3.141.59.jar:?]
	at org.UnDosTres.pages.PaymentDetailPage.getSummaryMessage(PaymentDetailPage.java:61) ~[classes/:?]
	... 24 more
22:43:57.997 [TestNG-tests-2] INFO  UnDosTres - Going to take screenshot for test case->validateSummaryOnPageIsCorrectlyDisplay
22:43:57.997 [TestNG-tests-2] INFO  UnDosTres - Screenshot has been taken
22:43:58.122 [TestNG-tests-2] INFO  UnDosTres - Screenshot has been stored in screenshot folder
22:46:22.311 [TestNG-tests-1] INFO  org.UnDosTres.test.PaymentDetailPageTest - Currently executing PaymentDetail Test cases, Initializing browser Chrome
22:46:28.263 [TestNG-tests-1] INFO  UnDosTres - Browser->chrome has been opened successfully
22:46:35.117 [TestNG-tests-1] INFO  org.UnDosTres.util.PerformAction - Getting the readiness of the page
22:46:37.140 [TestNG-tests-1] INFO  org.UnDosTres.util.PerformAction - Page is ready
22:46:37.140 [TestNG-tests-1] INFO  org.UnDosTres.util.PerformAction - Waiting for the element to be clickable-->>[[ChromeDriver: chrome on WINDOWS (47eb7af88cd9dbe18ecb9e20ebaafce3)] -> xpath: //div[@to-do="mobile"]/div/div[@class="form"] //input[@name="operator"]]
22:46:37.380 [TestNG-tests-1] INFO  org.UnDosTres.util.PerformAction - Successfully moved to the element and clicked-->>[[ChromeDriver: chrome on WINDOWS (47eb7af88cd9dbe18ecb9e20ebaafce3)] -> xpath: //div[@to-do="mobile"]/div/div[@class="form"] //input[@name="operator"]]
22:46:37.380 [TestNG-tests-1] INFO  UnDosTres - Click on the operator field to open the operator list
22:46:37.634 [TestNG-tests-1] INFO  UnDosTres - Oprator list has been found, number of operator in list are->14
22:46:37.634 [TestNG-tests-1] INFO  org.UnDosTres.util.PerformAction - Getting the readiness of the page
22:46:37.640 [TestNG-tests-1] INFO  org.UnDosTres.util.PerformAction - Page is ready
22:46:37.640 [TestNG-tests-1] INFO  org.UnDosTres.util.PerformAction - Getting text with the help of getText method
22:46:37.661 [TestNG-tests-1] INFO  org.UnDosTres.util.PerformAction - Text has been found with getText method which is-->>Telcel
22:46:37.662 [TestNG-tests-1] INFO  org.UnDosTres.util.PerformAction - Getting the readiness of the page
22:46:37.666 [TestNG-tests-1] INFO  org.UnDosTres.util.PerformAction - Page is ready
22:46:37.666 [TestNG-tests-1] INFO  org.UnDosTres.util.PerformAction - Waiting for the element to be clickable-->>[[ChromeDriver: chrome on WINDOWS (47eb7af88cd9dbe18ecb9e20ebaafce3)] -> xpath: //input[@id="suggested"]/../div/ul/li]
22:46:38.445 [TestNG-tests-1] INFO  org.UnDosTres.util.PerformAction - Successfully moved to the element and clicked-->>[[ChromeDriver: chrome on WINDOWS (47eb7af88cd9dbe18ecb9e20ebaafce3)] -> xpath: //input[@id="suggested"]/../div/ul/li]
22:46:38.445 [TestNG-tests-1] INFO  UnDosTres - Operator selected as Telcel successfully
22:46:38.458 [TestNG-tests-1] INFO  org.UnDosTres.util.PerformAction - Getting the readiness of the page
22:46:38.464 [TestNG-tests-1] INFO  org.UnDosTres.util.PerformAction - Page is ready
22:46:38.464 [TestNG-tests-1] INFO  org.UnDosTres.util.PerformAction - Waiting until field is clickable->[[ChromeDriver: chrome on WINDOWS (47eb7af88cd9dbe18ecb9e20ebaafce3)] -> xpath: //div[@to-do="mobile"]/div/div[@class="form"] //input[@name="mobile"]]
22:46:38.622 [TestNG-tests-1] INFO  org.UnDosTres.util.PerformAction - Moving to the element-->[[ChromeDriver: chrome on WINDOWS (47eb7af88cd9dbe18ecb9e20ebaafce3)] -> xpath: //div[@to-do="mobile"]/div/div[@class="form"] //input[@name="mobile"]]
22:46:38.652 [TestNG-tests-1] INFO  org.UnDosTres.util.PerformAction - Clear data from the field if present-->[[ChromeDriver: chrome on WINDOWS (47eb7af88cd9dbe18ecb9e20ebaafce3)] -> xpath: //div[@to-do="mobile"]/div/div[@class="form"] //input[@name="mobile"]]
22:46:38.763 [TestNG-tests-1] INFO  org.UnDosTres.util.PerformAction - Field has been populated with data-->>5523261151
22:46:38.785 [TestNG-tests-1] INFO  org.UnDosTres.util.PerformAction - Validate with attribute value that field populated with data-->>5523261151
22:46:38.785 [TestNG-tests-1] INFO  UnDosTres - Mobile Number->5523261151 has been entered successfully
22:46:38.797 [TestNG-tests-1] INFO  org.UnDosTres.util.PerformAction - Getting the readiness of the page
22:46:38.802 [TestNG-tests-1] INFO  org.UnDosTres.util.PerformAction - Page is ready
22:46:38.802 [TestNG-tests-1] INFO  org.UnDosTres.util.PerformAction - Waiting for the element to be clickable-->>[[ChromeDriver: chrome on WINDOWS (47eb7af88cd9dbe18ecb9e20ebaafce3)] -> xpath: //div[@to-do="mobile"]/div/div[@class="form"] //input[@name="amount"]]
22:46:38.997 [TestNG-tests-1] INFO  org.UnDosTres.util.PerformAction - Successfully moved to the element and clicked-->>[[ChromeDriver: chrome on WINDOWS (47eb7af88cd9dbe18ecb9e20ebaafce3)] -> xpath: //div[@to-do="mobile"]/div/div[@class="form"] //input[@name="amount"]]
22:46:38.997 [TestNG-tests-1] INFO  UnDosTres - Getting recharge type web element Recarga Saldo
22:46:39.013 [TestNG-tests-1] INFO  UnDosTres - Recharge type webelement has been found successfully
22:46:39.013 [TestNG-tests-1] INFO  org.UnDosTres.util.PerformAction - Getting the readiness of the page
22:46:39.019 [TestNG-tests-1] INFO  org.UnDosTres.util.PerformAction - Page is ready
22:46:39.019 [TestNG-tests-1] INFO  org.UnDosTres.util.PerformAction - Waiting for the element to be clickable-->>[[ChromeDriver: chrome on WINDOWS (47eb7af88cd9dbe18ecb9e20ebaafce3)] -> xpath: //div[@class="category-tab "]/div[text()="Recarga Saldo"]]
22:46:39.199 [TestNG-tests-1] INFO  org.UnDosTres.util.PerformAction - Successfully moved to the element and clicked-->>[[ChromeDriver: chrome on WINDOWS (47eb7af88cd9dbe18ecb9e20ebaafce3)] -> xpath: //div[@class="category-tab "]/div[text()="Recarga Saldo"]]
22:46:39.199 [TestNG-tests-1] INFO  UnDosTres - Click over Recharge type->Recarga Saldo
22:46:39.218 [TestNG-tests-1] INFO  org.UnDosTres.util.PerformAction - Getting the readiness of the page
22:46:39.226 [TestNG-tests-1] INFO  org.UnDosTres.util.PerformAction - Page is ready
22:46:39.226 [TestNG-tests-1] INFO  org.UnDosTres.util.PerformAction - Getting text with the help of getText method
22:46:39.248 [TestNG-tests-1] INFO  org.UnDosTres.util.PerformAction - Text has been found with getText method which is-->>Recarga Saldo
22:46:39.364 [TestNG-tests-1] INFO  UnDosTres - Clicked on the amount 10
22:46:39.365 [TestNG-tests-1] INFO  UnDosTres - Going to click on submit button to move towards payment page
22:46:39.378 [TestNG-tests-1] INFO  org.UnDosTres.util.PerformAction - Getting the readiness of the page
22:46:39.383 [TestNG-tests-1] INFO  org.UnDosTres.util.PerformAction - Page is ready
22:46:39.383 [TestNG-tests-1] INFO  org.UnDosTres.util.PerformAction - Waiting for the element to be clickable-->>[[ChromeDriver: chrome on WINDOWS (47eb7af88cd9dbe18ecb9e20ebaafce3)] -> xpath: //div[@to-do="mobile"]/div //button]
22:46:39.926 [TestNG-tests-1] INFO  org.UnDosTres.util.PerformAction - Successfully moved to the element and clicked-->>[[ChromeDriver: chrome on WINDOWS (47eb7af88cd9dbe18ecb9e20ebaafce3)] -> xpath: //div[@to-do="mobile"]/div //button]
22:46:39.926 [TestNG-tests-1] INFO  UnDosTres - Clicked on perform payment button
22:46:56.103 [TestNG-test=UnDosTres Payment Detail Page-2] INFO  org.UnDosTres.test.PaymentDetailPageTest - Currently executing PaymentDetail Test cases, Initializing browser FireFox
22:46:56.103 [TestNG-test=UnDosTres Payment Detail Page-1] INFO  org.UnDosTres.test.PaymentDetailPageTest - Currently executing PaymentDetail Test cases, Initializing browser Edge
22:46:56.103 [TestNG-test=UnDosTres Payment Detail Page-3] INFO  org.UnDosTres.test.PaymentDetailPageTest - Currently executing PaymentDetail Test cases, Initializing browser Chrome
22:47:01.905 [TestNG-test=UnDosTres Payment Detail Page-2] INFO  UnDosTres - Browser->firefox has been opened successfully
22:47:02.439 [TestNG-test=UnDosTres Payment Detail Page-3] INFO  UnDosTres - Browser->chrome has been opened successfully
22:47:02.626 [TestNG-test=UnDosTres Payment Detail Page-1] INFO  UnDosTres - Browser->edge has been opened successfully
22:47:07.360 [TestNG-test=UnDosTres Payment Detail Page-2] INFO  org.UnDosTres.util.PerformAction - Getting the readiness of the page
22:47:07.376 [TestNG-test=UnDosTres Payment Detail Page-2] INFO  org.UnDosTres.util.PerformAction - Page is ready
22:47:07.376 [TestNG-test=UnDosTres Payment Detail Page-2] INFO  org.UnDosTres.util.PerformAction - Waiting for the element to be clickable-->>[[FirefoxDriver: firefox on WINDOWS (50e64ee3-9f2d-478c-b69d-9936ae0b8cbd)] -> xpath: //div[@to-do="mobile"]/div/div[@class="form"] //input[@name="operator"]]
22:47:07.694 [TestNG-test=UnDosTres Payment Detail Page-2] INFO  org.UnDosTres.util.PerformAction - Successfully moved to the element and clicked-->>[[FirefoxDriver: firefox on WINDOWS (50e64ee3-9f2d-478c-b69d-9936ae0b8cbd)] -> xpath: //div[@to-do="mobile"]/div/div[@class="form"] //input[@name="operator"]]
22:47:07.694 [TestNG-test=UnDosTres Payment Detail Page-2] INFO  UnDosTres - Click on the operator field to open the operator list
22:47:08.103 [TestNG-test=UnDosTres Payment Detail Page-2] INFO  UnDosTres - Oprator list has been found, number of operator in list are->14
22:47:08.103 [TestNG-test=UnDosTres Payment Detail Page-2] INFO  org.UnDosTres.util.PerformAction - Getting the readiness of the page
22:47:08.110 [TestNG-test=UnDosTres Payment Detail Page-2] INFO  org.UnDosTres.util.PerformAction - Page is ready
22:47:08.110 [TestNG-test=UnDosTres Payment Detail Page-2] INFO  org.UnDosTres.util.PerformAction - Getting text with the help of getText method
22:47:08.153 [TestNG-test=UnDosTres Payment Detail Page-2] INFO  org.UnDosTres.util.PerformAction - Text has been found with getText method which is-->>Telcel
22:47:08.153 [TestNG-test=UnDosTres Payment Detail Page-2] INFO  org.UnDosTres.util.PerformAction - Getting the readiness of the page
22:47:08.161 [TestNG-test=UnDosTres Payment Detail Page-2] INFO  org.UnDosTres.util.PerformAction - Page is ready
22:47:08.161 [TestNG-test=UnDosTres Payment Detail Page-2] INFO  org.UnDosTres.util.PerformAction - Waiting for the element to be clickable-->>[[FirefoxDriver: firefox on WINDOWS (50e64ee3-9f2d-478c-b69d-9936ae0b8cbd)] -> xpath: //input[@id="suggested"]/../div/ul/li]
22:47:08.389 [TestNG-test=UnDosTres Payment Detail Page-3] INFO  org.UnDosTres.util.PerformAction - Getting the readiness of the page
22:47:08.439 [TestNG-test=UnDosTres Payment Detail Page-2] INFO  org.UnDosTres.util.PerformAction - Successfully moved to the element and clicked-->>[[FirefoxDriver: firefox on WINDOWS (50e64ee3-9f2d-478c-b69d-9936ae0b8cbd)] -> xpath: //input[@id="suggested"]/../div/ul/li]
22:47:08.440 [TestNG-test=UnDosTres Payment Detail Page-2] INFO  UnDosTres - Operator selected as Telcel successfully
22:47:08.451 [TestNG-test=UnDosTres Payment Detail Page-2] INFO  org.UnDosTres.util.PerformAction - Getting the readiness of the page
22:47:08.462 [TestNG-test=UnDosTres Payment Detail Page-2] INFO  org.UnDosTres.util.PerformAction - Page is ready
22:47:08.462 [TestNG-test=UnDosTres Payment Detail Page-2] INFO  org.UnDosTres.util.PerformAction - Waiting until field is clickable->[[FirefoxDriver: firefox on WINDOWS (50e64ee3-9f2d-478c-b69d-9936ae0b8cbd)] -> xpath: //div[@to-do="mobile"]/div/div[@class="form"] //input[@name="mobile"]]
22:47:08.652 [TestNG-test=UnDosTres Payment Detail Page-2] INFO  org.UnDosTres.util.PerformAction - Moving to the element-->[[FirefoxDriver: firefox on WINDOWS (50e64ee3-9f2d-478c-b69d-9936ae0b8cbd)] -> xpath: //div[@to-do="mobile"]/div/div[@class="form"] //input[@name="mobile"]]
22:47:08.677 [TestNG-test=UnDosTres Payment Detail Page-2] INFO  org.UnDosTres.util.PerformAction - Clear data from the field if present-->[[FirefoxDriver: firefox on WINDOWS (50e64ee3-9f2d-478c-b69d-9936ae0b8cbd)] -> xpath: //div[@to-do="mobile"]/div/div[@class="form"] //input[@name="mobile"]]
22:47:08.716 [TestNG-test=UnDosTres Payment Detail Page-1] INFO  org.UnDosTres.util.PerformAction - Getting the readiness of the page
22:47:08.724 [TestNG-test=UnDosTres Payment Detail Page-1] INFO  org.UnDosTres.util.PerformAction - Page is ready
22:47:08.724 [TestNG-test=UnDosTres Payment Detail Page-1] INFO  org.UnDosTres.util.PerformAction - Waiting for the element to be clickable-->>[[EdgeDriver: msedge on WINDOWS (f8bd08eb3fccb03e48a7a675fa753160)] -> xpath: //div[@to-do="mobile"]/div/div[@class="form"] //input[@name="operator"]]
22:47:08.748 [TestNG-test=UnDosTres Payment Detail Page-2] INFO  org.UnDosTres.util.PerformAction - Field has been populated with data-->>5523261151
22:47:08.776 [TestNG-test=UnDosTres Payment Detail Page-2] INFO  org.UnDosTres.util.PerformAction - Validate with attribute value that field populated with data-->>5523261151
22:47:08.776 [TestNG-test=UnDosTres Payment Detail Page-2] INFO  UnDosTres - Mobile Number->5523261151 has been entered successfully
22:47:08.797 [TestNG-test=UnDosTres Payment Detail Page-2] INFO  org.UnDosTres.util.PerformAction - Getting the readiness of the page
22:47:08.814 [TestNG-test=UnDosTres Payment Detail Page-2] INFO  org.UnDosTres.util.PerformAction - Page is ready
22:47:08.815 [TestNG-test=UnDosTres Payment Detail Page-2] INFO  org.UnDosTres.util.PerformAction - Waiting for the element to be clickable-->>[[FirefoxDriver: firefox on WINDOWS (50e64ee3-9f2d-478c-b69d-9936ae0b8cbd)] -> xpath: //div[@to-do="mobile"]/div/div[@class="form"] //input[@name="amount"]]
22:47:09.019 [TestNG-test=UnDosTres Payment Detail Page-1] INFO  org.UnDosTres.util.PerformAction - Successfully moved to the element and clicked-->>[[EdgeDriver: msedge on WINDOWS (f8bd08eb3fccb03e48a7a675fa753160)] -> xpath: //div[@to-do="mobile"]/div/div[@class="form"] //input[@name="operator"]]
22:47:09.019 [TestNG-test=UnDosTres Payment Detail Page-1] INFO  UnDosTres - Click on the operator field to open the operator list
22:47:09.062 [TestNG-test=UnDosTres Payment Detail Page-2] INFO  org.UnDosTres.util.PerformAction - Successfully moved to the element and clicked-->>[[FirefoxDriver: firefox on WINDOWS (50e64ee3-9f2d-478c-b69d-9936ae0b8cbd)] -> xpath: //div[@to-do="mobile"]/div/div[@class="form"] //input[@name="amount"]]
22:47:09.062 [TestNG-test=UnDosTres Payment Detail Page-2] INFO  UnDosTres - Getting recharge type web element Recarga Saldo
22:47:09.089 [TestNG-test=UnDosTres Payment Detail Page-2] INFO  UnDosTres - Recharge type webelement has been found successfully
22:47:09.090 [TestNG-test=UnDosTres Payment Detail Page-2] INFO  org.UnDosTres.util.PerformAction - Getting the readiness of the page
22:47:09.097 [TestNG-test=UnDosTres Payment Detail Page-2] INFO  org.UnDosTres.util.PerformAction - Page is ready
22:47:09.098 [TestNG-test=UnDosTres Payment Detail Page-2] INFO  org.UnDosTres.util.PerformAction - Waiting for the element to be clickable-->>[[FirefoxDriver: firefox on WINDOWS (50e64ee3-9f2d-478c-b69d-9936ae0b8cbd)] -> xpath: //div[@class="category-tab "]/div[text()="Recarga Saldo"]]
22:47:09.314 [TestNG-test=UnDosTres Payment Detail Page-2] INFO  org.UnDosTres.util.PerformAction - Successfully moved to the element and clicked-->>[[FirefoxDriver: firefox on WINDOWS (50e64ee3-9f2d-478c-b69d-9936ae0b8cbd)] -> xpath: //div[@class="category-tab "]/div[text()="Recarga Saldo"]]
22:47:09.314 [TestNG-test=UnDosTres Payment Detail Page-2] INFO  UnDosTres - Click over Recharge type->Recarga Saldo
22:47:09.334 [TestNG-test=UnDosTres Payment Detail Page-2] INFO  org.UnDosTres.util.PerformAction - Getting the readiness of the page
22:47:09.344 [TestNG-test=UnDosTres Payment Detail Page-2] INFO  org.UnDosTres.util.PerformAction - Page is ready
22:47:09.344 [TestNG-test=UnDosTres Payment Detail Page-2] INFO  org.UnDosTres.util.PerformAction - Getting text with the help of getText method
22:47:09.372 [TestNG-test=UnDosTres Payment Detail Page-2] INFO  org.UnDosTres.util.PerformAction - Text has been found with getText method which is-->>Recarga Saldo
22:47:09.428 [TestNG-test=UnDosTres Payment Detail Page-1] INFO  UnDosTres - Oprator list has been found, number of operator in list are->14
22:47:09.429 [TestNG-test=UnDosTres Payment Detail Page-1] INFO  org.UnDosTres.util.PerformAction - Getting the readiness of the page
22:47:09.441 [TestNG-test=UnDosTres Payment Detail Page-1] INFO  org.UnDosTres.util.PerformAction - Page is ready
22:47:09.441 [TestNG-test=UnDosTres Payment Detail Page-1] INFO  org.UnDosTres.util.PerformAction - Getting text with the help of getText method
22:47:09.487 [TestNG-test=UnDosTres Payment Detail Page-1] INFO  org.UnDosTres.util.PerformAction - Text has been found with getText method which is-->>Telcel
22:47:09.488 [TestNG-test=UnDosTres Payment Detail Page-1] INFO  org.UnDosTres.util.PerformAction - Getting the readiness of the page
22:47:09.494 [TestNG-test=UnDosTres Payment Detail Page-1] INFO  org.UnDosTres.util.PerformAction - Page is ready
22:47:09.495 [TestNG-test=UnDosTres Payment Detail Page-1] INFO  org.UnDosTres.util.PerformAction - Waiting for the element to be clickable-->>[[EdgeDriver: msedge on WINDOWS (f8bd08eb3fccb03e48a7a675fa753160)] -> xpath: //input[@id="suggested"]/../div/ul/li]
22:47:09.731 [TestNG-test=UnDosTres Payment Detail Page-2] INFO  UnDosTres - Clicked on the amount 10
22:47:09.731 [TestNG-test=UnDosTres Payment Detail Page-2] INFO  UnDosTres - Going to click on submit button to move towards payment page
22:47:09.740 [TestNG-test=UnDosTres Payment Detail Page-2] INFO  org.UnDosTres.util.PerformAction - Getting the readiness of the page
22:47:09.747 [TestNG-test=UnDosTres Payment Detail Page-2] INFO  org.UnDosTres.util.PerformAction - Page is ready
22:47:09.747 [TestNG-test=UnDosTres Payment Detail Page-2] INFO  org.UnDosTres.util.PerformAction - Waiting for the element to be clickable-->>[[FirefoxDriver: firefox on WINDOWS (50e64ee3-9f2d-478c-b69d-9936ae0b8cbd)] -> xpath: //div[@to-do="mobile"]/div //button]
22:47:10.199 [TestNG-test=UnDosTres Payment Detail Page-1] INFO  org.UnDosTres.util.PerformAction - Successfully moved to the element and clicked-->>[[EdgeDriver: msedge on WINDOWS (f8bd08eb3fccb03e48a7a675fa753160)] -> xpath: //input[@id="suggested"]/../div/ul/li]
22:47:10.199 [TestNG-test=UnDosTres Payment Detail Page-1] INFO  UnDosTres - Operator selected as Telcel successfully
22:47:10.212 [TestNG-test=UnDosTres Payment Detail Page-1] INFO  org.UnDosTres.util.PerformAction - Getting the readiness of the page
22:47:10.219 [TestNG-test=UnDosTres Payment Detail Page-1] INFO  org.UnDosTres.util.PerformAction - Page is ready
22:47:10.219 [TestNG-test=UnDosTres Payment Detail Page-1] INFO  org.UnDosTres.util.PerformAction - Waiting until field is clickable->[[EdgeDriver: msedge on WINDOWS (f8bd08eb3fccb03e48a7a675fa753160)] -> xpath: //div[@to-do="mobile"]/div/div[@class="form"] //input[@name="mobile"]]
22:47:10.277 [TestNG-test=UnDosTres Payment Detail Page-2] INFO  org.UnDosTres.util.PerformAction - Successfully moved to the element and clicked-->>[[FirefoxDriver: firefox on WINDOWS (50e64ee3-9f2d-478c-b69d-9936ae0b8cbd)] -> xpath: //div[@to-do="mobile"]/div //button]
22:47:10.277 [TestNG-test=UnDosTres Payment Detail Page-2] INFO  UnDosTres - Clicked on perform payment button
22:47:10.356 [TestNG-test=UnDosTres Payment Detail Page-1] INFO  org.UnDosTres.util.PerformAction - Moving to the element-->[[EdgeDriver: msedge on WINDOWS (f8bd08eb3fccb03e48a7a675fa753160)] -> xpath: //div[@to-do="mobile"]/div/div[@class="form"] //input[@name="mobile"]]
22:47:10.386 [TestNG-test=UnDosTres Payment Detail Page-1] INFO  org.UnDosTres.util.PerformAction - Clear data from the field if present-->[[EdgeDriver: msedge on WINDOWS (f8bd08eb3fccb03e48a7a675fa753160)] -> xpath: //div[@to-do="mobile"]/div/div[@class="form"] //input[@name="mobile"]]
22:47:10.407 [TestNG-test=UnDosTres Payment Detail Page-3] INFO  org.UnDosTres.util.PerformAction - Page is ready
22:47:10.408 [TestNG-test=UnDosTres Payment Detail Page-3] INFO  org.UnDosTres.util.PerformAction - Waiting for the element to be clickable-->>[[ChromeDriver: chrome on WINDOWS (05cf60f56f306446a9e1511de925c878)] -> xpath: //div[@to-do="mobile"]/div/div[@class="form"] //input[@name="operator"]]
22:47:10.493 [TestNG-test=UnDosTres Payment Detail Page-1] INFO  org.UnDosTres.util.PerformAction - Field has been populated with data-->>5523261151
22:47:10.518 [TestNG-test=UnDosTres Payment Detail Page-1] INFO  org.UnDosTres.util.PerformAction - Validate with attribute value that field populated with data-->>5523261151
22:47:10.518 [TestNG-test=UnDosTres Payment Detail Page-1] INFO  UnDosTres - Mobile Number->5523261151 has been entered successfully
22:47:10.530 [TestNG-test=UnDosTres Payment Detail Page-1] INFO  org.UnDosTres.util.PerformAction - Getting the readiness of the page
22:47:10.537 [TestNG-test=UnDosTres Payment Detail Page-1] INFO  org.UnDosTres.util.PerformAction - Page is ready
22:47:10.538 [TestNG-test=UnDosTres Payment Detail Page-1] INFO  org.UnDosTres.util.PerformAction - Waiting for the element to be clickable-->>[[EdgeDriver: msedge on WINDOWS (f8bd08eb3fccb03e48a7a675fa753160)] -> xpath: //div[@to-do="mobile"]/div/div[@class="form"] //input[@name="amount"]]
22:47:10.662 [TestNG-test=UnDosTres Payment Detail Page-3] INFO  org.UnDosTres.util.PerformAction - Successfully moved to the element and clicked-->>[[ChromeDriver: chrome on WINDOWS (05cf60f56f306446a9e1511de925c878)] -> xpath: //div[@to-do="mobile"]/div/div[@class="form"] //input[@name="operator"]]
22:47:10.663 [TestNG-test=UnDosTres Payment Detail Page-3] INFO  UnDosTres - Click on the operator field to open the operator list
22:47:10.794 [TestNG-test=UnDosTres Payment Detail Page-1] INFO  org.UnDosTres.util.PerformAction - Successfully moved to the element and clicked-->>[[EdgeDriver: msedge on WINDOWS (f8bd08eb3fccb03e48a7a675fa753160)] -> xpath: //div[@to-do="mobile"]/div/div[@class="form"] //input[@name="amount"]]
22:47:10.794 [TestNG-test=UnDosTres Payment Detail Page-1] INFO  UnDosTres - Getting recharge type web element Recarga Saldo
22:47:10.824 [TestNG-test=UnDosTres Payment Detail Page-1] INFO  UnDosTres - Recharge type webelement has been found successfully
22:47:10.825 [TestNG-test=UnDosTres Payment Detail Page-1] INFO  org.UnDosTres.util.PerformAction - Getting the readiness of the page
22:47:10.830 [TestNG-test=UnDosTres Payment Detail Page-1] INFO  org.UnDosTres.util.PerformAction - Page is ready
22:47:10.830 [TestNG-test=UnDosTres Payment Detail Page-1] INFO  org.UnDosTres.util.PerformAction - Waiting for the element to be clickable-->>[[EdgeDriver: msedge on WINDOWS (f8bd08eb3fccb03e48a7a675fa753160)] -> xpath: //div[@class="category-tab "]/div[text()="Recarga Saldo"]]
22:47:10.948 [TestNG-test=UnDosTres Payment Detail Page-3] INFO  UnDosTres - Oprator list has been found, number of operator in list are->14
22:47:10.949 [TestNG-test=UnDosTres Payment Detail Page-3] INFO  org.UnDosTres.util.PerformAction - Getting the readiness of the page
22:47:10.954 [TestNG-test=UnDosTres Payment Detail Page-3] INFO  org.UnDosTres.util.PerformAction - Page is ready
22:47:10.954 [TestNG-test=UnDosTres Payment Detail Page-3] INFO  org.UnDosTres.util.PerformAction - Getting text with the help of getText method
22:47:10.975 [TestNG-test=UnDosTres Payment Detail Page-3] INFO  org.UnDosTres.util.PerformAction - Text has been found with getText method which is-->>Telcel
22:47:10.975 [TestNG-test=UnDosTres Payment Detail Page-3] INFO  org.UnDosTres.util.PerformAction - Getting the readiness of the page
22:47:10.979 [TestNG-test=UnDosTres Payment Detail Page-3] INFO  org.UnDosTres.util.PerformAction - Page is ready
22:47:10.980 [TestNG-test=UnDosTres Payment Detail Page-3] INFO  org.UnDosTres.util.PerformAction - Waiting for the element to be clickable-->>[[ChromeDriver: chrome on WINDOWS (05cf60f56f306446a9e1511de925c878)] -> xpath: //input[@id="suggested"]/../div/ul/li]
22:47:10.997 [TestNG-test=UnDosTres Payment Detail Page-1] INFO  org.UnDosTres.util.PerformAction - Successfully moved to the element and clicked-->>[[EdgeDriver: msedge on WINDOWS (f8bd08eb3fccb03e48a7a675fa753160)] -> xpath: //div[@class="category-tab "]/div[text()="Recarga Saldo"]]
22:47:10.997 [TestNG-test=UnDosTres Payment Detail Page-1] INFO  UnDosTres - Click over Recharge type->Recarga Saldo
22:47:11.011 [TestNG-test=UnDosTres Payment Detail Page-1] INFO  org.UnDosTres.util.PerformAction - Getting the readiness of the page
22:47:11.019 [TestNG-test=UnDosTres Payment Detail Page-1] INFO  org.UnDosTres.util.PerformAction - Page is ready
22:47:11.020 [TestNG-test=UnDosTres Payment Detail Page-1] INFO  org.UnDosTres.util.PerformAction - Getting text with the help of getText method
22:47:11.037 [TestNG-test=UnDosTres Payment Detail Page-1] INFO  org.UnDosTres.util.PerformAction - Text has been found with getText method which is-->>Recarga Saldo
22:47:11.164 [TestNG-test=UnDosTres Payment Detail Page-1] INFO  UnDosTres - Clicked on the amount 10
22:47:11.164 [TestNG-test=UnDosTres Payment Detail Page-1] INFO  UnDosTres - Going to click on submit button to move towards payment page
22:47:11.183 [TestNG-test=UnDosTres Payment Detail Page-1] INFO  org.UnDosTres.util.PerformAction - Getting the readiness of the page
22:47:11.189 [TestNG-test=UnDosTres Payment Detail Page-3] INFO  org.UnDosTres.util.PerformAction - Successfully moved to the element and clicked-->>[[ChromeDriver: chrome on WINDOWS (05cf60f56f306446a9e1511de925c878)] -> xpath: //input[@id="suggested"]/../div/ul/li]
22:47:11.190 [TestNG-test=UnDosTres Payment Detail Page-3] INFO  UnDosTres - Operator selected as Telcel successfully
22:47:11.191 [TestNG-test=UnDosTres Payment Detail Page-1] INFO  org.UnDosTres.util.PerformAction - Page is ready
22:47:11.191 [TestNG-test=UnDosTres Payment Detail Page-1] INFO  org.UnDosTres.util.PerformAction - Waiting for the element to be clickable-->>[[EdgeDriver: msedge on WINDOWS (f8bd08eb3fccb03e48a7a675fa753160)] -> xpath: //div[@to-do="mobile"]/div //button]
22:47:11.209 [TestNG-test=UnDosTres Payment Detail Page-3] INFO  org.UnDosTres.util.PerformAction - Getting the readiness of the page
22:47:11.214 [TestNG-test=UnDosTres Payment Detail Page-3] INFO  org.UnDosTres.util.PerformAction - Page is ready
22:47:11.215 [TestNG-test=UnDosTres Payment Detail Page-3] INFO  org.UnDosTres.util.PerformAction - Waiting until field is clickable->[[ChromeDriver: chrome on WINDOWS (05cf60f56f306446a9e1511de925c878)] -> xpath: //div[@to-do="mobile"]/div/div[@class="form"] //input[@name="mobile"]]
22:47:11.363 [TestNG-test=UnDosTres Payment Detail Page-3] INFO  org.UnDosTres.util.PerformAction - Moving to the element-->[[ChromeDriver: chrome on WINDOWS (05cf60f56f306446a9e1511de925c878)] -> xpath: //div[@to-do="mobile"]/div/div[@class="form"] //input[@name="mobile"]]
22:47:11.408 [TestNG-test=UnDosTres Payment Detail Page-3] INFO  org.UnDosTres.util.PerformAction - Clear data from the field if present-->[[ChromeDriver: chrome on WINDOWS (05cf60f56f306446a9e1511de925c878)] -> xpath: //div[@to-do="mobile"]/div/div[@class="form"] //input[@name="mobile"]]
22:47:11.499 [TestNG-test=UnDosTres Payment Detail Page-3] INFO  org.UnDosTres.util.PerformAction - Field has been populated with data-->>5523261151
22:47:11.531 [TestNG-test=UnDosTres Payment Detail Page-3] INFO  org.UnDosTres.util.PerformAction - Validate with attribute value that field populated with data-->>5523261151
22:47:11.531 [TestNG-test=UnDosTres Payment Detail Page-3] INFO  UnDosTres - Mobile Number->5523261151 has been entered successfully
22:47:11.545 [TestNG-test=UnDosTres Payment Detail Page-3] INFO  org.UnDosTres.util.PerformAction - Getting the readiness of the page
22:47:11.554 [TestNG-test=UnDosTres Payment Detail Page-3] INFO  org.UnDosTres.util.PerformAction - Page is ready
22:47:11.555 [TestNG-test=UnDosTres Payment Detail Page-3] INFO  org.UnDosTres.util.PerformAction - Waiting for the element to be clickable-->>[[ChromeDriver: chrome on WINDOWS (05cf60f56f306446a9e1511de925c878)] -> xpath: //div[@to-do="mobile"]/div/div[@class="form"] //input[@name="amount"]]
22:47:11.790 [TestNG-test=UnDosTres Payment Detail Page-1] INFO  org.UnDosTres.util.PerformAction - Successfully moved to the element and clicked-->>[[EdgeDriver: msedge on WINDOWS (f8bd08eb3fccb03e48a7a675fa753160)] -> xpath: //div[@to-do="mobile"]/div //button]
22:47:11.790 [TestNG-test=UnDosTres Payment Detail Page-1] INFO  UnDosTres - Clicked on perform payment button
22:47:11.799 [TestNG-test=UnDosTres Payment Detail Page-3] INFO  org.UnDosTres.util.PerformAction - Successfully moved to the element and clicked-->>[[ChromeDriver: chrome on WINDOWS (05cf60f56f306446a9e1511de925c878)] -> xpath: //div[@to-do="mobile"]/div/div[@class="form"] //input[@name="amount"]]
22:47:11.799 [TestNG-test=UnDosTres Payment Detail Page-3] INFO  UnDosTres - Getting recharge type web element Recarga Saldo
22:47:11.865 [TestNG-test=UnDosTres Payment Detail Page-3] INFO  UnDosTres - Recharge type webelement has been found successfully
22:47:11.866 [TestNG-test=UnDosTres Payment Detail Page-3] INFO  org.UnDosTres.util.PerformAction - Getting the readiness of the page
22:47:11.880 [TestNG-test=UnDosTres Payment Detail Page-3] INFO  org.UnDosTres.util.PerformAction - Page is ready
22:47:11.881 [TestNG-test=UnDosTres Payment Detail Page-3] INFO  org.UnDosTres.util.PerformAction - Waiting for the element to be clickable-->>[[ChromeDriver: chrome on WINDOWS (05cf60f56f306446a9e1511de925c878)] -> xpath: //div[@class="category-tab "]/div[text()="Recarga Saldo"]]
22:47:12.081 [TestNG-test=UnDosTres Payment Detail Page-2] INFO  org.UnDosTres.util.PerformAction - Getting the readiness of the page
22:47:12.097 [TestNG-test=UnDosTres Payment Detail Page-3] INFO  org.UnDosTres.util.PerformAction - Successfully moved to the element and clicked-->>[[ChromeDriver: chrome on WINDOWS (05cf60f56f306446a9e1511de925c878)] -> xpath: //div[@class="category-tab "]/div[text()="Recarga Saldo"]]
22:47:12.098 [TestNG-test=UnDosTres Payment Detail Page-3] INFO  UnDosTres - Click over Recharge type->Recarga Saldo
22:47:12.122 [TestNG-test=UnDosTres Payment Detail Page-3] INFO  org.UnDosTres.util.PerformAction - Getting the readiness of the page
22:47:12.128 [TestNG-test=UnDosTres Payment Detail Page-3] INFO  org.UnDosTres.util.PerformAction - Page is ready
22:47:12.128 [TestNG-test=UnDosTres Payment Detail Page-3] INFO  org.UnDosTres.util.PerformAction - Getting text with the help of getText method
22:47:12.147 [TestNG-test=UnDosTres Payment Detail Page-3] INFO  org.UnDosTres.util.PerformAction - Text has been found with getText method which is-->>Recarga Saldo
22:47:12.348 [TestNG-test=UnDosTres Payment Detail Page-3] INFO  UnDosTres - Clicked on the amount 10
22:47:12.348 [TestNG-test=UnDosTres Payment Detail Page-3] INFO  UnDosTres - Going to click on submit button to move towards payment page
22:47:12.376 [TestNG-test=UnDosTres Payment Detail Page-3] INFO  org.UnDosTres.util.PerformAction - Getting the readiness of the page
22:47:12.382 [TestNG-test=UnDosTres Payment Detail Page-3] INFO  org.UnDosTres.util.PerformAction - Page is ready
22:47:12.382 [TestNG-test=UnDosTres Payment Detail Page-3] INFO  org.UnDosTres.util.PerformAction - Waiting for the element to be clickable-->>[[ChromeDriver: chrome on WINDOWS (05cf60f56f306446a9e1511de925c878)] -> xpath: //div[@to-do="mobile"]/div //button]
22:47:13.027 [TestNG-test=UnDosTres Payment Detail Page-3] INFO  org.UnDosTres.util.PerformAction - Successfully moved to the element and clicked-->>[[ChromeDriver: chrome on WINDOWS (05cf60f56f306446a9e1511de925c878)] -> xpath: //div[@to-do="mobile"]/div //button]
22:47:13.028 [TestNG-test=UnDosTres Payment Detail Page-3] INFO  UnDosTres - Clicked on perform payment button
22:47:14.215 [TestNG-test=UnDosTres Payment Detail Page-1] INFO  org.UnDosTres.util.PerformAction - Getting the readiness of the page
22:47:15.425 [TestNG-test=UnDosTres Payment Detail Page-3] INFO  org.UnDosTres.util.PerformAction - Getting the readiness of the page
22:47:22.378 [TestNG-test=UnDosTres Payment Detail Page-2] INFO  org.UnDosTres.util.PerformAction - Page is ready
22:47:22.378 [TestNG-test=UnDosTres Payment Detail Page-2] INFO  org.UnDosTres.util.PerformAction - Waiting for the element to be clickable-->>[[FirefoxDriver: firefox on WINDOWS (50e64ee3-9f2d-478c-b69d-9936ae0b8cbd)] -> xpath: //a[contains(@class,'select-card')]]
22:47:22.554 [TestNG-test=UnDosTres Payment Detail Page-2] INFO  org.UnDosTres.util.PerformAction - Successfully moved to the element and clicked-->>[[FirefoxDriver: firefox on WINDOWS (50e64ee3-9f2d-478c-b69d-9936ae0b8cbd)] -> xpath: //a[contains(@class,'select-card')]]
22:47:22.568 [TestNG-test=UnDosTres Payment Detail Page-2] INFO  org.UnDosTres.util.PerformAction - Getting the readiness of the page
22:47:22.575 [TestNG-test=UnDosTres Payment Detail Page-2] INFO  org.UnDosTres.util.PerformAction - Page is ready
22:47:22.575 [TestNG-test=UnDosTres Payment Detail Page-2] INFO  org.UnDosTres.util.PerformAction - Waiting until field is clickable->[[FirefoxDriver: firefox on WINDOWS (50e64ee3-9f2d-478c-b69d-9936ae0b8cbd)] -> xpath: //div[@class="card-info-box"] //input[@name="cardname"]]
22:47:22.714 [TestNG-test=UnDosTres Payment Detail Page-2] INFO  org.UnDosTres.util.PerformAction - Moving to the element-->[[FirefoxDriver: firefox on WINDOWS (50e64ee3-9f2d-478c-b69d-9936ae0b8cbd)] -> xpath: //div[@class="card-info-box"] //input[@name="cardname"]]
22:47:22.729 [TestNG-test=UnDosTres Payment Detail Page-2] INFO  org.UnDosTres.util.PerformAction - Clear data from the field if present-->[[FirefoxDriver: firefox on WINDOWS (50e64ee3-9f2d-478c-b69d-9936ae0b8cbd)] -> xpath: //div[@class="card-info-box"] //input[@name="cardname"]]
22:47:22.756 [TestNG-test=UnDosTres Payment Detail Page-2] INFO  org.UnDosTres.util.PerformAction - Field has been populated with data-->>Test
22:47:22.779 [TestNG-test=UnDosTres Payment Detail Page-2] INFO  org.UnDosTres.util.PerformAction - Validate with attribute value that field populated with data-->>Test
22:47:22.784 [TestNG-test=UnDosTres Payment Detail Page-2] INFO  org.UnDosTres.util.PerformAction - Getting the readiness of the page
22:47:22.794 [TestNG-test=UnDosTres Payment Detail Page-2] INFO  org.UnDosTres.util.PerformAction - Page is ready
22:47:22.794 [TestNG-test=UnDosTres Payment Detail Page-2] INFO  org.UnDosTres.util.PerformAction - Waiting until field is clickable->[[FirefoxDriver: firefox on WINDOWS (50e64ee3-9f2d-478c-b69d-9936ae0b8cbd)] -> id: cardnumberunique]
22:47:22.960 [TestNG-test=UnDosTres Payment Detail Page-2] INFO  org.UnDosTres.util.PerformAction - Moving to the element-->[[FirefoxDriver: firefox on WINDOWS (50e64ee3-9f2d-478c-b69d-9936ae0b8cbd)] -> id: cardnumberunique]
22:47:22.985 [TestNG-test=UnDosTres Payment Detail Page-2] INFO  org.UnDosTres.util.PerformAction - Clear data from the field if present-->[[FirefoxDriver: firefox on WINDOWS (50e64ee3-9f2d-478c-b69d-9936ae0b8cbd)] -> id: cardnumberunique]
22:47:23.060 [TestNG-test=UnDosTres Payment Detail Page-2] INFO  org.UnDosTres.util.PerformAction - Field has been populated with data-->>4111111111111111
22:47:23.082 [TestNG-test=UnDosTres Payment Detail Page-2] INFO  org.UnDosTres.util.PerformAction - Validate with attribute value that field populated with data-->>4111111111111111
22:47:23.095 [TestNG-test=UnDosTres Payment Detail Page-2] INFO  org.UnDosTres.util.PerformAction - Getting the readiness of the page
22:47:23.101 [TestNG-test=UnDosTres Payment Detail Page-2] INFO  org.UnDosTres.util.PerformAction - Page is ready
22:47:23.102 [TestNG-test=UnDosTres Payment Detail Page-2] INFO  org.UnDosTres.util.PerformAction - Waiting until field is clickable->[[FirefoxDriver: firefox on WINDOWS (50e64ee3-9f2d-478c-b69d-9936ae0b8cbd)] -> xpath: //div[@class="card-info-box"] //input[@name="expmonth"]]
22:47:23.247 [TestNG-test=UnDosTres Payment Detail Page-2] INFO  org.UnDosTres.util.PerformAction - Moving to the element-->[[FirefoxDriver: firefox on WINDOWS (50e64ee3-9f2d-478c-b69d-9936ae0b8cbd)] -> xpath: //div[@class="card-info-box"] //input[@name="expmonth"]]
22:47:23.275 [TestNG-test=UnDosTres Payment Detail Page-2] INFO  org.UnDosTres.util.PerformAction - Clear data from the field if present-->[[FirefoxDriver: firefox on WINDOWS (50e64ee3-9f2d-478c-b69d-9936ae0b8cbd)] -> xpath: //div[@class="card-info-box"] //input[@name="expmonth"]]
22:47:23.294 [TestNG-test=UnDosTres Payment Detail Page-2] INFO  org.UnDosTres.util.PerformAction - Field has been populated with data-->>11
22:47:23.316 [TestNG-test=UnDosTres Payment Detail Page-2] INFO  org.UnDosTres.util.PerformAction - Validate with attribute value that field populated with data-->>11
22:47:23.328 [TestNG-test=UnDosTres Payment Detail Page-2] INFO  org.UnDosTres.util.PerformAction - Getting the readiness of the page
22:47:23.334 [TestNG-test=UnDosTres Payment Detail Page-2] INFO  org.UnDosTres.util.PerformAction - Page is ready
22:47:23.334 [TestNG-test=UnDosTres Payment Detail Page-2] INFO  org.UnDosTres.util.PerformAction - Waiting until field is clickable->[[FirefoxDriver: firefox on WINDOWS (50e64ee3-9f2d-478c-b69d-9936ae0b8cbd)] -> xpath: //div[@class="card-info-box"] //input[@name="expyear"]]
22:47:23.485 [TestNG-test=UnDosTres Payment Detail Page-2] INFO  org.UnDosTres.util.PerformAction - Moving to the element-->[[FirefoxDriver: firefox on WINDOWS (50e64ee3-9f2d-478c-b69d-9936ae0b8cbd)] -> xpath: //div[@class="card-info-box"] //input[@name="expyear"]]
22:47:23.512 [TestNG-test=UnDosTres Payment Detail Page-2] INFO  org.UnDosTres.util.PerformAction - Clear data from the field if present-->[[FirefoxDriver: firefox on WINDOWS (50e64ee3-9f2d-478c-b69d-9936ae0b8cbd)] -> xpath: //div[@class="card-info-box"] //input[@name="expyear"]]
22:47:23.538 [TestNG-test=UnDosTres Payment Detail Page-2] INFO  org.UnDosTres.util.PerformAction - Field has been populated with data-->>2025
22:47:23.561 [TestNG-test=UnDosTres Payment Detail Page-2] INFO  org.UnDosTres.util.PerformAction - Validate with attribute value that field populated with data-->>2025
22:47:23.568 [TestNG-test=UnDosTres Payment Detail Page-2] INFO  org.UnDosTres.util.PerformAction - Getting the readiness of the page
22:47:23.575 [TestNG-test=UnDosTres Payment Detail Page-2] INFO  org.UnDosTres.util.PerformAction - Page is ready
22:47:23.575 [TestNG-test=UnDosTres Payment Detail Page-2] INFO  org.UnDosTres.util.PerformAction - Waiting until field is clickable->[[FirefoxDriver: firefox on WINDOWS (50e64ee3-9f2d-478c-b69d-9936ae0b8cbd)] -> xpath: //div[@class="card-info-box"] //input[@name="cvvno"]]
22:47:23.728 [TestNG-test=UnDosTres Payment Detail Page-2] INFO  org.UnDosTres.util.PerformAction - Moving to the element-->[[FirefoxDriver: firefox on WINDOWS (50e64ee3-9f2d-478c-b69d-9936ae0b8cbd)] -> xpath: //div[@class="card-info-box"] //input[@name="cvvno"]]
22:47:23.749 [TestNG-test=UnDosTres Payment Detail Page-2] INFO  org.UnDosTres.util.PerformAction - Clear data from the field if present-->[[FirefoxDriver: firefox on WINDOWS (50e64ee3-9f2d-478c-b69d-9936ae0b8cbd)] -> xpath: //div[@class="card-info-box"] //input[@name="cvvno"]]
22:47:23.777 [TestNG-test=UnDosTres Payment Detail Page-2] INFO  org.UnDosTres.util.PerformAction - Field has been populated with data-->>111
22:47:23.800 [TestNG-test=UnDosTres Payment Detail Page-2] INFO  org.UnDosTres.util.PerformAction - Validate with attribute value that field populated with data-->>111
22:47:23.805 [TestNG-test=UnDosTres Payment Detail Page-2] INFO  org.UnDosTres.util.PerformAction - Getting the readiness of the page
22:47:23.816 [TestNG-test=UnDosTres Payment Detail Page-2] INFO  org.UnDosTres.util.PerformAction - Page is ready
22:47:23.817 [TestNG-test=UnDosTres Payment Detail Page-2] INFO  org.UnDosTres.util.PerformAction - Waiting until field is clickable->[[FirefoxDriver: firefox on WINDOWS (50e64ee3-9f2d-478c-b69d-9936ae0b8cbd)] -> css selector: div#email_block input.email]
22:47:23.975 [TestNG-test=UnDosTres Payment Detail Page-2] INFO  org.UnDosTres.util.PerformAction - Moving to the element-->[[FirefoxDriver: firefox on WINDOWS (50e64ee3-9f2d-478c-b69d-9936ae0b8cbd)] -> css selector: div#email_block input.email]
22:47:24.012 [TestNG-test=UnDosTres Payment Detail Page-2] INFO  org.UnDosTres.util.PerformAction - Clear data from the field if present-->[[FirefoxDriver: firefox on WINDOWS (50e64ee3-9f2d-478c-b69d-9936ae0b8cbd)] -> css selector: div#email_block input.email]
22:47:24.092 [TestNG-test=UnDosTres Payment Detail Page-2] INFO  org.UnDosTres.util.PerformAction - Field has been populated with data-->>test@test.com
22:47:24.121 [TestNG-test=UnDosTres Payment Detail Page-2] INFO  org.UnDosTres.util.PerformAction - Validate with attribute value that field populated with data-->>test@test.com
22:47:24.134 [TestNG-test=UnDosTres Payment Detail Page-2] INFO  org.UnDosTres.util.PerformAction - Getting the readiness of the page
22:47:24.148 [TestNG-test=UnDosTres Payment Detail Page-2] INFO  org.UnDosTres.util.PerformAction - Page is ready
22:47:24.148 [TestNG-test=UnDosTres Payment Detail Page-2] INFO  org.UnDosTres.util.PerformAction - Waiting for the element to be clickable-->>[[FirefoxDriver: firefox on WINDOWS (50e64ee3-9f2d-478c-b69d-9936ae0b8cbd)] -> name: formsubmit]
22:47:24.670 [TestNG-test=UnDosTres Payment Detail Page-2] INFO  org.UnDosTres.util.PerformAction - Successfully moved to the element and clicked-->>[[FirefoxDriver: firefox on WINDOWS (50e64ee3-9f2d-478c-b69d-9936ae0b8cbd)] -> name: formsubmit]
22:47:24.693 [TestNG-test=UnDosTres Payment Detail Page-2] INFO  UnDosTres - FireFoxBrowser Start Execution of test case ->validatePaymentHasBeenCompletedThroughCard
22:47:24.709 [TestNG-test=UnDosTres Payment Detail Page-2] INFO  org.UnDosTres.util.PerformAction - Getting the readiness of the page
22:47:24.715 [TestNG-test=UnDosTres Payment Detail Page-2] INFO  org.UnDosTres.util.PerformAction - Page is ready
22:47:24.715 [TestNG-test=UnDosTres Payment Detail Page-2] INFO  org.UnDosTres.util.PerformAction - Waiting until field is clickable->[[FirefoxDriver: firefox on WINDOWS (50e64ee3-9f2d-478c-b69d-9936ae0b8cbd)] -> css selector: #usrname]
22:47:25.211 [TestNG-test=UnDosTres Payment Detail Page-1] INFO  org.UnDosTres.util.PerformAction - Page is ready
22:47:25.211 [TestNG-test=UnDosTres Payment Detail Page-1] INFO  org.UnDosTres.util.PerformAction - Waiting for the element to be clickable-->>[[EdgeDriver: msedge on WINDOWS (f8bd08eb3fccb03e48a7a675fa753160)] -> xpath: //a[contains(@class,'select-card')]]
22:47:25.393 [TestNG-test=UnDosTres Payment Detail Page-2] INFO  org.UnDosTres.util.PerformAction - Moving to the element-->[[FirefoxDriver: firefox on WINDOWS (50e64ee3-9f2d-478c-b69d-9936ae0b8cbd)] -> css selector: #usrname]
22:47:25.401 [TestNG-test=UnDosTres Payment Detail Page-2] INFO  org.UnDosTres.util.PerformAction - Clear data from the field if present-->[[FirefoxDriver: firefox on WINDOWS (50e64ee3-9f2d-478c-b69d-9936ae0b8cbd)] -> css selector: #usrname]
22:47:25.409 [TestNG-test=UnDosTres Payment Detail Page-1] INFO  org.UnDosTres.util.PerformAction - Successfully moved to the element and clicked-->>[[EdgeDriver: msedge on WINDOWS (f8bd08eb3fccb03e48a7a675fa753160)] -> xpath: //a[contains(@class,'select-card')]]
22:47:25.458 [TestNG-test=UnDosTres Payment Detail Page-1] INFO  org.UnDosTres.util.PerformAction - Getting the readiness of the page
22:47:25.464 [TestNG-test=UnDosTres Payment Detail Page-1] INFO  org.UnDosTres.util.PerformAction - Page is ready
22:47:25.464 [TestNG-test=UnDosTres Payment Detail Page-1] INFO  org.UnDosTres.util.PerformAction - Waiting until field is clickable->[[EdgeDriver: msedge on WINDOWS (f8bd08eb3fccb03e48a7a675fa753160)] -> xpath: //div[@class="card-info-box"] //input[@name="cardname"]]
22:47:25.469 [TestNG-test=UnDosTres Payment Detail Page-2] INFO  org.UnDosTres.util.PerformAction - Field has been populated with data-->>automationexcersise@test.com
22:47:25.492 [TestNG-test=UnDosTres Payment Detail Page-2] INFO  org.UnDosTres.util.PerformAction - Validate with attribute value that field populated with data-->>automationexcersise@test.com
22:47:25.498 [TestNG-test=UnDosTres Payment Detail Page-2] INFO  org.UnDosTres.util.PerformAction - Getting the readiness of the page
22:47:25.507 [TestNG-test=UnDosTres Payment Detail Page-2] INFO  org.UnDosTres.util.PerformAction - Page is ready
22:47:25.508 [TestNG-test=UnDosTres Payment Detail Page-2] INFO  org.UnDosTres.util.PerformAction - Waiting until field is clickable->[[FirefoxDriver: firefox on WINDOWS (50e64ee3-9f2d-478c-b69d-9936ae0b8cbd)] -> css selector: #psw]
22:47:25.609 [TestNG-test=UnDosTres Payment Detail Page-1] INFO  org.UnDosTres.util.PerformAction - Moving to the element-->[[EdgeDriver: msedge on WINDOWS (f8bd08eb3fccb03e48a7a675fa753160)] -> xpath: //div[@class="card-info-box"] //input[@name="cardname"]]
22:47:25.681 [TestNG-test=UnDosTres Payment Detail Page-1] INFO  org.UnDosTres.util.PerformAction - Clear data from the field if present-->[[EdgeDriver: msedge on WINDOWS (f8bd08eb3fccb03e48a7a675fa753160)] -> xpath: //div[@class="card-info-box"] //input[@name="cardname"]]
22:47:25.705 [TestNG-test=UnDosTres Payment Detail Page-2] INFO  org.UnDosTres.util.PerformAction - Moving to the element-->[[FirefoxDriver: firefox on WINDOWS (50e64ee3-9f2d-478c-b69d-9936ae0b8cbd)] -> css selector: #psw]
22:47:25.715 [TestNG-test=UnDosTres Payment Detail Page-2] INFO  org.UnDosTres.util.PerformAction - Clear data from the field if present-->[[FirefoxDriver: firefox on WINDOWS (50e64ee3-9f2d-478c-b69d-9936ae0b8cbd)] -> css selector: #psw]
22:47:25.764 [TestNG-test=UnDosTres Payment Detail Page-2] INFO  org.UnDosTres.util.PerformAction - Field has been populated with data-->>123456
22:47:25.793 [TestNG-test=UnDosTres Payment Detail Page-1] INFO  org.UnDosTres.util.PerformAction - Field has been populated with data-->>Test
22:47:25.811 [TestNG-test=UnDosTres Payment Detail Page-2] INFO  org.UnDosTres.util.PerformAction - Validate with attribute value that field populated with data-->>123456
22:47:25.822 [TestNG-test=UnDosTres Payment Detail Page-2] INFO  org.UnDosTres.pages.PaymentDetailPage - Number of iframes are 9
22:47:25.849 [TestNG-test=UnDosTres Payment Detail Page-1] INFO  org.UnDosTres.util.PerformAction - Validate with attribute value that field populated with data-->>Test
22:47:25.867 [TestNG-test=UnDosTres Payment Detail Page-1] INFO  org.UnDosTres.util.PerformAction - Getting the readiness of the page
22:47:25.953 [TestNG-test=UnDosTres Payment Detail Page-1] INFO  org.UnDosTres.util.PerformAction - Page is ready
22:47:25.953 [TestNG-test=UnDosTres Payment Detail Page-1] INFO  org.UnDosTres.util.PerformAction - Waiting until field is clickable->[[EdgeDriver: msedge on WINDOWS (f8bd08eb3fccb03e48a7a675fa753160)] -> id: cardnumberunique]
22:47:26.110 [TestNG-test=UnDosTres Payment Detail Page-3] INFO  org.UnDosTres.util.PerformAction - Page is ready
22:47:26.110 [TestNG-test=UnDosTres Payment Detail Page-3] INFO  org.UnDosTres.util.PerformAction - Waiting for the element to be clickable-->>[[ChromeDriver: chrome on WINDOWS (05cf60f56f306446a9e1511de925c878)] -> xpath: //a[contains(@class,'select-card')]]
22:47:26.112 [TestNG-test=UnDosTres Payment Detail Page-1] INFO  org.UnDosTres.util.PerformAction - Moving to the element-->[[EdgeDriver: msedge on WINDOWS (f8bd08eb3fccb03e48a7a675fa753160)] -> id: cardnumberunique]
22:47:26.144 [TestNG-test=UnDosTres Payment Detail Page-1] INFO  org.UnDosTres.util.PerformAction - Clear data from the field if present-->[[EdgeDriver: msedge on WINDOWS (f8bd08eb3fccb03e48a7a675fa753160)] -> id: cardnumberunique]
22:47:26.235 [TestNG-test=UnDosTres Payment Detail Page-1] INFO  org.UnDosTres.util.PerformAction - Field has been populated with data-->>4111111111111111
22:47:26.266 [TestNG-test=UnDosTres Payment Detail Page-1] INFO  org.UnDosTres.util.PerformAction - Validate with attribute value that field populated with data-->>4111111111111111
22:47:26.283 [TestNG-test=UnDosTres Payment Detail Page-1] INFO  org.UnDosTres.util.PerformAction - Getting the readiness of the page
22:47:26.292 [TestNG-test=UnDosTres Payment Detail Page-1] INFO  org.UnDosTres.util.PerformAction - Page is ready
22:47:26.293 [TestNG-test=UnDosTres Payment Detail Page-1] INFO  org.UnDosTres.util.PerformAction - Waiting until field is clickable->[[EdgeDriver: msedge on WINDOWS (f8bd08eb3fccb03e48a7a675fa753160)] -> xpath: //div[@class="card-info-box"] //input[@name="expmonth"]]
22:47:26.300 [TestNG-test=UnDosTres Payment Detail Page-3] INFO  org.UnDosTres.util.PerformAction - Successfully moved to the element and clicked-->>[[ChromeDriver: chrome on WINDOWS (05cf60f56f306446a9e1511de925c878)] -> xpath: //a[contains(@class,'select-card')]]
22:47:26.344 [TestNG-test=UnDosTres Payment Detail Page-3] INFO  org.UnDosTres.util.PerformAction - Getting the readiness of the page
22:47:26.349 [TestNG-test=UnDosTres Payment Detail Page-3] INFO  org.UnDosTres.util.PerformAction - Page is ready
22:47:26.349 [TestNG-test=UnDosTres Payment Detail Page-3] INFO  org.UnDosTres.util.PerformAction - Waiting until field is clickable->[[ChromeDriver: chrome on WINDOWS (05cf60f56f306446a9e1511de925c878)] -> xpath: //div[@class="card-info-box"] //input[@name="cardname"]]
22:47:26.446 [TestNG-test=UnDosTres Payment Detail Page-1] INFO  org.UnDosTres.util.PerformAction - Moving to the element-->[[EdgeDriver: msedge on WINDOWS (f8bd08eb3fccb03e48a7a675fa753160)] -> xpath: //div[@class="card-info-box"] //input[@name="expmonth"]]
22:47:26.472 [TestNG-test=UnDosTres Payment Detail Page-1] INFO  org.UnDosTres.util.PerformAction - Clear data from the field if present-->[[EdgeDriver: msedge on WINDOWS (f8bd08eb3fccb03e48a7a675fa753160)] -> xpath: //div[@class="card-info-box"] //input[@name="expmonth"]]
22:47:26.494 [TestNG-test=UnDosTres Payment Detail Page-3] INFO  org.UnDosTres.util.PerformAction - Moving to the element-->[[ChromeDriver: chrome on WINDOWS (05cf60f56f306446a9e1511de925c878)] -> xpath: //div[@class="card-info-box"] //input[@name="cardname"]]
22:47:26.516 [TestNG-test=UnDosTres Payment Detail Page-1] INFO  org.UnDosTres.util.PerformAction - Field has been populated with data-->>11
22:47:26.527 [TestNG-test=UnDosTres Payment Detail Page-3] INFO  org.UnDosTres.util.PerformAction - Clear data from the field if present-->[[ChromeDriver: chrome on WINDOWS (05cf60f56f306446a9e1511de925c878)] -> xpath: //div[@class="card-info-box"] //input[@name="cardname"]]
22:47:26.535 [TestNG-test=UnDosTres Payment Detail Page-1] INFO  org.UnDosTres.util.PerformAction - Validate with attribute value that field populated with data-->>11
22:47:26.548 [TestNG-test=UnDosTres Payment Detail Page-1] INFO  org.UnDosTres.util.PerformAction - Getting the readiness of the page
22:47:26.554 [TestNG-test=UnDosTres Payment Detail Page-1] INFO  org.UnDosTres.util.PerformAction - Page is ready
22:47:26.554 [TestNG-test=UnDosTres Payment Detail Page-1] INFO  org.UnDosTres.util.PerformAction - Waiting until field is clickable->[[EdgeDriver: msedge on WINDOWS (f8bd08eb3fccb03e48a7a675fa753160)] -> xpath: //div[@class="card-info-box"] //input[@name="expyear"]]
22:47:26.606 [TestNG-test=UnDosTres Payment Detail Page-3] INFO  org.UnDosTres.util.PerformAction - Field has been populated with data-->>Test
22:47:26.636 [TestNG-test=UnDosTres Payment Detail Page-3] INFO  org.UnDosTres.util.PerformAction - Validate with attribute value that field populated with data-->>Test
22:47:26.650 [TestNG-test=UnDosTres Payment Detail Page-3] INFO  org.UnDosTres.util.PerformAction - Getting the readiness of the page
22:47:26.658 [TestNG-test=UnDosTres Payment Detail Page-3] INFO  org.UnDosTres.util.PerformAction - Page is ready
22:47:26.658 [TestNG-test=UnDosTres Payment Detail Page-3] INFO  org.UnDosTres.util.PerformAction - Waiting until field is clickable->[[ChromeDriver: chrome on WINDOWS (05cf60f56f306446a9e1511de925c878)] -> id: cardnumberunique]
22:47:26.712 [TestNG-test=UnDosTres Payment Detail Page-1] INFO  org.UnDosTres.util.PerformAction - Moving to the element-->[[EdgeDriver: msedge on WINDOWS (f8bd08eb3fccb03e48a7a675fa753160)] -> xpath: //div[@class="card-info-box"] //input[@name="expyear"]]
22:47:26.748 [TestNG-test=UnDosTres Payment Detail Page-1] INFO  org.UnDosTres.util.PerformAction - Clear data from the field if present-->[[EdgeDriver: msedge on WINDOWS (f8bd08eb3fccb03e48a7a675fa753160)] -> xpath: //div[@class="card-info-box"] //input[@name="expyear"]]
22:47:26.800 [TestNG-test=UnDosTres Payment Detail Page-1] INFO  org.UnDosTres.util.PerformAction - Field has been populated with data-->>2025
22:47:26.814 [TestNG-test=UnDosTres Payment Detail Page-3] INFO  org.UnDosTres.util.PerformAction - Moving to the element-->[[ChromeDriver: chrome on WINDOWS (05cf60f56f306446a9e1511de925c878)] -> id: cardnumberunique]
22:47:26.828 [TestNG-test=UnDosTres Payment Detail Page-1] INFO  org.UnDosTres.util.PerformAction - Validate with attribute value that field populated with data-->>2025
22:47:26.838 [TestNG-test=UnDosTres Payment Detail Page-1] INFO  org.UnDosTres.util.PerformAction - Getting the readiness of the page
22:47:26.845 [TestNG-test=UnDosTres Payment Detail Page-1] INFO  org.UnDosTres.util.PerformAction - Page is ready
22:47:26.846 [TestNG-test=UnDosTres Payment Detail Page-1] INFO  org.UnDosTres.util.PerformAction - Waiting until field is clickable->[[EdgeDriver: msedge on WINDOWS (f8bd08eb3fccb03e48a7a675fa753160)] -> xpath: //div[@class="card-info-box"] //input[@name="cvvno"]]
22:47:26.849 [TestNG-test=UnDosTres Payment Detail Page-3] INFO  org.UnDosTres.util.PerformAction - Clear data from the field if present-->[[ChromeDriver: chrome on WINDOWS (05cf60f56f306446a9e1511de925c878)] -> id: cardnumberunique]
22:47:26.953 [TestNG-test=UnDosTres Payment Detail Page-3] INFO  org.UnDosTres.util.PerformAction - Field has been populated with data-->>4111111111111111
22:47:26.983 [TestNG-test=UnDosTres Payment Detail Page-3] INFO  org.UnDosTres.util.PerformAction - Validate with attribute value that field populated with data-->>4111111111111111
22:47:26.998 [TestNG-test=UnDosTres Payment Detail Page-1] INFO  org.UnDosTres.util.PerformAction - Moving to the element-->[[EdgeDriver: msedge on WINDOWS (f8bd08eb3fccb03e48a7a675fa753160)] -> xpath: //div[@class="card-info-box"] //input[@name="cvvno"]]
22:47:27.004 [TestNG-test=UnDosTres Payment Detail Page-3] INFO  org.UnDosTres.util.PerformAction - Getting the readiness of the page
22:47:27.011 [TestNG-test=UnDosTres Payment Detail Page-3] INFO  org.UnDosTres.util.PerformAction - Page is ready
22:47:27.011 [TestNG-test=UnDosTres Payment Detail Page-3] INFO  org.UnDosTres.util.PerformAction - Waiting until field is clickable->[[ChromeDriver: chrome on WINDOWS (05cf60f56f306446a9e1511de925c878)] -> xpath: //div[@class="card-info-box"] //input[@name="expmonth"]]
22:47:27.029 [TestNG-test=UnDosTres Payment Detail Page-1] INFO  org.UnDosTres.util.PerformAction - Clear data from the field if present-->[[EdgeDriver: msedge on WINDOWS (f8bd08eb3fccb03e48a7a675fa753160)] -> xpath: //div[@class="card-info-box"] //input[@name="cvvno"]]
22:47:27.095 [TestNG-test=UnDosTres Payment Detail Page-1] INFO  org.UnDosTres.util.PerformAction - Field has been populated with data-->>111
22:47:27.113 [TestNG-test=UnDosTres Payment Detail Page-1] INFO  org.UnDosTres.util.PerformAction - Validate with attribute value that field populated with data-->>111
22:47:27.122 [TestNG-test=UnDosTres Payment Detail Page-1] INFO  org.UnDosTres.util.PerformAction - Getting the readiness of the page
22:47:27.129 [TestNG-test=UnDosTres Payment Detail Page-1] INFO  org.UnDosTres.util.PerformAction - Page is ready
22:47:27.129 [TestNG-test=UnDosTres Payment Detail Page-1] INFO  org.UnDosTres.util.PerformAction - Waiting until field is clickable->[[EdgeDriver: msedge on WINDOWS (f8bd08eb3fccb03e48a7a675fa753160)] -> css selector: div#email_block input.email]
22:47:27.167 [TestNG-test=UnDosTres Payment Detail Page-3] INFO  org.UnDosTres.util.PerformAction - Moving to the element-->[[ChromeDriver: chrome on WINDOWS (05cf60f56f306446a9e1511de925c878)] -> xpath: //div[@class="card-info-box"] //input[@name="expmonth"]]
22:47:27.197 [TestNG-test=UnDosTres Payment Detail Page-3] INFO  org.UnDosTres.util.PerformAction - Clear data from the field if present-->[[ChromeDriver: chrome on WINDOWS (05cf60f56f306446a9e1511de925c878)] -> xpath: //div[@class="card-info-box"] //input[@name="expmonth"]]
22:47:27.241 [TestNG-test=UnDosTres Payment Detail Page-3] INFO  org.UnDosTres.util.PerformAction - Field has been populated with data-->>11
22:47:27.263 [TestNG-test=UnDosTres Payment Detail Page-1] INFO  org.UnDosTres.util.PerformAction - Moving to the element-->[[EdgeDriver: msedge on WINDOWS (f8bd08eb3fccb03e48a7a675fa753160)] -> css selector: div#email_block input.email]
22:47:27.268 [TestNG-test=UnDosTres Payment Detail Page-3] INFO  org.UnDosTres.util.PerformAction - Validate with attribute value that field populated with data-->>11
22:47:27.284 [TestNG-test=UnDosTres Payment Detail Page-3] INFO  org.UnDosTres.util.PerformAction - Getting the readiness of the page
22:47:27.292 [TestNG-test=UnDosTres Payment Detail Page-3] INFO  org.UnDosTres.util.PerformAction - Page is ready
22:47:27.292 [TestNG-test=UnDosTres Payment Detail Page-3] INFO  org.UnDosTres.util.PerformAction - Waiting until field is clickable->[[ChromeDriver: chrome on WINDOWS (05cf60f56f306446a9e1511de925c878)] -> xpath: //div[@class="card-info-box"] //input[@name="expyear"]]
22:47:27.296 [TestNG-test=UnDosTres Payment Detail Page-1] INFO  org.UnDosTres.util.PerformAction - Clear data from the field if present-->[[EdgeDriver: msedge on WINDOWS (f8bd08eb3fccb03e48a7a675fa753160)] -> css selector: div#email_block input.email]
22:47:27.364 [TestNG-test=UnDosTres Payment Detail Page-1] INFO  org.UnDosTres.util.PerformAction - Field has been populated with data-->>test@test.com
22:47:27.382 [TestNG-test=UnDosTres Payment Detail Page-1] INFO  org.UnDosTres.util.PerformAction - Validate with attribute value that field populated with data-->>test@test.com
22:47:27.392 [TestNG-test=UnDosTres Payment Detail Page-1] INFO  org.UnDosTres.util.PerformAction - Getting the readiness of the page
22:47:27.397 [TestNG-test=UnDosTres Payment Detail Page-1] INFO  org.UnDosTres.util.PerformAction - Page is ready
22:47:27.397 [TestNG-test=UnDosTres Payment Detail Page-1] INFO  org.UnDosTres.util.PerformAction - Waiting for the element to be clickable-->>[[EdgeDriver: msedge on WINDOWS (f8bd08eb3fccb03e48a7a675fa753160)] -> name: formsubmit]
22:47:27.446 [TestNG-test=UnDosTres Payment Detail Page-3] INFO  org.UnDosTres.util.PerformAction - Moving to the element-->[[ChromeDriver: chrome on WINDOWS (05cf60f56f306446a9e1511de925c878)] -> xpath: //div[@class="card-info-box"] //input[@name="expyear"]]
22:47:27.473 [TestNG-test=UnDosTres Payment Detail Page-3] INFO  org.UnDosTres.util.PerformAction - Clear data from the field if present-->[[ChromeDriver: chrome on WINDOWS (05cf60f56f306446a9e1511de925c878)] -> xpath: //div[@class="card-info-box"] //input[@name="expyear"]]
22:47:27.526 [TestNG-test=UnDosTres Payment Detail Page-3] INFO  org.UnDosTres.util.PerformAction - Field has been populated with data-->>2025
22:47:27.547 [TestNG-test=UnDosTres Payment Detail Page-3] INFO  org.UnDosTres.util.PerformAction - Validate with attribute value that field populated with data-->>2025
22:47:27.559 [TestNG-test=UnDosTres Payment Detail Page-3] INFO  org.UnDosTres.util.PerformAction - Getting the readiness of the page
22:47:27.563 [TestNG-test=UnDosTres Payment Detail Page-3] INFO  org.UnDosTres.util.PerformAction - Page is ready
22:47:27.564 [TestNG-test=UnDosTres Payment Detail Page-3] INFO  org.UnDosTres.util.PerformAction - Waiting until field is clickable->[[ChromeDriver: chrome on WINDOWS (05cf60f56f306446a9e1511de925c878)] -> xpath: //div[@class="card-info-box"] //input[@name="cvvno"]]
22:47:27.711 [TestNG-test=UnDosTres Payment Detail Page-3] INFO  org.UnDosTres.util.PerformAction - Moving to the element-->[[ChromeDriver: chrome on WINDOWS (05cf60f56f306446a9e1511de925c878)] -> xpath: //div[@class="card-info-box"] //input[@name="cvvno"]]
22:47:27.741 [TestNG-test=UnDosTres Payment Detail Page-3] INFO  org.UnDosTres.util.PerformAction - Clear data from the field if present-->[[ChromeDriver: chrome on WINDOWS (05cf60f56f306446a9e1511de925c878)] -> xpath: //div[@class="card-info-box"] //input[@name="cvvno"]]
22:47:27.801 [TestNG-test=UnDosTres Payment Detail Page-3] INFO  org.UnDosTres.util.PerformAction - Field has been populated with data-->>111
22:47:27.822 [TestNG-test=UnDosTres Payment Detail Page-3] INFO  org.UnDosTres.util.PerformAction - Validate with attribute value that field populated with data-->>111
22:47:27.832 [TestNG-test=UnDosTres Payment Detail Page-3] INFO  org.UnDosTres.util.PerformAction - Getting the readiness of the page
22:47:27.835 [TestNG-test=UnDosTres Payment Detail Page-3] INFO  org.UnDosTres.util.PerformAction - Page is ready
22:47:27.836 [TestNG-test=UnDosTres Payment Detail Page-3] INFO  org.UnDosTres.util.PerformAction - Waiting until field is clickable->[[ChromeDriver: chrome on WINDOWS (05cf60f56f306446a9e1511de925c878)] -> css selector: div#email_block input.email]
22:47:27.916 [TestNG-test=UnDosTres Payment Detail Page-1] INFO  org.UnDosTres.util.PerformAction - Successfully moved to the element and clicked-->>[[EdgeDriver: msedge on WINDOWS (f8bd08eb3fccb03e48a7a675fa753160)] -> name: formsubmit]
22:47:27.917 [TestNG-test=UnDosTres Payment Detail Page-1] INFO  UnDosTres - EdgeBrowser Start Execution of test case ->validatePaymentHasBeenCompletedThroughCard
22:47:27.969 [TestNG-test=UnDosTres Payment Detail Page-1] INFO  org.UnDosTres.util.PerformAction - Getting the readiness of the page
22:47:27.978 [TestNG-test=UnDosTres Payment Detail Page-1] INFO  org.UnDosTres.util.PerformAction - Page is ready
22:47:27.978 [TestNG-test=UnDosTres Payment Detail Page-1] INFO  org.UnDosTres.util.PerformAction - Waiting until field is clickable->[[EdgeDriver: msedge on WINDOWS (f8bd08eb3fccb03e48a7a675fa753160)] -> css selector: #usrname]
22:47:27.982 [TestNG-test=UnDosTres Payment Detail Page-3] INFO  org.UnDosTres.util.PerformAction - Moving to the element-->[[ChromeDriver: chrome on WINDOWS (05cf60f56f306446a9e1511de925c878)] -> css selector: div#email_block input.email]
22:47:28.026 [TestNG-test=UnDosTres Payment Detail Page-3] INFO  org.UnDosTres.util.PerformAction - Clear data from the field if present-->[[ChromeDriver: chrome on WINDOWS (05cf60f56f306446a9e1511de925c878)] -> css selector: div#email_block input.email]
22:47:28.115 [TestNG-test=UnDosTres Payment Detail Page-3] INFO  org.UnDosTres.util.PerformAction - Field has been populated with data-->>test@test.com
22:47:28.136 [TestNG-test=UnDosTres Payment Detail Page-3] INFO  org.UnDosTres.util.PerformAction - Validate with attribute value that field populated with data-->>test@test.com
22:47:28.149 [TestNG-test=UnDosTres Payment Detail Page-3] INFO  org.UnDosTres.util.PerformAction - Getting the readiness of the page
22:47:28.154 [TestNG-test=UnDosTres Payment Detail Page-3] INFO  org.UnDosTres.util.PerformAction - Page is ready
22:47:28.154 [TestNG-test=UnDosTres Payment Detail Page-3] INFO  org.UnDosTres.util.PerformAction - Waiting for the element to be clickable-->>[[ChromeDriver: chrome on WINDOWS (05cf60f56f306446a9e1511de925c878)] -> name: formsubmit]
22:47:28.633 [TestNG-test=UnDosTres Payment Detail Page-1] INFO  org.UnDosTres.util.PerformAction - Moving to the element-->[[EdgeDriver: msedge on WINDOWS (f8bd08eb3fccb03e48a7a675fa753160)] -> css selector: #usrname]
22:47:28.683 [TestNG-test=UnDosTres Payment Detail Page-1] INFO  org.UnDosTres.util.PerformAction - Clear data from the field if present-->[[EdgeDriver: msedge on WINDOWS (f8bd08eb3fccb03e48a7a675fa753160)] -> css selector: #usrname]
22:47:28.701 [TestNG-test=UnDosTres Payment Detail Page-3] INFO  org.UnDosTres.util.PerformAction - Successfully moved to the element and clicked-->>[[ChromeDriver: chrome on WINDOWS (05cf60f56f306446a9e1511de925c878)] -> name: formsubmit]
22:47:28.702 [TestNG-test=UnDosTres Payment Detail Page-3] INFO  UnDosTres - ChromeBrowser Start Execution of test case ->validatePaymentHasBeenCompletedThroughCard
22:47:28.766 [TestNG-test=UnDosTres Payment Detail Page-3] INFO  org.UnDosTres.util.PerformAction - Getting the readiness of the page
22:47:28.778 [TestNG-test=UnDosTres Payment Detail Page-3] INFO  org.UnDosTres.util.PerformAction - Page is ready
22:47:28.778 [TestNG-test=UnDosTres Payment Detail Page-3] INFO  org.UnDosTres.util.PerformAction - Waiting until field is clickable->[[ChromeDriver: chrome on WINDOWS (05cf60f56f306446a9e1511de925c878)] -> css selector: #usrname]
22:47:28.866 [TestNG-test=UnDosTres Payment Detail Page-1] INFO  org.UnDosTres.util.PerformAction - Field has been populated with data-->>automationexcersise@test.com
22:47:28.889 [TestNG-test=UnDosTres Payment Detail Page-1] INFO  org.UnDosTres.util.PerformAction - Validate with attribute value that field populated with data-->>automationexcersise@test.com
22:47:28.901 [TestNG-test=UnDosTres Payment Detail Page-1] INFO  org.UnDosTres.util.PerformAction - Getting the readiness of the page
22:47:28.910 [TestNG-test=UnDosTres Payment Detail Page-1] INFO  org.UnDosTres.util.PerformAction - Page is ready
22:47:28.911 [TestNG-test=UnDosTres Payment Detail Page-1] INFO  org.UnDosTres.util.PerformAction - Waiting until field is clickable->[[EdgeDriver: msedge on WINDOWS (f8bd08eb3fccb03e48a7a675fa753160)] -> css selector: #psw]
22:47:29.060 [TestNG-test=UnDosTres Payment Detail Page-1] INFO  org.UnDosTres.util.PerformAction - Moving to the element-->[[EdgeDriver: msedge on WINDOWS (f8bd08eb3fccb03e48a7a675fa753160)] -> css selector: #psw]
22:47:29.090 [TestNG-test=UnDosTres Payment Detail Page-1] INFO  org.UnDosTres.util.PerformAction - Clear data from the field if present-->[[EdgeDriver: msedge on WINDOWS (f8bd08eb3fccb03e48a7a675fa753160)] -> css selector: #psw]
22:47:29.135 [TestNG-test=UnDosTres Payment Detail Page-1] INFO  org.UnDosTres.util.PerformAction - Field has been populated with data-->>123456
22:47:29.166 [TestNG-test=UnDosTres Payment Detail Page-1] INFO  org.UnDosTres.util.PerformAction - Validate with attribute value that field populated with data-->>123456
22:47:29.180 [TestNG-test=UnDosTres Payment Detail Page-1] INFO  org.UnDosTres.pages.PaymentDetailPage - Number of iframes are 9
22:47:29.219 [TestNG-test=UnDosTres Payment Detail Page-1] INFO  org.UnDosTres.util.PerformAction - Getting the readiness of the page
22:47:29.225 [TestNG-test=UnDosTres Payment Detail Page-1] INFO  org.UnDosTres.util.PerformAction - Page is ready
22:47:29.225 [TestNG-test=UnDosTres Payment Detail Page-1] INFO  org.UnDosTres.util.PerformAction - Waiting for the element to be clickable-->>[[EdgeDriver: msedge on WINDOWS (f8bd08eb3fccb03e48a7a675fa753160)] -> css selector: #recaptcha-anchor]
22:47:29.427 [TestNG-test=UnDosTres Payment Detail Page-3] INFO  org.UnDosTres.util.PerformAction - Moving to the element-->[[ChromeDriver: chrome on WINDOWS (05cf60f56f306446a9e1511de925c878)] -> css selector: #usrname]
22:47:29.464 [TestNG-test=UnDosTres Payment Detail Page-3] INFO  org.UnDosTres.util.PerformAction - Clear data from the field if present-->[[ChromeDriver: chrome on WINDOWS (05cf60f56f306446a9e1511de925c878)] -> css selector: #usrname]
22:47:29.491 [TestNG-test=UnDosTres Payment Detail Page-1] INFO  org.UnDosTres.util.PerformAction - Successfully moved to the element and clicked-->>[[EdgeDriver: msedge on WINDOWS (f8bd08eb3fccb03e48a7a675fa753160)] -> css selector: #recaptcha-anchor]
22:47:29.509 [TestNG-test=UnDosTres Payment Detail Page-1] INFO  org.UnDosTres.util.PerformAction - Getting the readiness of the page
22:47:29.514 [TestNG-test=UnDosTres Payment Detail Page-1] INFO  org.UnDosTres.util.PerformAction - Page is ready
22:47:29.514 [TestNG-test=UnDosTres Payment Detail Page-1] INFO  org.UnDosTres.util.PerformAction - Waiting for the element to be clickable-->>[[EdgeDriver: msedge on WINDOWS (f8bd08eb3fccb03e48a7a675fa753160)] -> css selector: button#loginBtn]
22:47:29.605 [TestNG-test=UnDosTres Payment Detail Page-3] INFO  org.UnDosTres.util.PerformAction - Field has been populated with data-->>automationexcersise@test.com
22:47:29.627 [TestNG-test=UnDosTres Payment Detail Page-3] INFO  org.UnDosTres.util.PerformAction - Validate with attribute value that field populated with data-->>automationexcersise@test.com
22:47:29.638 [TestNG-test=UnDosTres Payment Detail Page-3] INFO  org.UnDosTres.util.PerformAction - Getting the readiness of the page
22:47:29.645 [TestNG-test=UnDosTres Payment Detail Page-3] INFO  org.UnDosTres.util.PerformAction - Page is ready
22:47:29.645 [TestNG-test=UnDosTres Payment Detail Page-3] INFO  org.UnDosTres.util.PerformAction - Waiting until field is clickable->[[ChromeDriver: chrome on WINDOWS (05cf60f56f306446a9e1511de925c878)] -> css selector: #psw]
22:47:29.779 [TestNG-test=UnDosTres Payment Detail Page-3] INFO  org.UnDosTres.util.PerformAction - Moving to the element-->[[ChromeDriver: chrome on WINDOWS (05cf60f56f306446a9e1511de925c878)] -> css selector: #psw]
22:47:29.814 [TestNG-test=UnDosTres Payment Detail Page-3] INFO  org.UnDosTres.util.PerformAction - Clear data from the field if present-->[[ChromeDriver: chrome on WINDOWS (05cf60f56f306446a9e1511de925c878)] -> css selector: #psw]
22:47:29.853 [TestNG-test=UnDosTres Payment Detail Page-3] INFO  org.UnDosTres.util.PerformAction - Field has been populated with data-->>123456
22:47:29.871 [TestNG-test=UnDosTres Payment Detail Page-3] INFO  org.UnDosTres.util.PerformAction - Validate with attribute value that field populated with data-->>123456
22:47:29.882 [TestNG-test=UnDosTres Payment Detail Page-3] INFO  org.UnDosTres.pages.PaymentDetailPage - Number of iframes are 9
22:47:29.928 [TestNG-test=UnDosTres Payment Detail Page-3] INFO  org.UnDosTres.util.PerformAction - Getting the readiness of the page
22:47:29.934 [TestNG-test=UnDosTres Payment Detail Page-3] INFO  org.UnDosTres.util.PerformAction - Page is ready
22:47:29.934 [TestNG-test=UnDosTres Payment Detail Page-3] INFO  org.UnDosTres.util.PerformAction - Waiting for the element to be clickable-->>[[ChromeDriver: chrome on WINDOWS (05cf60f56f306446a9e1511de925c878)] -> css selector: #recaptcha-anchor]
22:47:30.195 [TestNG-test=UnDosTres Payment Detail Page-3] INFO  org.UnDosTres.util.PerformAction - Successfully moved to the element and clicked-->>[[ChromeDriver: chrome on WINDOWS (05cf60f56f306446a9e1511de925c878)] -> css selector: #recaptcha-anchor]
22:47:30.222 [TestNG-test=UnDosTres Payment Detail Page-1] INFO  org.UnDosTres.util.PerformAction - Successfully moved to the element and clicked-->>[[EdgeDriver: msedge on WINDOWS (f8bd08eb3fccb03e48a7a675fa753160)] -> css selector: button#loginBtn]
22:47:30.222 [TestNG-test=UnDosTres Payment Detail Page-1] ERROR org.UnDosTres.pages.PaymentDetailPage - Waiting for invisibility of the pop up and naviagtion to payment done page
22:47:30.235 [TestNG-test=UnDosTres Payment Detail Page-3] INFO  org.UnDosTres.util.PerformAction - Getting the readiness of the page
22:47:30.240 [TestNG-test=UnDosTres Payment Detail Page-3] INFO  org.UnDosTres.util.PerformAction - Page is ready
22:47:30.240 [TestNG-test=UnDosTres Payment Detail Page-3] INFO  org.UnDosTres.util.PerformAction - Waiting for the element to be clickable-->>[[ChromeDriver: chrome on WINDOWS (05cf60f56f306446a9e1511de925c878)] -> css selector: button#loginBtn]
22:47:30.929 [TestNG-test=UnDosTres Payment Detail Page-3] INFO  org.UnDosTres.util.PerformAction - Successfully moved to the element and clicked-->>[[ChromeDriver: chrome on WINDOWS (05cf60f56f306446a9e1511de925c878)] -> css selector: button#loginBtn]
22:47:30.930 [TestNG-test=UnDosTres Payment Detail Page-3] ERROR org.UnDosTres.pages.PaymentDetailPage - Waiting for invisibility of the pop up and naviagtion to payment done page
22:47:35.868 [TestNG-test=UnDosTres Payment Detail Page-2] ERROR org.UnDosTres.pages.PaymentDetailPage - Pop Up Is Still Visbile Unable to check if recharge is successfull 
org.openqa.selenium.NoSuchFrameException: Unable to locate frame: 1
Build info: version: '3.141.59', revision: 'e82be7d358', time: '2018-11-14T08:17:03'
System info: host: 'LAPTOP-S4EEHFLF', ip: '192.168.1.6', os.name: 'Windows 10', os.arch: 'amd64', os.version: '10.0', java.version: '1.8.0_261'
Driver info: org.openqa.selenium.firefox.FirefoxDriver
Capabilities {acceptInsecureCerts: true, browserName: firefox, browserVersion: 81.0, javascriptEnabled: true, moz:accessibilityChecks: false, moz:buildID: 20200917005511, moz:geckodriverVersion: 0.27.0, moz:headless: false, moz:processID: 41368, moz:profile: C:\Users\Sanket\AppData\Loc..., moz:shutdownTimeout: 60000, moz:useNonSpecCompliantPointerOrigin: false, moz:webdriverClick: true, pageLoadStrategy: normal, platform: WINDOWS, platformName: WINDOWS, platformVersion: 10.0, rotatable: false, setWindowRect: true, strictFileInteractability: false, timeouts: {implicit: 0, pageLoad: 300000, script: 30000}, unhandledPromptBehavior: dismiss and notify}
Session ID: 50e64ee3-9f2d-478c-b69d-9936ae0b8cbd
	at org.UnDosTres.pages.PaymentDetailPage.fillPopUpAndClickSubmit(PaymentDetailPage.java:165) [classes/:?]
	at org.UnDosTres.test.PaymentDetailPageTest.validatePaymentHasBeenCompletedThroughCard(PaymentDetailPageTest.java:95) [test-classes/:?]
	at sun.reflect.NativeMethodAccessorImpl.invoke0(Native Method) ~[?:1.8.0_261]
	at sun.reflect.NativeMethodAccessorImpl.invoke(NativeMethodAccessorImpl.java:62) ~[?:1.8.0_261]
	at sun.reflect.DelegatingMethodAccessorImpl.invoke(DelegatingMethodAccessorImpl.java:43) ~[?:1.8.0_261]
	at java.lang.reflect.Method.invoke(Method.java:498) ~[?:1.8.0_261]
	at org.testng.internal.MethodInvocationHelper.invokeMethod(MethodInvocationHelper.java:134) [testng-7.1.0.jar:?]
	at org.testng.internal.TestInvoker.invokeMethod(TestInvoker.java:597) [testng-7.1.0.jar:?]
	at org.testng.internal.TestInvoker.invokeTestMethod(TestInvoker.java:173) [testng-7.1.0.jar:?]
	at org.testng.internal.MethodRunner.runInSequence(MethodRunner.java:46) [testng-7.1.0.jar:?]
	at org.testng.internal.TestInvoker$MethodInvocationAgent.invoke(TestInvoker.java:816) [testng-7.1.0.jar:?]
	at org.testng.internal.TestInvoker.invokeTestMethods(TestInvoker.java:146) [testng-7.1.0.jar:?]
	at org.testng.internal.TestMethodWorker.invokeTestMethods(TestMethodWorker.java:146) [testng-7.1.0.jar:?]
	at org.testng.internal.TestMethodWorker.run(TestMethodWorker.java:128) [testng-7.1.0.jar:?]
	at java.util.concurrent.ThreadPoolExecutor.runWorker(ThreadPoolExecutor.java:1149) [?:1.8.0_261]
	at java.util.concurrent.ThreadPoolExecutor$Worker.run(ThreadPoolExecutor.java:624) [?:1.8.0_261]
	at java.lang.Thread.run(Thread.java:748) [?:1.8.0_261]
22:47:35.886 [TestNG-test=UnDosTres Payment Detail Page-2] INFO  UnDosTres - Going to take screenshot for test case->validatePaymentHasBeenCompletedThroughCard
22:47:35.886 [TestNG-test=UnDosTres Payment Detail Page-2] INFO  UnDosTres - Screenshot has been taken
22:47:36.028 [TestNG-test=UnDosTres Payment Detail Page-2] INFO  UnDosTres - Screenshot has been stored in screenshot folder
22:47:50.476 [TestNG-test=UnDosTres Payment Detail Page-1] ERROR org.UnDosTres.pages.PaymentDetailPage - Pop Up Is Still Visbile Unable to check if recharge is successfull 
org.openqa.selenium.TimeoutException: Expected condition failed: waiting for element to no longer be visible: By.cssSelector: img.fbloginButton (tried for 20 second(s) with 2000 milliseconds interval)
Build info: version: '3.141.59', revision: 'e82be7d358', time: '2018-11-14T08:17:03'
System info: host: 'LAPTOP-S4EEHFLF', ip: '192.168.1.6', os.name: 'Windows 10', os.arch: 'amd64', os.version: '10.0', java.version: '1.8.0_261'
Driver info: driver.version: unknown
	at org.UnDosTres.pages.PaymentDetailPage.fillPopUpAndClickSubmit(PaymentDetailPage.java:165) [classes/:?]
	at org.UnDosTres.test.PaymentDetailPageTest.validatePaymentHasBeenCompletedThroughCard(PaymentDetailPageTest.java:95) [test-classes/:?]
	at sun.reflect.NativeMethodAccessorImpl.invoke0(Native Method) ~[?:1.8.0_261]
	at sun.reflect.NativeMethodAccessorImpl.invoke(NativeMethodAccessorImpl.java:62) ~[?:1.8.0_261]
	at sun.reflect.DelegatingMethodAccessorImpl.invoke(DelegatingMethodAccessorImpl.java:43) ~[?:1.8.0_261]
	at java.lang.reflect.Method.invoke(Method.java:498) ~[?:1.8.0_261]
	at org.testng.internal.MethodInvocationHelper.invokeMethod(MethodInvocationHelper.java:134) [testng-7.1.0.jar:?]
	at org.testng.internal.TestInvoker.invokeMethod(TestInvoker.java:597) [testng-7.1.0.jar:?]
	at org.testng.internal.TestInvoker.invokeTestMethod(TestInvoker.java:173) [testng-7.1.0.jar:?]
	at org.testng.internal.MethodRunner.runInSequence(MethodRunner.java:46) [testng-7.1.0.jar:?]
	at org.testng.internal.TestInvoker$MethodInvocationAgent.invoke(TestInvoker.java:816) [testng-7.1.0.jar:?]
	at org.testng.internal.TestInvoker.invokeTestMethods(TestInvoker.java:146) [testng-7.1.0.jar:?]
	at org.testng.internal.TestMethodWorker.invokeTestMethods(TestMethodWorker.java:146) [testng-7.1.0.jar:?]
	at org.testng.internal.TestMethodWorker.run(TestMethodWorker.java:128) [testng-7.1.0.jar:?]
	at java.util.concurrent.ThreadPoolExecutor.runWorker(ThreadPoolExecutor.java:1149) [?:1.8.0_261]
	at java.util.concurrent.ThreadPoolExecutor$Worker.run(ThreadPoolExecutor.java:624) [?:1.8.0_261]
	at java.lang.Thread.run(Thread.java:748) [?:1.8.0_261]
22:47:50.478 [TestNG-test=UnDosTres Payment Detail Page-1] INFO  UnDosTres - Going to take screenshot for test case->validatePaymentHasBeenCompletedThroughCard
22:47:50.478 [TestNG-test=UnDosTres Payment Detail Page-1] INFO  UnDosTres - Screenshot has been taken
22:47:50.842 [TestNG-test=UnDosTres Payment Detail Page-1] INFO  UnDosTres - Screenshot has been stored in screenshot folder
22:47:51.178 [TestNG-test=UnDosTres Payment Detail Page-3] ERROR org.UnDosTres.pages.PaymentDetailPage - Pop Up Is Still Visbile Unable to check if recharge is successfull 
org.openqa.selenium.TimeoutException: Expected condition failed: waiting for element to no longer be visible: By.cssSelector: img.fbloginButton (tried for 20 second(s) with 2000 milliseconds interval)
Build info: version: '3.141.59', revision: 'e82be7d358', time: '2018-11-14T08:17:03'
System info: host: 'LAPTOP-S4EEHFLF', ip: '192.168.1.6', os.name: 'Windows 10', os.arch: 'amd64', os.version: '10.0', java.version: '1.8.0_261'
Driver info: driver.version: unknown
	at org.UnDosTres.pages.PaymentDetailPage.fillPopUpAndClickSubmit(PaymentDetailPage.java:165) [classes/:?]
	at org.UnDosTres.test.PaymentDetailPageTest.validatePaymentHasBeenCompletedThroughCard(PaymentDetailPageTest.java:95) [test-classes/:?]
	at sun.reflect.NativeMethodAccessorImpl.invoke0(Native Method) ~[?:1.8.0_261]
	at sun.reflect.NativeMethodAccessorImpl.invoke(NativeMethodAccessorImpl.java:62) ~[?:1.8.0_261]
	at sun.reflect.DelegatingMethodAccessorImpl.invoke(DelegatingMethodAccessorImpl.java:43) ~[?:1.8.0_261]
	at java.lang.reflect.Method.invoke(Method.java:498) ~[?:1.8.0_261]
	at org.testng.internal.MethodInvocationHelper.invokeMethod(MethodInvocationHelper.java:134) [testng-7.1.0.jar:?]
	at org.testng.internal.TestInvoker.invokeMethod(TestInvoker.java:597) [testng-7.1.0.jar:?]
	at org.testng.internal.TestInvoker.invokeTestMethod(TestInvoker.java:173) [testng-7.1.0.jar:?]
	at org.testng.internal.MethodRunner.runInSequence(MethodRunner.java:46) [testng-7.1.0.jar:?]
	at org.testng.internal.TestInvoker$MethodInvocationAgent.invoke(TestInvoker.java:816) [testng-7.1.0.jar:?]
	at org.testng.internal.TestInvoker.invokeTestMethods(TestInvoker.java:146) [testng-7.1.0.jar:?]
	at org.testng.internal.TestMethodWorker.invokeTestMethods(TestMethodWorker.java:146) [testng-7.1.0.jar:?]
	at org.testng.internal.TestMethodWorker.run(TestMethodWorker.java:128) [testng-7.1.0.jar:?]
	at java.util.concurrent.ThreadPoolExecutor.runWorker(ThreadPoolExecutor.java:1149) [?:1.8.0_261]
	at java.util.concurrent.ThreadPoolExecutor$Worker.run(ThreadPoolExecutor.java:624) [?:1.8.0_261]
	at java.lang.Thread.run(Thread.java:748) [?:1.8.0_261]
22:47:51.179 [TestNG-test=UnDosTres Payment Detail Page-3] INFO  UnDosTres - Going to take screenshot for test case->validatePaymentHasBeenCompletedThroughCard
22:47:51.179 [TestNG-test=UnDosTres Payment Detail Page-3] INFO  UnDosTres - Screenshot has been taken
22:47:51.514 [TestNG-test=UnDosTres Payment Detail Page-3] INFO  UnDosTres - Screenshot has been stored in screenshot folder
