<?xml version="1.0" encoding="UTF-8"?>
<!-- Generated by org.testng.reporters.JUnitXMLReporter -->
<testsuite hostname="LAPTOP-S4EEHFLF" ignored="0" name="UnDosTres HomePage" tests="3" failures="3" timestamp="2020-10-06T13:41:53 IST" time="195.376" errors="0">
  <testcase name="validatePaymentHasBeenCompletedThroughCard" time="23.878" classname="org.UnDosTres.test.PaymentDetailPageTest">
    <failure type="java.lang.AssertionError" message="Unable to submit recharge as Pop Up Is not getting disappear expected [true] but found [false]">
      <![CDATA[java.lang.AssertionError: Unable to submit recharge as Pop Up Is not getting disappear expected [true] but found [false]
at org.UnDosTres.test.PaymentDetailPageTest.validatePaymentHasBeenCompletedThroughCard(PaymentDetailPageTest.java:95)
at java.util.ArrayList.forEach(ArrayList.java:1259)
... Removed 34 stack frames]]>
    </failure>
  </testcase> <!-- validatePaymentHasBeenCompletedThroughCard -->
  <testcase name="validatePaymentHasBeenCompletedThroughCard" time="11.539" classname="org.UnDosTres.test.PaymentDetailPageTest">
    <failure type="java.lang.AssertionError" message="Unable to submit recharge as Pop Up Is not getting disappear expected [true] but found [false]">
      <![CDATA[java.lang.AssertionError: Unable to submit recharge as Pop Up Is not getting disappear expected [true] but found [false]
at org.UnDosTres.test.PaymentDetailPageTest.validatePaymentHasBeenCompletedThroughCard(PaymentDetailPageTest.java:95)
at java.util.ArrayList.forEach(ArrayList.java:1259)
... Removed 34 stack frames]]>
    </failure>
  </testcase> <!-- validatePaymentHasBeenCompletedThroughCard -->
  <testcase name="validatePaymentHasBeenCompletedThroughCard" time="24.426" classname="org.UnDosTres.test.PaymentDetailPageTest">
    <failure type="java.lang.AssertionError" message="Unable to submit recharge as Pop Up Is not getting disappear expected [true] but found [false]">
      <![CDATA[java.lang.AssertionError: Unable to submit recharge as Pop Up Is not getting disappear expected [true] but found [false]
at org.UnDosTres.test.PaymentDetailPageTest.validatePaymentHasBeenCompletedThroughCard(PaymentDetailPageTest.java:95)
at java.util.ArrayList.forEach(ArrayList.java:1259)
... Removed 34 stack frames]]>
    </failure>
  </testcase> <!-- validatePaymentHasBeenCompletedThroughCard -->
</testsuite> <!-- UnDosTres HomePage -->
